YCSB Client 0.1
Command line: -db com.yahoo.ycsb.db.RethinkDBClient -P /root/YCSB/workloads/workloada -p operationcount=6250000 -p recordcount=25000000 -p rethinkdb.host=104.130.19.228,104.130.19.225,104.130.19.223,104.130.19.226,104.130.19.221,104.130.19.22,104.130.19.222,104.130.21.31 -p rethinkdb.port=28015 -p rethinkdb.durability=hard -threads 128 -t
[OVERALL], RunTime(ms), 741232.0
[OVERALL], Throughput(ops/sec), 8431.886372957455
[READ], Operations, 3125378
[READ], AverageLatency(us), 1323.8378852094052
[READ], MinLatency(us), 225
[READ], MaxLatency(us), 369083
[READ], 95thPercentileLatency(ms), 3
[READ], 99thPercentileLatency(ms), 13
[READ], Return=0, 3125374
[READ], Return=1, 4
[READ], 0, 2120265
[READ], 1, 623915
[READ], 2, 166181
[READ], 3, 72127
[READ], 4, 38854
[READ], 5, 23088
[READ], 6, 14912
[READ], 7, 10101
[READ], 8, 7492
[READ], 9, 5677
[READ], 10, 4245
[READ], 11, 3691
[READ], 12, 3187
[READ], 13, 2979
[READ], 14, 2745
[READ], 15, 2565
[READ], 16, 2380
[READ], 17, 2124
[READ], 18, 2105
[READ], 19, 1963
[READ], 20, 2015
[READ], 21, 1724
[READ], 22, 1561
[READ], 23, 1296
[READ], 24, 1095
[READ], 25, 991
[READ], 26, 829
[READ], 27, 731
[READ], 28, 707
[READ], 29, 625
[READ], 30, 458
[READ], 31, 367
[READ], 32, 338
[READ], 33, 329
[READ], 34, 294
[READ], 35, 255
[READ], 36, 163
[READ], 37, 137
[READ], 38, 115
[READ], 39, 110
[READ], 40, 89
[READ], 41, 63
[READ], 42, 57
[READ], 43, 43
[READ], 44, 42
[READ], 45, 33
[READ], 46, 19
[READ], 47, 25
[READ], 48, 34
[READ], 49, 22
[READ], 50, 17
[READ], 51, 20
[READ], 52, 5
[READ], 53, 14
[READ], 54, 12
[READ], 55, 10
[READ], 56, 3
[READ], 57, 5
[READ], 58, 8
[READ], 59, 13
[READ], 60, 5
[READ], 61, 4
[READ], 62, 4
[READ], 63, 3
[READ], 64, 3
[READ], 65, 2
[READ], 66, 3
[READ], 67, 2
[READ], 68, 2
[READ], 69, 0
[READ], 70, 5
[READ], 71, 3
[READ], 72, 1
[READ], 73, 1
[READ], 74, 2
[READ], 75, 2
[READ], 76, 1
[READ], 77, 2
[READ], 78, 0
[READ], 79, 4
[READ], 80, 1
[READ], 81, 0
[READ], 82, 0
[READ], 83, 0
[READ], 84, 0
[READ], 85, 0
[READ], 86, 1
[READ], 87, 1
[READ], 88, 0
[READ], 89, 1
[READ], 90, 1
[READ], 91, 1
[READ], 92, 0
[READ], 93, 0
[READ], 94, 0
[READ], 95, 2
[READ], 96, 0
[READ], 97, 1
[READ], 98, 0
[READ], 99, 0
[READ], 100, 1
[READ], 101, 0
[READ], 102, 0
[READ], 103, 0
[READ], 104, 1
[READ], 105, 1
[READ], 106, 0
[READ], 107, 0
[READ], 108, 1
[READ], 109, 1
[READ], 110, 0
[READ], 111, 0
[READ], 112, 0
[READ], 113, 0
[READ], 114, 0
[READ], 115, 1
[READ], 116, 1
[READ], 117, 1
[READ], 118, 0
[READ], 119, 1
[READ], 120, 0
[READ], 121, 1
[READ], 122, 1
[READ], 123, 0
[READ], 124, 0
[READ], 125, 0
[READ], 126, 0
[READ], 127, 0
[READ], 128, 0
[READ], 129, 1
[READ], 130, 0
[READ], 131, 1
[READ], 132, 1
[READ], 133, 0
[READ], 134, 0
[READ], 135, 1
[READ], 136, 0
[READ], 137, 2
[READ], 138, 0
[READ], 139, 1
[READ], 140, 2
[READ], 141, 0
[READ], 142, 0
[READ], 143, 0
[READ], 144, 2
[READ], 145, 0
[READ], 146, 1
[READ], 147, 0
[READ], 148, 0
[READ], 149, 1
[READ], 150, 1
[READ], 151, 0
[READ], 152, 0
[READ], 153, 1
[READ], 154, 0
[READ], 155, 0
[READ], 156, 0
[READ], 157, 1
[READ], 158, 0
[READ], 159, 0
[READ], 160, 0
[READ], 161, 0
[READ], 162, 1
[READ], 163, 0
[READ], 164, 0
[READ], 165, 0
[READ], 166, 0
[READ], 167, 0
[READ], 168, 0
[READ], 169, 0
[READ], 170, 0
[READ], 171, 0
[READ], 172, 0
[READ], 173, 0
[READ], 174, 1
[READ], 175, 1
[READ], 176, 1
[READ], 177, 0
[READ], 178, 0
[READ], 179, 0
[READ], 180, 1
[READ], 181, 0
[READ], 182, 0
[READ], 183, 0
[READ], 184, 0
[READ], 185, 0
[READ], 186, 0
[READ], 187, 0
[READ], 188, 0
[READ], 189, 0
[READ], 190, 0
[READ], 191, 0
[READ], 192, 0
[READ], 193, 0
[READ], 194, 0
[READ], 195, 0
[READ], 196, 0
[READ], 197, 0
[READ], 198, 0
[READ], 199, 1
[READ], 200, 0
[READ], 201, 1
[READ], 202, 1
[READ], 203, 0
[READ], 204, 0
[READ], 205, 0
[READ], 206, 1
[READ], 207, 0
[READ], 208, 1
[READ], 209, 0
[READ], 210, 0
[READ], 211, 0
[READ], 212, 0
[READ], 213, 0
[READ], 214, 0
[READ], 215, 0
[READ], 216, 0
[READ], 217, 0
[READ], 218, 0
[READ], 219, 1
[READ], 220, 0
[READ], 221, 0
[READ], 222, 0
[READ], 223, 0
[READ], 224, 0
[READ], 225, 0
[READ], 226, 0
[READ], 227, 0
[READ], 228, 0
[READ], 229, 0
[READ], 230, 0
[READ], 231, 0
[READ], 232, 0
[READ], 233, 0
[READ], 234, 0
[READ], 235, 0
[READ], 236, 1
[READ], 237, 0
[READ], 238, 0
[READ], 239, 0
[READ], 240, 0
[READ], 241, 0
[READ], 242, 0
[READ], 243, 0
[READ], 244, 0
[READ], 245, 0
[READ], 246, 0
[READ], 247, 0
[READ], 248, 0
[READ], 249, 1
[READ], 250, 0
[READ], 251, 0
[READ], 252, 0
[READ], 253, 0
[READ], 254, 0
[READ], 255, 0
[READ], 256, 1
[READ], 257, 0
[READ], 258, 0
[READ], 259, 0
[READ], 260, 1
[READ], 261, 0
[READ], 262, 0
[READ], 263, 1
[READ], 264, 0
[READ], 265, 0
[READ], 266, 0
[READ], 267, 0
[READ], 268, 0
[READ], 269, 0
[READ], 270, 0
[READ], 271, 1
[READ], 272, 0
[READ], 273, 0
[READ], 274, 0
[READ], 275, 0
[READ], 276, 0
[READ], 277, 0
[READ], 278, 0
[READ], 279, 0
[READ], 280, 0
[READ], 281, 0
[READ], 282, 0
[READ], 283, 0
[READ], 284, 0
[READ], 285, 0
[READ], 286, 0
[READ], 287, 0
[READ], 288, 0
[READ], 289, 0
[READ], 290, 0
[READ], 291, 1
[READ], 292, 0
[READ], 293, 0
[READ], 294, 0
[READ], 295, 0
[READ], 296, 0
[READ], 297, 0
[READ], 298, 0
[READ], 299, 0
[READ], 300, 0
[READ], 301, 0
[READ], 302, 0
[READ], 303, 0
[READ], 304, 0
[READ], 305, 1
[READ], 306, 0
[READ], 307, 0
[READ], 308, 0
[READ], 309, 0
[READ], 310, 0
[READ], 311, 0
[READ], 312, 0
[READ], 313, 0
[READ], 314, 0
[READ], 315, 0
[READ], 316, 0
[READ], 317, 0
[READ], 318, 0
[READ], 319, 0
[READ], 320, 0
[READ], 321, 0
[READ], 322, 0
[READ], 323, 0
[READ], 324, 0
[READ], 325, 0
[READ], 326, 0
[READ], 327, 0
[READ], 328, 0
[READ], 329, 0
[READ], 330, 0
[READ], 331, 1
[READ], 332, 1
[READ], 333, 0
[READ], 334, 0
[READ], 335, 0
[READ], 336, 0
[READ], 337, 0
[READ], 338, 0
[READ], 339, 0
[READ], 340, 0
[READ], 341, 0
[READ], 342, 0
[READ], 343, 0
[READ], 344, 0
[READ], 345, 0
[READ], 346, 0
[READ], 347, 0
[READ], 348, 0
[READ], 349, 0
[READ], 350, 0
[READ], 351, 0
[READ], 352, 0
[READ], 353, 0
[READ], 354, 0
[READ], 355, 0
[READ], 356, 0
[READ], 357, 0
[READ], 358, 0
[READ], 359, 1
[READ], 360, 0
[READ], 361, 0
[READ], 362, 0
[READ], 363, 0
[READ], 364, 0
[READ], 365, 0
[READ], 366, 0
[READ], 367, 0
[READ], 368, 0
[READ], 369, 1
[READ], 370, 0
[READ], 371, 0
[READ], 372, 0
[READ], 373, 0
[READ], 374, 0
[READ], 375, 0
[READ], 376, 0
[READ], 377, 0
[READ], 378, 0
[READ], 379, 0
[READ], 380, 0
[READ], 381, 0
[READ], 382, 0
[READ], 383, 0
[READ], 384, 0
[READ], 385, 0
[READ], 386, 0
[READ], 387, 0
[READ], 388, 0
[READ], 389, 0
[READ], 390, 0
[READ], 391, 0
[READ], 392, 0
[READ], 393, 0
[READ], 394, 0
[READ], 395, 0
[READ], 396, 0
[READ], 397, 0
[READ], 398, 0
[READ], 399, 0
[READ], 400, 0
[READ], 401, 0
[READ], 402, 0
[READ], 403, 0
[READ], 404, 0
[READ], 405, 0
[READ], 406, 0
[READ], 407, 0
[READ], 408, 0
[READ], 409, 0
[READ], 410, 0
[READ], 411, 0
[READ], 412, 0
[READ], 413, 0
[READ], 414, 0
[READ], 415, 0
[READ], 416, 0
[READ], 417, 0
[READ], 418, 0
[READ], 419, 0
[READ], 420, 0
[READ], 421, 0
[READ], 422, 0
[READ], 423, 0
[READ], 424, 0
[READ], 425, 0
[READ], 426, 0
[READ], 427, 0
[READ], 428, 0
[READ], 429, 0
[READ], 430, 0
[READ], 431, 0
[READ], 432, 0
[READ], 433, 0
[READ], 434, 0
[READ], 435, 0
[READ], 436, 0
[READ], 437, 0
[READ], 438, 0
[READ], 439, 0
[READ], 440, 0
[READ], 441, 0
[READ], 442, 0
[READ], 443, 0
[READ], 444, 0
[READ], 445, 0
[READ], 446, 0
[READ], 447, 0
[READ], 448, 0
[READ], 449, 0
[READ], 450, 0
[READ], 451, 0
[READ], 452, 0
[READ], 453, 0
[READ], 454, 0
[READ], 455, 0
[READ], 456, 0
[READ], 457, 0
[READ], 458, 0
[READ], 459, 0
[READ], 460, 0
[READ], 461, 0
[READ], 462, 0
[READ], 463, 0
[READ], 464, 0
[READ], 465, 0
[READ], 466, 0
[READ], 467, 0
[READ], 468, 0
[READ], 469, 0
[READ], 470, 0
[READ], 471, 0
[READ], 472, 0
[READ], 473, 0
[READ], 474, 0
[READ], 475, 0
[READ], 476, 0
[READ], 477, 0
[READ], 478, 0
[READ], 479, 0
[READ], 480, 0
[READ], 481, 0
[READ], 482, 0
[READ], 483, 0
[READ], 484, 0
[READ], 485, 0
[READ], 486, 0
[READ], 487, 0
[READ], 488, 0
[READ], 489, 0
[READ], 490, 0
[READ], 491, 0
[READ], 492, 0
[READ], 493, 0
[READ], 494, 0
[READ], 495, 0
[READ], 496, 0
[READ], 497, 0
[READ], 498, 0
[READ], 499, 0
[READ], 500, 0
[READ], 501, 0
[READ], 502, 0
[READ], 503, 0
[READ], 504, 0
[READ], 505, 0
[READ], 506, 0
[READ], 507, 0
[READ], 508, 0
[READ], 509, 0
[READ], 510, 0
[READ], 511, 0
[READ], 512, 0
[READ], 513, 0
[READ], 514, 0
[READ], 515, 0
[READ], 516, 0
[READ], 517, 0
[READ], 518, 0
[READ], 519, 0
[READ], 520, 0
[READ], 521, 0
[READ], 522, 0
[READ], 523, 0
[READ], 524, 0
[READ], 525, 0
[READ], 526, 0
[READ], 527, 0
[READ], 528, 0
[READ], 529, 0
[READ], 530, 0
[READ], 531, 0
[READ], 532, 0
[READ], 533, 0
[READ], 534, 0
[READ], 535, 0
[READ], 536, 0
[READ], 537, 0
[READ], 538, 0
[READ], 539, 0
[READ], 540, 0
[READ], 541, 0
[READ], 542, 0
[READ], 543, 0
[READ], 544, 0
[READ], 545, 0
[READ], 546, 0
[READ], 547, 0
[READ], 548, 0
[READ], 549, 0
[READ], 550, 0
[READ], 551, 0
[READ], 552, 0
[READ], 553, 0
[READ], 554, 0
[READ], 555, 0
[READ], 556, 0
[READ], 557, 0
[READ], 558, 0
[READ], 559, 0
[READ], 560, 0
[READ], 561, 0
[READ], 562, 0
[READ], 563, 0
[READ], 564, 0
[READ], 565, 0
[READ], 566, 0
[READ], 567, 0
[READ], 568, 0
[READ], 569, 0
[READ], 570, 0
[READ], 571, 0
[READ], 572, 0
[READ], 573, 0
[READ], 574, 0
[READ], 575, 0
[READ], 576, 0
[READ], 577, 0
[READ], 578, 0
[READ], 579, 0
[READ], 580, 0
[READ], 581, 0
[READ], 582, 0
[READ], 583, 0
[READ], 584, 0
[READ], 585, 0
[READ], 586, 0
[READ], 587, 0
[READ], 588, 0
[READ], 589, 0
[READ], 590, 0
[READ], 591, 0
[READ], 592, 0
[READ], 593, 0
[READ], 594, 0
[READ], 595, 0
[READ], 596, 0
[READ], 597, 0
[READ], 598, 0
[READ], 599, 0
[READ], 600, 0
[READ], 601, 0
[READ], 602, 0
[READ], 603, 0
[READ], 604, 0
[READ], 605, 0
[READ], 606, 0
[READ], 607, 0
[READ], 608, 0
[READ], 609, 0
[READ], 610, 0
[READ], 611, 0
[READ], 612, 0
[READ], 613, 0
[READ], 614, 0
[READ], 615, 0
[READ], 616, 0
[READ], 617, 0
[READ], 618, 0
[READ], 619, 0
[READ], 620, 0
[READ], 621, 0
[READ], 622, 0
[READ], 623, 0
[READ], 624, 0
[READ], 625, 0
[READ], 626, 0
[READ], 627, 0
[READ], 628, 0
[READ], 629, 0
[READ], 630, 0
[READ], 631, 0
[READ], 632, 0
[READ], 633, 0
[READ], 634, 0
[READ], 635, 0
[READ], 636, 0
[READ], 637, 0
[READ], 638, 0
[READ], 639, 0
[READ], 640, 0
[READ], 641, 0
[READ], 642, 0
[READ], 643, 0
[READ], 644, 0
[READ], 645, 0
[READ], 646, 0
[READ], 647, 0
[READ], 648, 0
[READ], 649, 0
[READ], 650, 0
[READ], 651, 0
[READ], 652, 0
[READ], 653, 0
[READ], 654, 0
[READ], 655, 0
[READ], 656, 0
[READ], 657, 0
[READ], 658, 0
[READ], 659, 0
[READ], 660, 0
[READ], 661, 0
[READ], 662, 0
[READ], 663, 0
[READ], 664, 0
[READ], 665, 0
[READ], 666, 0
[READ], 667, 0
[READ], 668, 0
[READ], 669, 0
[READ], 670, 0
[READ], 671, 0
[READ], 672, 0
[READ], 673, 0
[READ], 674, 0
[READ], 675, 0
[READ], 676, 0
[READ], 677, 0
[READ], 678, 0
[READ], 679, 0
[READ], 680, 0
[READ], 681, 0
[READ], 682, 0
[READ], 683, 0
[READ], 684, 0
[READ], 685, 0
[READ], 686, 0
[READ], 687, 0
[READ], 688, 0
[READ], 689, 0
[READ], 690, 0
[READ], 691, 0
[READ], 692, 0
[READ], 693, 0
[READ], 694, 0
[READ], 695, 0
[READ], 696, 0
[READ], 697, 0
[READ], 698, 0
[READ], 699, 0
[READ], 700, 0
[READ], 701, 0
[READ], 702, 0
[READ], 703, 0
[READ], 704, 0
[READ], 705, 0
[READ], 706, 0
[READ], 707, 0
[READ], 708, 0
[READ], 709, 0
[READ], 710, 0
[READ], 711, 0
[READ], 712, 0
[READ], 713, 0
[READ], 714, 0
[READ], 715, 0
[READ], 716, 0
[READ], 717, 0
[READ], 718, 0
[READ], 719, 0
[READ], 720, 0
[READ], 721, 0
[READ], 722, 0
[READ], 723, 0
[READ], 724, 0
[READ], 725, 0
[READ], 726, 0
[READ], 727, 0
[READ], 728, 0
[READ], 729, 0
[READ], 730, 0
[READ], 731, 0
[READ], 732, 0
[READ], 733, 0
[READ], 734, 0
[READ], 735, 0
[READ], 736, 0
[READ], 737, 0
[READ], 738, 0
[READ], 739, 0
[READ], 740, 0
[READ], 741, 0
[READ], 742, 0
[READ], 743, 0
[READ], 744, 0
[READ], 745, 0
[READ], 746, 0
[READ], 747, 0
[READ], 748, 0
[READ], 749, 0
[READ], 750, 0
[READ], 751, 0
[READ], 752, 0
[READ], 753, 0
[READ], 754, 0
[READ], 755, 0
[READ], 756, 0
[READ], 757, 0
[READ], 758, 0
[READ], 759, 0
[READ], 760, 0
[READ], 761, 0
[READ], 762, 0
[READ], 763, 0
[READ], 764, 0
[READ], 765, 0
[READ], 766, 0
[READ], 767, 0
[READ], 768, 0
[READ], 769, 0
[READ], 770, 0
[READ], 771, 0
[READ], 772, 0
[READ], 773, 0
[READ], 774, 0
[READ], 775, 0
[READ], 776, 0
[READ], 777, 0
[READ], 778, 0
[READ], 779, 0
[READ], 780, 0
[READ], 781, 0
[READ], 782, 0
[READ], 783, 0
[READ], 784, 0
[READ], 785, 0
[READ], 786, 0
[READ], 787, 0
[READ], 788, 0
[READ], 789, 0
[READ], 790, 0
[READ], 791, 0
[READ], 792, 0
[READ], 793, 0
[READ], 794, 0
[READ], 795, 0
[READ], 796, 0
[READ], 797, 0
[READ], 798, 0
[READ], 799, 0
[READ], 800, 0
[READ], 801, 0
[READ], 802, 0
[READ], 803, 0
[READ], 804, 0
[READ], 805, 0
[READ], 806, 0
[READ], 807, 0
[READ], 808, 0
[READ], 809, 0
[READ], 810, 0
[READ], 811, 0
[READ], 812, 0
[READ], 813, 0
[READ], 814, 0
[READ], 815, 0
[READ], 816, 0
[READ], 817, 0
[READ], 818, 0
[READ], 819, 0
[READ], 820, 0
[READ], 821, 0
[READ], 822, 0
[READ], 823, 0
[READ], 824, 0
[READ], 825, 0
[READ], 826, 0
[READ], 827, 0
[READ], 828, 0
[READ], 829, 0
[READ], 830, 0
[READ], 831, 0
[READ], 832, 0
[READ], 833, 0
[READ], 834, 0
[READ], 835, 0
[READ], 836, 0
[READ], 837, 0
[READ], 838, 0
[READ], 839, 0
[READ], 840, 0
[READ], 841, 0
[READ], 842, 0
[READ], 843, 0
[READ], 844, 0
[READ], 845, 0
[READ], 846, 0
[READ], 847, 0
[READ], 848, 0
[READ], 849, 0
[READ], 850, 0
[READ], 851, 0
[READ], 852, 0
[READ], 853, 0
[READ], 854, 0
[READ], 855, 0
[READ], 856, 0
[READ], 857, 0
[READ], 858, 0
[READ], 859, 0
[READ], 860, 0
[READ], 861, 0
[READ], 862, 0
[READ], 863, 0
[READ], 864, 0
[READ], 865, 0
[READ], 866, 0
[READ], 867, 0
[READ], 868, 0
[READ], 869, 0
[READ], 870, 0
[READ], 871, 0
[READ], 872, 0
[READ], 873, 0
[READ], 874, 0
[READ], 875, 0
[READ], 876, 0
[READ], 877, 0
[READ], 878, 0
[READ], 879, 0
[READ], 880, 0
[READ], 881, 0
[READ], 882, 0
[READ], 883, 0
[READ], 884, 0
[READ], 885, 0
[READ], 886, 0
[READ], 887, 0
[READ], 888, 0
[READ], 889, 0
[READ], 890, 0
[READ], 891, 0
[READ], 892, 0
[READ], 893, 0
[READ], 894, 0
[READ], 895, 0
[READ], 896, 0
[READ], 897, 0
[READ], 898, 0
[READ], 899, 0
[READ], 900, 0
[READ], 901, 0
[READ], 902, 0
[READ], 903, 0
[READ], 904, 0
[READ], 905, 0
[READ], 906, 0
[READ], 907, 0
[READ], 908, 0
[READ], 909, 0
[READ], 910, 0
[READ], 911, 0
[READ], 912, 0
[READ], 913, 0
[READ], 914, 0
[READ], 915, 0
[READ], 916, 0
[READ], 917, 0
[READ], 918, 0
[READ], 919, 0
[READ], 920, 0
[READ], 921, 0
[READ], 922, 0
[READ], 923, 0
[READ], 924, 0
[READ], 925, 0
[READ], 926, 0
[READ], 927, 0
[READ], 928, 0
[READ], 929, 0
[READ], 930, 0
[READ], 931, 0
[READ], 932, 0
[READ], 933, 0
[READ], 934, 0
[READ], 935, 0
[READ], 936, 0
[READ], 937, 0
[READ], 938, 0
[READ], 939, 0
[READ], 940, 0
[READ], 941, 0
[READ], 942, 0
[READ], 943, 0
[READ], 944, 0
[READ], 945, 0
[READ], 946, 0
[READ], 947, 0
[READ], 948, 0
[READ], 949, 0
[READ], 950, 0
[READ], 951, 0
[READ], 952, 0
[READ], 953, 0
[READ], 954, 0
[READ], 955, 0
[READ], 956, 0
[READ], 957, 0
[READ], 958, 0
[READ], 959, 0
[READ], 960, 0
[READ], 961, 0
[READ], 962, 0
[READ], 963, 0
[READ], 964, 0
[READ], 965, 0
[READ], 966, 0
[READ], 967, 0
[READ], 968, 0
[READ], 969, 0
[READ], 970, 0
[READ], 971, 0
[READ], 972, 0
[READ], 973, 0
[READ], 974, 0
[READ], 975, 0
[READ], 976, 0
[READ], 977, 0
[READ], 978, 0
[READ], 979, 0
[READ], 980, 0
[READ], 981, 0
[READ], 982, 0
[READ], 983, 0
[READ], 984, 0
[READ], 985, 0
[READ], 986, 0
[READ], 987, 0
[READ], 988, 0
[READ], 989, 0
[READ], 990, 0
[READ], 991, 0
[READ], 992, 0
[READ], 993, 0
[READ], 994, 0
[READ], 995, 0
[READ], 996, 0
[READ], 997, 0
[READ], 998, 0
[READ], 999, 0
[READ], >1000, 0
[CLEANUP], Operations, 128
[CLEANUP], AverageLatency(us), 188.7265625
[CLEANUP], MinLatency(us), 116
[CLEANUP], MaxLatency(us), 1615
[CLEANUP], 95thPercentileLatency(ms), 0
[CLEANUP], 99thPercentileLatency(ms), 1
[CLEANUP], 0, 126
[CLEANUP], 1, 2
[CLEANUP], 2, 0
[CLEANUP], 3, 0
[CLEANUP], 4, 0
[CLEANUP], 5, 0
[CLEANUP], 6, 0
[CLEANUP], 7, 0
[CLEANUP], 8, 0
[CLEANUP], 9, 0
[CLEANUP], 10, 0
[CLEANUP], 11, 0
[CLEANUP], 12, 0
[CLEANUP], 13, 0
[CLEANUP], 14, 0
[CLEANUP], 15, 0
[CLEANUP], 16, 0
[CLEANUP], 17, 0
[CLEANUP], 18, 0
[CLEANUP], 19, 0
[CLEANUP], 20, 0
[CLEANUP], 21, 0
[CLEANUP], 22, 0
[CLEANUP], 23, 0
[CLEANUP], 24, 0
[CLEANUP], 25, 0
[CLEANUP], 26, 0
[CLEANUP], 27, 0
[CLEANUP], 28, 0
[CLEANUP], 29, 0
[CLEANUP], 30, 0
[CLEANUP], 31, 0
[CLEANUP], 32, 0
[CLEANUP], 33, 0
[CLEANUP], 34, 0
[CLEANUP], 35, 0
[CLEANUP], 36, 0
[CLEANUP], 37, 0
[CLEANUP], 38, 0
[CLEANUP], 39, 0
[CLEANUP], 40, 0
[CLEANUP], 41, 0
[CLEANUP], 42, 0
[CLEANUP], 43, 0
[CLEANUP], 44, 0
[CLEANUP], 45, 0
[CLEANUP], 46, 0
[CLEANUP], 47, 0
[CLEANUP], 48, 0
[CLEANUP], 49, 0
[CLEANUP], 50, 0
[CLEANUP], 51, 0
[CLEANUP], 52, 0
[CLEANUP], 53, 0
[CLEANUP], 54, 0
[CLEANUP], 55, 0
[CLEANUP], 56, 0
[CLEANUP], 57, 0
[CLEANUP], 58, 0
[CLEANUP], 59, 0
[CLEANUP], 60, 0
[CLEANUP], 61, 0
[CLEANUP], 62, 0
[CLEANUP], 63, 0
[CLEANUP], 64, 0
[CLEANUP], 65, 0
[CLEANUP], 66, 0
[CLEANUP], 67, 0
[CLEANUP], 68, 0
[CLEANUP], 69, 0
[CLEANUP], 70, 0
[CLEANUP], 71, 0
[CLEANUP], 72, 0
[CLEANUP], 73, 0
[CLEANUP], 74, 0
[CLEANUP], 75, 0
[CLEANUP], 76, 0
[CLEANUP], 77, 0
[CLEANUP], 78, 0
[CLEANUP], 79, 0
[CLEANUP], 80, 0
[CLEANUP], 81, 0
[CLEANUP], 82, 0
[CLEANUP], 83, 0
[CLEANUP], 84, 0
[CLEANUP], 85, 0
[CLEANUP], 86, 0
[CLEANUP], 87, 0
[CLEANUP], 88, 0
[CLEANUP], 89, 0
[CLEANUP], 90, 0
[CLEANUP], 91, 0
[CLEANUP], 92, 0
[CLEANUP], 93, 0
[CLEANUP], 94, 0
[CLEANUP], 95, 0
[CLEANUP], 96, 0
[CLEANUP], 97, 0
[CLEANUP], 98, 0
[CLEANUP], 99, 0
[CLEANUP], 100, 0
[CLEANUP], 101, 0
[CLEANUP], 102, 0
[CLEANUP], 103, 0
[CLEANUP], 104, 0
[CLEANUP], 105, 0
[CLEANUP], 106, 0
[CLEANUP], 107, 0
[CLEANUP], 108, 0
[CLEANUP], 109, 0
[CLEANUP], 110, 0
[CLEANUP], 111, 0
[CLEANUP], 112, 0
[CLEANUP], 113, 0
[CLEANUP], 114, 0
[CLEANUP], 115, 0
[CLEANUP], 116, 0
[CLEANUP], 117, 0
[CLEANUP], 118, 0
[CLEANUP], 119, 0
[CLEANUP], 120, 0
[CLEANUP], 121, 0
[CLEANUP], 122, 0
[CLEANUP], 123, 0
[CLEANUP], 124, 0
[CLEANUP], 125, 0
[CLEANUP], 126, 0
[CLEANUP], 127, 0
[CLEANUP], 128, 0
[CLEANUP], 129, 0
[CLEANUP], 130, 0
[CLEANUP], 131, 0
[CLEANUP], 132, 0
[CLEANUP], 133, 0
[CLEANUP], 134, 0
[CLEANUP], 135, 0
[CLEANUP], 136, 0
[CLEANUP], 137, 0
[CLEANUP], 138, 0
[CLEANUP], 139, 0
[CLEANUP], 140, 0
[CLEANUP], 141, 0
[CLEANUP], 142, 0
[CLEANUP], 143, 0
[CLEANUP], 144, 0
[CLEANUP], 145, 0
[CLEANUP], 146, 0
[CLEANUP], 147, 0
[CLEANUP], 148, 0
[CLEANUP], 149, 0
[CLEANUP], 150, 0
[CLEANUP], 151, 0
[CLEANUP], 152, 0
[CLEANUP], 153, 0
[CLEANUP], 154, 0
[CLEANUP], 155, 0
[CLEANUP], 156, 0
[CLEANUP], 157, 0
[CLEANUP], 158, 0
[CLEANUP], 159, 0
[CLEANUP], 160, 0
[CLEANUP], 161, 0
[CLEANUP], 162, 0
[CLEANUP], 163, 0
[CLEANUP], 164, 0
[CLEANUP], 165, 0
[CLEANUP], 166, 0
[CLEANUP], 167, 0
[CLEANUP], 168, 0
[CLEANUP], 169, 0
[CLEANUP], 170, 0
[CLEANUP], 171, 0
[CLEANUP], 172, 0
[CLEANUP], 173, 0
[CLEANUP], 174, 0
[CLEANUP], 175, 0
[CLEANUP], 176, 0
[CLEANUP], 177, 0
[CLEANUP], 178, 0
[CLEANUP], 179, 0
[CLEANUP], 180, 0
[CLEANUP], 181, 0
[CLEANUP], 182, 0
[CLEANUP], 183, 0
[CLEANUP], 184, 0
[CLEANUP], 185, 0
[CLEANUP], 186, 0
[CLEANUP], 187, 0
[CLEANUP], 188, 0
[CLEANUP], 189, 0
[CLEANUP], 190, 0
[CLEANUP], 191, 0
[CLEANUP], 192, 0
[CLEANUP], 193, 0
[CLEANUP], 194, 0
[CLEANUP], 195, 0
[CLEANUP], 196, 0
[CLEANUP], 197, 0
[CLEANUP], 198, 0
[CLEANUP], 199, 0
[CLEANUP], 200, 0
[CLEANUP], 201, 0
[CLEANUP], 202, 0
[CLEANUP], 203, 0
[CLEANUP], 204, 0
[CLEANUP], 205, 0
[CLEANUP], 206, 0
[CLEANUP], 207, 0
[CLEANUP], 208, 0
[CLEANUP], 209, 0
[CLEANUP], 210, 0
[CLEANUP], 211, 0
[CLEANUP], 212, 0
[CLEANUP], 213, 0
[CLEANUP], 214, 0
[CLEANUP], 215, 0
[CLEANUP], 216, 0
[CLEANUP], 217, 0
[CLEANUP], 218, 0
[CLEANUP], 219, 0
[CLEANUP], 220, 0
[CLEANUP], 221, 0
[CLEANUP], 222, 0
[CLEANUP], 223, 0
[CLEANUP], 224, 0
[CLEANUP], 225, 0
[CLEANUP], 226, 0
[CLEANUP], 227, 0
[CLEANUP], 228, 0
[CLEANUP], 229, 0
[CLEANUP], 230, 0
[CLEANUP], 231, 0
[CLEANUP], 232, 0
[CLEANUP], 233, 0
[CLEANUP], 234, 0
[CLEANUP], 235, 0
[CLEANUP], 236, 0
[CLEANUP], 237, 0
[CLEANUP], 238, 0
[CLEANUP], 239, 0
[CLEANUP], 240, 0
[CLEANUP], 241, 0
[CLEANUP], 242, 0
[CLEANUP], 243, 0
[CLEANUP], 244, 0
[CLEANUP], 245, 0
[CLEANUP], 246, 0
[CLEANUP], 247, 0
[CLEANUP], 248, 0
[CLEANUP], 249, 0
[CLEANUP], 250, 0
[CLEANUP], 251, 0
[CLEANUP], 252, 0
[CLEANUP], 253, 0
[CLEANUP], 254, 0
[CLEANUP], 255, 0
[CLEANUP], 256, 0
[CLEANUP], 257, 0
[CLEANUP], 258, 0
[CLEANUP], 259, 0
[CLEANUP], 260, 0
[CLEANUP], 261, 0
[CLEANUP], 262, 0
[CLEANUP], 263, 0
[CLEANUP], 264, 0
[CLEANUP], 265, 0
[CLEANUP], 266, 0
[CLEANUP], 267, 0
[CLEANUP], 268, 0
[CLEANUP], 269, 0
[CLEANUP], 270, 0
[CLEANUP], 271, 0
[CLEANUP], 272, 0
[CLEANUP], 273, 0
[CLEANUP], 274, 0
[CLEANUP], 275, 0
[CLEANUP], 276, 0
[CLEANUP], 277, 0
[CLEANUP], 278, 0
[CLEANUP], 279, 0
[CLEANUP], 280, 0
[CLEANUP], 281, 0
[CLEANUP], 282, 0
[CLEANUP], 283, 0
[CLEANUP], 284, 0
[CLEANUP], 285, 0
[CLEANUP], 286, 0
[CLEANUP], 287, 0
[CLEANUP], 288, 0
[CLEANUP], 289, 0
[CLEANUP], 290, 0
[CLEANUP], 291, 0
[CLEANUP], 292, 0
[CLEANUP], 293, 0
[CLEANUP], 294, 0
[CLEANUP], 295, 0
[CLEANUP], 296, 0
[CLEANUP], 297, 0
[CLEANUP], 298, 0
[CLEANUP], 299, 0
[CLEANUP], 300, 0
[CLEANUP], 301, 0
[CLEANUP], 302, 0
[CLEANUP], 303, 0
[CLEANUP], 304, 0
[CLEANUP], 305, 0
[CLEANUP], 306, 0
[CLEANUP], 307, 0
[CLEANUP], 308, 0
[CLEANUP], 309, 0
[CLEANUP], 310, 0
[CLEANUP], 311, 0
[CLEANUP], 312, 0
[CLEANUP], 313, 0
[CLEANUP], 314, 0
[CLEANUP], 315, 0
[CLEANUP], 316, 0
[CLEANUP], 317, 0
[CLEANUP], 318, 0
[CLEANUP], 319, 0
[CLEANUP], 320, 0
[CLEANUP], 321, 0
[CLEANUP], 322, 0
[CLEANUP], 323, 0
[CLEANUP], 324, 0
[CLEANUP], 325, 0
[CLEANUP], 326, 0
[CLEANUP], 327, 0
[CLEANUP], 328, 0
[CLEANUP], 329, 0
[CLEANUP], 330, 0
[CLEANUP], 331, 0
[CLEANUP], 332, 0
[CLEANUP], 333, 0
[CLEANUP], 334, 0
[CLEANUP], 335, 0
[CLEANUP], 336, 0
[CLEANUP], 337, 0
[CLEANUP], 338, 0
[CLEANUP], 339, 0
[CLEANUP], 340, 0
[CLEANUP], 341, 0
[CLEANUP], 342, 0
[CLEANUP], 343, 0
[CLEANUP], 344, 0
[CLEANUP], 345, 0
[CLEANUP], 346, 0
[CLEANUP], 347, 0
[CLEANUP], 348, 0
[CLEANUP], 349, 0
[CLEANUP], 350, 0
[CLEANUP], 351, 0
[CLEANUP], 352, 0
[CLEANUP], 353, 0
[CLEANUP], 354, 0
[CLEANUP], 355, 0
[CLEANUP], 356, 0
[CLEANUP], 357, 0
[CLEANUP], 358, 0
[CLEANUP], 359, 0
[CLEANUP], 360, 0
[CLEANUP], 361, 0
[CLEANUP], 362, 0
[CLEANUP], 363, 0
[CLEANUP], 364, 0
[CLEANUP], 365, 0
[CLEANUP], 366, 0
[CLEANUP], 367, 0
[CLEANUP], 368, 0
[CLEANUP], 369, 0
[CLEANUP], 370, 0
[CLEANUP], 371, 0
[CLEANUP], 372, 0
[CLEANUP], 373, 0
[CLEANUP], 374, 0
[CLEANUP], 375, 0
[CLEANUP], 376, 0
[CLEANUP], 377, 0
[CLEANUP], 378, 0
[CLEANUP], 379, 0
[CLEANUP], 380, 0
[CLEANUP], 381, 0
[CLEANUP], 382, 0
[CLEANUP], 383, 0
[CLEANUP], 384, 0
[CLEANUP], 385, 0
[CLEANUP], 386, 0
[CLEANUP], 387, 0
[CLEANUP], 388, 0
[CLEANUP], 389, 0
[CLEANUP], 390, 0
[CLEANUP], 391, 0
[CLEANUP], 392, 0
[CLEANUP], 393, 0
[CLEANUP], 394, 0
[CLEANUP], 395, 0
[CLEANUP], 396, 0
[CLEANUP], 397, 0
[CLEANUP], 398, 0
[CLEANUP], 399, 0
[CLEANUP], 400, 0
[CLEANUP], 401, 0
[CLEANUP], 402, 0
[CLEANUP], 403, 0
[CLEANUP], 404, 0
[CLEANUP], 405, 0
[CLEANUP], 406, 0
[CLEANUP], 407, 0
[CLEANUP], 408, 0
[CLEANUP], 409, 0
[CLEANUP], 410, 0
[CLEANUP], 411, 0
[CLEANUP], 412, 0
[CLEANUP], 413, 0
[CLEANUP], 414, 0
[CLEANUP], 415, 0
[CLEANUP], 416, 0
[CLEANUP], 417, 0
[CLEANUP], 418, 0
[CLEANUP], 419, 0
[CLEANUP], 420, 0
[CLEANUP], 421, 0
[CLEANUP], 422, 0
[CLEANUP], 423, 0
[CLEANUP], 424, 0
[CLEANUP], 425, 0
[CLEANUP], 426, 0
[CLEANUP], 427, 0
[CLEANUP], 428, 0
[CLEANUP], 429, 0
[CLEANUP], 430, 0
[CLEANUP], 431, 0
[CLEANUP], 432, 0
[CLEANUP], 433, 0
[CLEANUP], 434, 0
[CLEANUP], 435, 0
[CLEANUP], 436, 0
[CLEANUP], 437, 0
[CLEANUP], 438, 0
[CLEANUP], 439, 0
[CLEANUP], 440, 0
[CLEANUP], 441, 0
[CLEANUP], 442, 0
[CLEANUP], 443, 0
[CLEANUP], 444, 0
[CLEANUP], 445, 0
[CLEANUP], 446, 0
[CLEANUP], 447, 0
[CLEANUP], 448, 0
[CLEANUP], 449, 0
[CLEANUP], 450, 0
[CLEANUP], 451, 0
[CLEANUP], 452, 0
[CLEANUP], 453, 0
[CLEANUP], 454, 0
[CLEANUP], 455, 0
[CLEANUP], 456, 0
[CLEANUP], 457, 0
[CLEANUP], 458, 0
[CLEANUP], 459, 0
[CLEANUP], 460, 0
[CLEANUP], 461, 0
[CLEANUP], 462, 0
[CLEANUP], 463, 0
[CLEANUP], 464, 0
[CLEANUP], 465, 0
[CLEANUP], 466, 0
[CLEANUP], 467, 0
[CLEANUP], 468, 0
[CLEANUP], 469, 0
[CLEANUP], 470, 0
[CLEANUP], 471, 0
[CLEANUP], 472, 0
[CLEANUP], 473, 0
[CLEANUP], 474, 0
[CLEANUP], 475, 0
[CLEANUP], 476, 0
[CLEANUP], 477, 0
[CLEANUP], 478, 0
[CLEANUP], 479, 0
[CLEANUP], 480, 0
[CLEANUP], 481, 0
[CLEANUP], 482, 0
[CLEANUP], 483, 0
[CLEANUP], 484, 0
[CLEANUP], 485, 0
[CLEANUP], 486, 0
[CLEANUP], 487, 0
[CLEANUP], 488, 0
[CLEANUP], 489, 0
[CLEANUP], 490, 0
[CLEANUP], 491, 0
[CLEANUP], 492, 0
[CLEANUP], 493, 0
[CLEANUP], 494, 0
[CLEANUP], 495, 0
[CLEANUP], 496, 0
[CLEANUP], 497, 0
[CLEANUP], 498, 0
[CLEANUP], 499, 0
[CLEANUP], 500, 0
[CLEANUP], 501, 0
[CLEANUP], 502, 0
[CLEANUP], 503, 0
[CLEANUP], 504, 0
[CLEANUP], 505, 0
[CLEANUP], 506, 0
[CLEANUP], 507, 0
[CLEANUP], 508, 0
[CLEANUP], 509, 0
[CLEANUP], 510, 0
[CLEANUP], 511, 0
[CLEANUP], 512, 0
[CLEANUP], 513, 0
[CLEANUP], 514, 0
[CLEANUP], 515, 0
[CLEANUP], 516, 0
[CLEANUP], 517, 0
[CLEANUP], 518, 0
[CLEANUP], 519, 0
[CLEANUP], 520, 0
[CLEANUP], 521, 0
[CLEANUP], 522, 0
[CLEANUP], 523, 0
[CLEANUP], 524, 0
[CLEANUP], 525, 0
[CLEANUP], 526, 0
[CLEANUP], 527, 0
[CLEANUP], 528, 0
[CLEANUP], 529, 0
[CLEANUP], 530, 0
[CLEANUP], 531, 0
[CLEANUP], 532, 0
[CLEANUP], 533, 0
[CLEANUP], 534, 0
[CLEANUP], 535, 0
[CLEANUP], 536, 0
[CLEANUP], 537, 0
[CLEANUP], 538, 0
[CLEANUP], 539, 0
[CLEANUP], 540, 0
[CLEANUP], 541, 0
[CLEANUP], 542, 0
[CLEANUP], 543, 0
[CLEANUP], 544, 0
[CLEANUP], 545, 0
[CLEANUP], 546, 0
[CLEANUP], 547, 0
[CLEANUP], 548, 0
[CLEANUP], 549, 0
[CLEANUP], 550, 0
[CLEANUP], 551, 0
[CLEANUP], 552, 0
[CLEANUP], 553, 0
[CLEANUP], 554, 0
[CLEANUP], 555, 0
[CLEANUP], 556, 0
[CLEANUP], 557, 0
[CLEANUP], 558, 0
[CLEANUP], 559, 0
[CLEANUP], 560, 0
[CLEANUP], 561, 0
[CLEANUP], 562, 0
[CLEANUP], 563, 0
[CLEANUP], 564, 0
[CLEANUP], 565, 0
[CLEANUP], 566, 0
[CLEANUP], 567, 0
[CLEANUP], 568, 0
[CLEANUP], 569, 0
[CLEANUP], 570, 0
[CLEANUP], 571, 0
[CLEANUP], 572, 0
[CLEANUP], 573, 0
[CLEANUP], 574, 0
[CLEANUP], 575, 0
[CLEANUP], 576, 0
[CLEANUP], 577, 0
[CLEANUP], 578, 0
[CLEANUP], 579, 0
[CLEANUP], 580, 0
[CLEANUP], 581, 0
[CLEANUP], 582, 0
[CLEANUP], 583, 0
[CLEANUP], 584, 0
[CLEANUP], 585, 0
[CLEANUP], 586, 0
[CLEANUP], 587, 0
[CLEANUP], 588, 0
[CLEANUP], 589, 0
[CLEANUP], 590, 0
[CLEANUP], 591, 0
[CLEANUP], 592, 0
[CLEANUP], 593, 0
[CLEANUP], 594, 0
[CLEANUP], 595, 0
[CLEANUP], 596, 0
[CLEANUP], 597, 0
[CLEANUP], 598, 0
[CLEANUP], 599, 0
[CLEANUP], 600, 0
[CLEANUP], 601, 0
[CLEANUP], 602, 0
[CLEANUP], 603, 0
[CLEANUP], 604, 0
[CLEANUP], 605, 0
[CLEANUP], 606, 0
[CLEANUP], 607, 0
[CLEANUP], 608, 0
[CLEANUP], 609, 0
[CLEANUP], 610, 0
[CLEANUP], 611, 0
[CLEANUP], 612, 0
[CLEANUP], 613, 0
[CLEANUP], 614, 0
[CLEANUP], 615, 0
[CLEANUP], 616, 0
[CLEANUP], 617, 0
[CLEANUP], 618, 0
[CLEANUP], 619, 0
[CLEANUP], 620, 0
[CLEANUP], 621, 0
[CLEANUP], 622, 0
[CLEANUP], 623, 0
[CLEANUP], 624, 0
[CLEANUP], 625, 0
[CLEANUP], 626, 0
[CLEANUP], 627, 0
[CLEANUP], 628, 0
[CLEANUP], 629, 0
[CLEANUP], 630, 0
[CLEANUP], 631, 0
[CLEANUP], 632, 0
[CLEANUP], 633, 0
[CLEANUP], 634, 0
[CLEANUP], 635, 0
[CLEANUP], 636, 0
[CLEANUP], 637, 0
[CLEANUP], 638, 0
[CLEANUP], 639, 0
[CLEANUP], 640, 0
[CLEANUP], 641, 0
[CLEANUP], 642, 0
[CLEANUP], 643, 0
[CLEANUP], 644, 0
[CLEANUP], 645, 0
[CLEANUP], 646, 0
[CLEANUP], 647, 0
[CLEANUP], 648, 0
[CLEANUP], 649, 0
[CLEANUP], 650, 0
[CLEANUP], 651, 0
[CLEANUP], 652, 0
[CLEANUP], 653, 0
[CLEANUP], 654, 0
[CLEANUP], 655, 0
[CLEANUP], 656, 0
[CLEANUP], 657, 0
[CLEANUP], 658, 0
[CLEANUP], 659, 0
[CLEANUP], 660, 0
[CLEANUP], 661, 0
[CLEANUP], 662, 0
[CLEANUP], 663, 0
[CLEANUP], 664, 0
[CLEANUP], 665, 0
[CLEANUP], 666, 0
[CLEANUP], 667, 0
[CLEANUP], 668, 0
[CLEANUP], 669, 0
[CLEANUP], 670, 0
[CLEANUP], 671, 0
[CLEANUP], 672, 0
[CLEANUP], 673, 0
[CLEANUP], 674, 0
[CLEANUP], 675, 0
[CLEANUP], 676, 0
[CLEANUP], 677, 0
[CLEANUP], 678, 0
[CLEANUP], 679, 0
[CLEANUP], 680, 0
[CLEANUP], 681, 0
[CLEANUP], 682, 0
[CLEANUP], 683, 0
[CLEANUP], 684, 0
[CLEANUP], 685, 0
[CLEANUP], 686, 0
[CLEANUP], 687, 0
[CLEANUP], 688, 0
[CLEANUP], 689, 0
[CLEANUP], 690, 0
[CLEANUP], 691, 0
[CLEANUP], 692, 0
[CLEANUP], 693, 0
[CLEANUP], 694, 0
[CLEANUP], 695, 0
[CLEANUP], 696, 0
[CLEANUP], 697, 0
[CLEANUP], 698, 0
[CLEANUP], 699, 0
[CLEANUP], 700, 0
[CLEANUP], 701, 0
[CLEANUP], 702, 0
[CLEANUP], 703, 0
[CLEANUP], 704, 0
[CLEANUP], 705, 0
[CLEANUP], 706, 0
[CLEANUP], 707, 0
[CLEANUP], 708, 0
[CLEANUP], 709, 0
[CLEANUP], 710, 0
[CLEANUP], 711, 0
[CLEANUP], 712, 0
[CLEANUP], 713, 0
[CLEANUP], 714, 0
[CLEANUP], 715, 0
[CLEANUP], 716, 0
[CLEANUP], 717, 0
[CLEANUP], 718, 0
[CLEANUP], 719, 0
[CLEANUP], 720, 0
[CLEANUP], 721, 0
[CLEANUP], 722, 0
[CLEANUP], 723, 0
[CLEANUP], 724, 0
[CLEANUP], 725, 0
[CLEANUP], 726, 0
[CLEANUP], 727, 0
[CLEANUP], 728, 0
[CLEANUP], 729, 0
[CLEANUP], 730, 0
[CLEANUP], 731, 0
[CLEANUP], 732, 0
[CLEANUP], 733, 0
[CLEANUP], 734, 0
[CLEANUP], 735, 0
[CLEANUP], 736, 0
[CLEANUP], 737, 0
[CLEANUP], 738, 0
[CLEANUP], 739, 0
[CLEANUP], 740, 0
[CLEANUP], 741, 0
[CLEANUP], 742, 0
[CLEANUP], 743, 0
[CLEANUP], 744, 0
[CLEANUP], 745, 0
[CLEANUP], 746, 0
[CLEANUP], 747, 0
[CLEANUP], 748, 0
[CLEANUP], 749, 0
[CLEANUP], 750, 0
[CLEANUP], 751, 0
[CLEANUP], 752, 0
[CLEANUP], 753, 0
[CLEANUP], 754, 0
[CLEANUP], 755, 0
[CLEANUP], 756, 0
[CLEANUP], 757, 0
[CLEANUP], 758, 0
[CLEANUP], 759, 0
[CLEANUP], 760, 0
[CLEANUP], 761, 0
[CLEANUP], 762, 0
[CLEANUP], 763, 0
[CLEANUP], 764, 0
[CLEANUP], 765, 0
[CLEANUP], 766, 0
[CLEANUP], 767, 0
[CLEANUP], 768, 0
[CLEANUP], 769, 0
[CLEANUP], 770, 0
[CLEANUP], 771, 0
[CLEANUP], 772, 0
[CLEANUP], 773, 0
[CLEANUP], 774, 0
[CLEANUP], 775, 0
[CLEANUP], 776, 0
[CLEANUP], 777, 0
[CLEANUP], 778, 0
[CLEANUP], 779, 0
[CLEANUP], 780, 0
[CLEANUP], 781, 0
[CLEANUP], 782, 0
[CLEANUP], 783, 0
[CLEANUP], 784, 0
[CLEANUP], 785, 0
[CLEANUP], 786, 0
[CLEANUP], 787, 0
[CLEANUP], 788, 0
[CLEANUP], 789, 0
[CLEANUP], 790, 0
[CLEANUP], 791, 0
[CLEANUP], 792, 0
[CLEANUP], 793, 0
[CLEANUP], 794, 0
[CLEANUP], 795, 0
[CLEANUP], 796, 0
[CLEANUP], 797, 0
[CLEANUP], 798, 0
[CLEANUP], 799, 0
[CLEANUP], 800, 0
[CLEANUP], 801, 0
[CLEANUP], 802, 0
[CLEANUP], 803, 0
[CLEANUP], 804, 0
[CLEANUP], 805, 0
[CLEANUP], 806, 0
[CLEANUP], 807, 0
[CLEANUP], 808, 0
[CLEANUP], 809, 0
[CLEANUP], 810, 0
[CLEANUP], 811, 0
[CLEANUP], 812, 0
[CLEANUP], 813, 0
[CLEANUP], 814, 0
[CLEANUP], 815, 0
[CLEANUP], 816, 0
[CLEANUP], 817, 0
[CLEANUP], 818, 0
[CLEANUP], 819, 0
[CLEANUP], 820, 0
[CLEANUP], 821, 0
[CLEANUP], 822, 0
[CLEANUP], 823, 0
[CLEANUP], 824, 0
[CLEANUP], 825, 0
[CLEANUP], 826, 0
[CLEANUP], 827, 0
[CLEANUP], 828, 0
[CLEANUP], 829, 0
[CLEANUP], 830, 0
[CLEANUP], 831, 0
[CLEANUP], 832, 0
[CLEANUP], 833, 0
[CLEANUP], 834, 0
[CLEANUP], 835, 0
[CLEANUP], 836, 0
[CLEANUP], 837, 0
[CLEANUP], 838, 0
[CLEANUP], 839, 0
[CLEANUP], 840, 0
[CLEANUP], 841, 0
[CLEANUP], 842, 0
[CLEANUP], 843, 0
[CLEANUP], 844, 0
[CLEANUP], 845, 0
[CLEANUP], 846, 0
[CLEANUP], 847, 0
[CLEANUP], 848, 0
[CLEANUP], 849, 0
[CLEANUP], 850, 0
[CLEANUP], 851, 0
[CLEANUP], 852, 0
[CLEANUP], 853, 0
[CLEANUP], 854, 0
[CLEANUP], 855, 0
[CLEANUP], 856, 0
[CLEANUP], 857, 0
[CLEANUP], 858, 0
[CLEANUP], 859, 0
[CLEANUP], 860, 0
[CLEANUP], 861, 0
[CLEANUP], 862, 0
[CLEANUP], 863, 0
[CLEANUP], 864, 0
[CLEANUP], 865, 0
[CLEANUP], 866, 0
[CLEANUP], 867, 0
[CLEANUP], 868, 0
[CLEANUP], 869, 0
[CLEANUP], 870, 0
[CLEANUP], 871, 0
[CLEANUP], 872, 0
[CLEANUP], 873, 0
[CLEANUP], 874, 0
[CLEANUP], 875, 0
[CLEANUP], 876, 0
[CLEANUP], 877, 0
[CLEANUP], 878, 0
[CLEANUP], 879, 0
[CLEANUP], 880, 0
[CLEANUP], 881, 0
[CLEANUP], 882, 0
[CLEANUP], 883, 0
[CLEANUP], 884, 0
[CLEANUP], 885, 0
[CLEANUP], 886, 0
[CLEANUP], 887, 0
[CLEANUP], 888, 0
[CLEANUP], 889, 0
[CLEANUP], 890, 0
[CLEANUP], 891, 0
[CLEANUP], 892, 0
[CLEANUP], 893, 0
[CLEANUP], 894, 0
[CLEANUP], 895, 0
[CLEANUP], 896, 0
[CLEANUP], 897, 0
[CLEANUP], 898, 0
[CLEANUP], 899, 0
[CLEANUP], 900, 0
[CLEANUP], 901, 0
[CLEANUP], 902, 0
[CLEANUP], 903, 0
[CLEANUP], 904, 0
[CLEANUP], 905, 0
[CLEANUP], 906, 0
[CLEANUP], 907, 0
[CLEANUP], 908, 0
[CLEANUP], 909, 0
[CLEANUP], 910, 0
[CLEANUP], 911, 0
[CLEANUP], 912, 0
[CLEANUP], 913, 0
[CLEANUP], 914, 0
[CLEANUP], 915, 0
[CLEANUP], 916, 0
[CLEANUP], 917, 0
[CLEANUP], 918, 0
[CLEANUP], 919, 0
[CLEANUP], 920, 0
[CLEANUP], 921, 0
[CLEANUP], 922, 0
[CLEANUP], 923, 0
[CLEANUP], 924, 0
[CLEANUP], 925, 0
[CLEANUP], 926, 0
[CLEANUP], 927, 0
[CLEANUP], 928, 0
[CLEANUP], 929, 0
[CLEANUP], 930, 0
[CLEANUP], 931, 0
[CLEANUP], 932, 0
[CLEANUP], 933, 0
[CLEANUP], 934, 0
[CLEANUP], 935, 0
[CLEANUP], 936, 0
[CLEANUP], 937, 0
[CLEANUP], 938, 0
[CLEANUP], 939, 0
[CLEANUP], 940, 0
[CLEANUP], 941, 0
[CLEANUP], 942, 0
[CLEANUP], 943, 0
[CLEANUP], 944, 0
[CLEANUP], 945, 0
[CLEANUP], 946, 0
[CLEANUP], 947, 0
[CLEANUP], 948, 0
[CLEANUP], 949, 0
[CLEANUP], 950, 0
[CLEANUP], 951, 0
[CLEANUP], 952, 0
[CLEANUP], 953, 0
[CLEANUP], 954, 0
[CLEANUP], 955, 0
[CLEANUP], 956, 0
[CLEANUP], 957, 0
[CLEANUP], 958, 0
[CLEANUP], 959, 0
[CLEANUP], 960, 0
[CLEANUP], 961, 0
[CLEANUP], 962, 0
[CLEANUP], 963, 0
[CLEANUP], 964, 0
[CLEANUP], 965, 0
[CLEANUP], 966, 0
[CLEANUP], 967, 0
[CLEANUP], 968, 0
[CLEANUP], 969, 0
[CLEANUP], 970, 0
[CLEANUP], 971, 0
[CLEANUP], 972, 0
[CLEANUP], 973, 0
[CLEANUP], 974, 0
[CLEANUP], 975, 0
[CLEANUP], 976, 0
[CLEANUP], 977, 0
[CLEANUP], 978, 0
[CLEANUP], 979, 0
[CLEANUP], 980, 0
[CLEANUP], 981, 0
[CLEANUP], 982, 0
[CLEANUP], 983, 0
[CLEANUP], 984, 0
[CLEANUP], 985, 0
[CLEANUP], 986, 0
[CLEANUP], 987, 0
[CLEANUP], 988, 0
[CLEANUP], 989, 0
[CLEANUP], 990, 0
[CLEANUP], 991, 0
[CLEANUP], 992, 0
[CLEANUP], 993, 0
[CLEANUP], 994, 0
[CLEANUP], 995, 0
[CLEANUP], 996, 0
[CLEANUP], 997, 0
[CLEANUP], 998, 0
[CLEANUP], 999, 0
[CLEANUP], >1000, 0
[UPDATE], Operations, 3124606
[UPDATE], AverageLatency(us), 28257.058796533067
[UPDATE], MinLatency(us), 1090
[UPDATE], MaxLatency(us), 4017441
[UPDATE], 95thPercentileLatency(ms), 93
[UPDATE], 99thPercentileLatency(ms), 211
[UPDATE], Return=0, 3124606
[UPDATE], 0, 0
[UPDATE], 1, 42728
[UPDATE], 2, 165794
[UPDATE], 3, 112625
[UPDATE], 4, 57290
[UPDATE], 5, 39689
[UPDATE], 6, 38877
[UPDATE], 7, 45809
[UPDATE], 8, 60245
[UPDATE], 9, 85060
[UPDATE], 10, 120418
[UPDATE], 11, 158388
[UPDATE], 12, 186747
[UPDATE], 13, 192707
[UPDATE], 14, 177957
[UPDATE], 15, 150077
[UPDATE], 16, 119647
[UPDATE], 17, 95128
[UPDATE], 18, 76960
[UPDATE], 19, 65427
[UPDATE], 20, 57725
[UPDATE], 21, 52372
[UPDATE], 22, 47908
[UPDATE], 23, 44931
[UPDATE], 24, 41521
[UPDATE], 25, 38978
[UPDATE], 26, 36591
[UPDATE], 27, 34385
[UPDATE], 28, 32514
[UPDATE], 29, 30408
[UPDATE], 30, 28441
[UPDATE], 31, 26469
[UPDATE], 32, 24568
[UPDATE], 33, 22884
[UPDATE], 34, 21636
[UPDATE], 35, 20352
[UPDATE], 36, 18780
[UPDATE], 37, 17722
[UPDATE], 38, 16330
[UPDATE], 39, 15467
[UPDATE], 40, 14492
[UPDATE], 41, 13780
[UPDATE], 42, 13081
[UPDATE], 43, 11942
[UPDATE], 44, 11587
[UPDATE], 45, 11272
[UPDATE], 46, 10760
[UPDATE], 47, 10274
[UPDATE], 48, 9776
[UPDATE], 49, 9339
[UPDATE], 50, 8870
[UPDATE], 51, 8558
[UPDATE], 52, 8268
[UPDATE], 53, 7972
[UPDATE], 54, 7674
[UPDATE], 55, 7335
[UPDATE], 56, 7227
[UPDATE], 57, 6944
[UPDATE], 58, 6729
[UPDATE], 59, 6487
[UPDATE], 60, 6347
[UPDATE], 61, 6311
[UPDATE], 62, 6161
[UPDATE], 63, 5904
[UPDATE], 64, 5872
[UPDATE], 65, 5553
[UPDATE], 66, 5457
[UPDATE], 67, 5371
[UPDATE], 68, 5390
[UPDATE], 69, 5143
[UPDATE], 70, 4957
[UPDATE], 71, 5157
[UPDATE], 72, 4851
[UPDATE], 73, 4678
[UPDATE], 74, 4651
[UPDATE], 75, 4440
[UPDATE], 76, 4515
[UPDATE], 77, 4333
[UPDATE], 78, 4339
[UPDATE], 79, 4230
[UPDATE], 80, 4139
[UPDATE], 81, 4067
[UPDATE], 82, 3999
[UPDATE], 83, 3809
[UPDATE], 84, 3721
[UPDATE], 85, 3771
[UPDATE], 86, 3734
[UPDATE], 87, 3624
[UPDATE], 88, 3598
[UPDATE], 89, 3433
[UPDATE], 90, 3435
[UPDATE], 91, 3432
[UPDATE], 92, 3274
[UPDATE], 93, 3262
[UPDATE], 94, 3139
[UPDATE], 95, 3103
[UPDATE], 96, 3228
[UPDATE], 97, 2996
[UPDATE], 98, 2900
[UPDATE], 99, 2955
[UPDATE], 100, 2864
[UPDATE], 101, 2727
[UPDATE], 102, 2737
[UPDATE], 103, 2736
[UPDATE], 104, 2739
[UPDATE], 105, 2652
[UPDATE], 106, 2589
[UPDATE], 107, 2493
[UPDATE], 108, 2488
[UPDATE], 109, 2416
[UPDATE], 110, 2392
[UPDATE], 111, 2218
[UPDATE], 112, 2236
[UPDATE], 113, 2098
[UPDATE], 114, 2121
[UPDATE], 115, 2058
[UPDATE], 116, 1959
[UPDATE], 117, 1970
[UPDATE], 118, 2004
[UPDATE], 119, 1843
[UPDATE], 120, 1820
[UPDATE], 121, 1893
[UPDATE], 122, 1754
[UPDATE], 123, 1681
[UPDATE], 124, 1641
[UPDATE], 125, 1480
[UPDATE], 126, 1519
[UPDATE], 127, 1475
[UPDATE], 128, 1420
[UPDATE], 129, 1423
[UPDATE], 130, 1383
[UPDATE], 131, 1319
[UPDATE], 132, 1230
[UPDATE], 133, 1253
[UPDATE], 134, 1199
[UPDATE], 135, 1103
[UPDATE], 136, 1100
[UPDATE], 137, 1135
[UPDATE], 138, 1050
[UPDATE], 139, 1077
[UPDATE], 140, 985
[UPDATE], 141, 1006
[UPDATE], 142, 993
[UPDATE], 143, 911
[UPDATE], 144, 899
[UPDATE], 145, 811
[UPDATE], 146, 820
[UPDATE], 147, 830
[UPDATE], 148, 732
[UPDATE], 149, 701
[UPDATE], 150, 689
[UPDATE], 151, 668
[UPDATE], 152, 683
[UPDATE], 153, 631
[UPDATE], 154, 568
[UPDATE], 155, 581
[UPDATE], 156, 568
[UPDATE], 157, 543
[UPDATE], 158, 554
[UPDATE], 159, 562
[UPDATE], 160, 571
[UPDATE], 161, 570
[UPDATE], 162, 484
[UPDATE], 163, 513
[UPDATE], 164, 451
[UPDATE], 165, 462
[UPDATE], 166, 444
[UPDATE], 167, 404
[UPDATE], 168, 432
[UPDATE], 169, 410
[UPDATE], 170, 404
[UPDATE], 171, 364
[UPDATE], 172, 387
[UPDATE], 173, 370
[UPDATE], 174, 392
[UPDATE], 175, 367
[UPDATE], 176, 371
[UPDATE], 177, 350
[UPDATE], 178, 364
[UPDATE], 179, 371
[UPDATE], 180, 319
[UPDATE], 181, 341
[UPDATE], 182, 365
[UPDATE], 183, 318
[UPDATE], 184, 323
[UPDATE], 185, 298
[UPDATE], 186, 311
[UPDATE], 187, 330
[UPDATE], 188, 272
[UPDATE], 189, 263
[UPDATE], 190, 258
[UPDATE], 191, 254
[UPDATE], 192, 230
[UPDATE], 193, 260
[UPDATE], 194, 253
[UPDATE], 195, 244
[UPDATE], 196, 226
[UPDATE], 197, 233
[UPDATE], 198, 239
[UPDATE], 199, 212
[UPDATE], 200, 214
[UPDATE], 201, 206
[UPDATE], 202, 192
[UPDATE], 203, 198
[UPDATE], 204, 189
[UPDATE], 205, 185
[UPDATE], 206, 190
[UPDATE], 207, 159
[UPDATE], 208, 190
[UPDATE], 209, 151
[UPDATE], 210, 186
[UPDATE], 211, 180
[UPDATE], 212, 153
[UPDATE], 213, 192
[UPDATE], 214, 164
[UPDATE], 215, 159
[UPDATE], 216, 154
[UPDATE], 217, 191
[UPDATE], 218, 191
[UPDATE], 219, 182
[UPDATE], 220, 181
[UPDATE], 221, 199
[UPDATE], 222, 167
[UPDATE], 223, 186
[UPDATE], 224, 183
[UPDATE], 225, 175
[UPDATE], 226, 153
[UPDATE], 227, 165
[UPDATE], 228, 199
[UPDATE], 229, 153
[UPDATE], 230, 170
[UPDATE], 231, 171
[UPDATE], 232, 173
[UPDATE], 233, 173
[UPDATE], 234, 175
[UPDATE], 235, 168
[UPDATE], 236, 158
[UPDATE], 237, 161
[UPDATE], 238, 140
[UPDATE], 239, 164
[UPDATE], 240, 134
[UPDATE], 241, 142
[UPDATE], 242, 150
[UPDATE], 243, 143
[UPDATE], 244, 135
[UPDATE], 245, 137
[UPDATE], 246, 150
[UPDATE], 247, 143
[UPDATE], 248, 162
[UPDATE], 249, 160
[UPDATE], 250, 170
[UPDATE], 251, 163
[UPDATE], 252, 184
[UPDATE], 253, 146
[UPDATE], 254, 144
[UPDATE], 255, 144
[UPDATE], 256, 174
[UPDATE], 257, 172
[UPDATE], 258, 146
[UPDATE], 259, 207
[UPDATE], 260, 166
[UPDATE], 261, 186
[UPDATE], 262, 189
[UPDATE], 263, 155
[UPDATE], 264, 164
[UPDATE], 265, 155
[UPDATE], 266, 167
[UPDATE], 267, 176
[UPDATE], 268, 169
[UPDATE], 269, 175
[UPDATE], 270, 176
[UPDATE], 271, 168
[UPDATE], 272, 168
[UPDATE], 273, 142
[UPDATE], 274, 129
[UPDATE], 275, 152
[UPDATE], 276, 157
[UPDATE], 277, 167
[UPDATE], 278, 138
[UPDATE], 279, 161
[UPDATE], 280, 146
[UPDATE], 281, 149
[UPDATE], 282, 138
[UPDATE], 283, 155
[UPDATE], 284, 158
[UPDATE], 285, 183
[UPDATE], 286, 147
[UPDATE], 287, 169
[UPDATE], 288, 151
[UPDATE], 289, 185
[UPDATE], 290, 168
[UPDATE], 291, 150
[UPDATE], 292, 137
[UPDATE], 293, 165
[UPDATE], 294, 149
[UPDATE], 295, 120
[UPDATE], 296, 115
[UPDATE], 297, 138
[UPDATE], 298, 150
[UPDATE], 299, 161
[UPDATE], 300, 151
[UPDATE], 301, 165
[UPDATE], 302, 171
[UPDATE], 303, 147
[UPDATE], 304, 143
[UPDATE], 305, 120
[UPDATE], 306, 130
[UPDATE], 307, 131
[UPDATE], 308, 131
[UPDATE], 309, 108
[UPDATE], 310, 122
[UPDATE], 311, 126
[UPDATE], 312, 120
[UPDATE], 313, 141
[UPDATE], 314, 121
[UPDATE], 315, 132
[UPDATE], 316, 151
[UPDATE], 317, 146
[UPDATE], 318, 151
[UPDATE], 319, 147
[UPDATE], 320, 144
[UPDATE], 321, 148
[UPDATE], 322, 167
[UPDATE], 323, 178
[UPDATE], 324, 156
[UPDATE], 325, 173
[UPDATE], 326, 201
[UPDATE], 327, 180
[UPDATE], 328, 185
[UPDATE], 329, 184
[UPDATE], 330, 150
[UPDATE], 331, 176
[UPDATE], 332, 160
[UPDATE], 333, 151
[UPDATE], 334, 141
[UPDATE], 335, 124
[UPDATE], 336, 124
[UPDATE], 337, 138
[UPDATE], 338, 150
[UPDATE], 339, 130
[UPDATE], 340, 152
[UPDATE], 341, 126
[UPDATE], 342, 131
[UPDATE], 343, 111
[UPDATE], 344, 126
[UPDATE], 345, 118
[UPDATE], 346, 142
[UPDATE], 347, 87
[UPDATE], 348, 99
[UPDATE], 349, 138
[UPDATE], 350, 125
[UPDATE], 351, 101
[UPDATE], 352, 92
[UPDATE], 353, 101
[UPDATE], 354, 76
[UPDATE], 355, 65
[UPDATE], 356, 59
[UPDATE], 357, 66
[UPDATE], 358, 68
[UPDATE], 359, 84
[UPDATE], 360, 63
[UPDATE], 361, 66
[UPDATE], 362, 77
[UPDATE], 363, 83
[UPDATE], 364, 74
[UPDATE], 365, 59
[UPDATE], 366, 73
[UPDATE], 367, 61
[UPDATE], 368, 70
[UPDATE], 369, 61
[UPDATE], 370, 43
[UPDATE], 371, 64
[UPDATE], 372, 50
[UPDATE], 373, 40
[UPDATE], 374, 39
[UPDATE], 375, 42
[UPDATE], 376, 52
[UPDATE], 377, 53
[UPDATE], 378, 43
[UPDATE], 379, 43
[UPDATE], 380, 44
[UPDATE], 381, 38
[UPDATE], 382, 51
[UPDATE], 383, 40
[UPDATE], 384, 42
[UPDATE], 385, 53
[UPDATE], 386, 59
[UPDATE], 387, 47
[UPDATE], 388, 46
[UPDATE], 389, 37
[UPDATE], 390, 45
[UPDATE], 391, 56
[UPDATE], 392, 59
[UPDATE], 393, 53
[UPDATE], 394, 47
[UPDATE], 395, 41
[UPDATE], 396, 52
[UPDATE], 397, 46
[UPDATE], 398, 55
[UPDATE], 399, 40
[UPDATE], 400, 47
[UPDATE], 401, 50
[UPDATE], 402, 35
[UPDATE], 403, 42
[UPDATE], 404, 48
[UPDATE], 405, 40
[UPDATE], 406, 50
[UPDATE], 407, 48
[UPDATE], 408, 44
[UPDATE], 409, 43
[UPDATE], 410, 47
[UPDATE], 411, 39
[UPDATE], 412, 51
[UPDATE], 413, 70
[UPDATE], 414, 65
[UPDATE], 415, 39
[UPDATE], 416, 44
[UPDATE], 417, 68
[UPDATE], 418, 44
[UPDATE], 419, 37
[UPDATE], 420, 53
[UPDATE], 421, 50
[UPDATE], 422, 40
[UPDATE], 423, 35
[UPDATE], 424, 38
[UPDATE], 425, 44
[UPDATE], 426, 45
[UPDATE], 427, 41
[UPDATE], 428, 38
[UPDATE], 429, 47
[UPDATE], 430, 42
[UPDATE], 431, 46
[UPDATE], 432, 43
[UPDATE], 433, 42
[UPDATE], 434, 40
[UPDATE], 435, 33
[UPDATE], 436, 45
[UPDATE], 437, 30
[UPDATE], 438, 31
[UPDATE], 439, 34
[UPDATE], 440, 42
[UPDATE], 441, 27
[UPDATE], 442, 41
[UPDATE], 443, 36
[UPDATE], 444, 33
[UPDATE], 445, 34
[UPDATE], 446, 33
[UPDATE], 447, 28
[UPDATE], 448, 28
[UPDATE], 449, 42
[UPDATE], 450, 37
[UPDATE], 451, 33
[UPDATE], 452, 32
[UPDATE], 453, 39
[UPDATE], 454, 33
[UPDATE], 455, 38
[UPDATE], 456, 22
[UPDATE], 457, 29
[UPDATE], 458, 30
[UPDATE], 459, 34
[UPDATE], 460, 21
[UPDATE], 461, 18
[UPDATE], 462, 26
[UPDATE], 463, 28
[UPDATE], 464, 27
[UPDATE], 465, 24
[UPDATE], 466, 23
[UPDATE], 467, 17
[UPDATE], 468, 25
[UPDATE], 469, 23
[UPDATE], 470, 10
[UPDATE], 471, 21
[UPDATE], 472, 27
[UPDATE], 473, 23
[UPDATE], 474, 19
[UPDATE], 475, 21
[UPDATE], 476, 16
[UPDATE], 477, 21
[UPDATE], 478, 26
[UPDATE], 479, 23
[UPDATE], 480, 27
[UPDATE], 481, 18
[UPDATE], 482, 9
[UPDATE], 483, 16
[UPDATE], 484, 26
[UPDATE], 485, 24
[UPDATE], 486, 17
[UPDATE], 487, 19
[UPDATE], 488, 12
[UPDATE], 489, 21
[UPDATE], 490, 17
[UPDATE], 491, 13
[UPDATE], 492, 10
[UPDATE], 493, 13
[UPDATE], 494, 21
[UPDATE], 495, 13
[UPDATE], 496, 17
[UPDATE], 497, 16
[UPDATE], 498, 12
[UPDATE], 499, 12
[UPDATE], 500, 20
[UPDATE], 501, 23
[UPDATE], 502, 19
[UPDATE], 503, 20
[UPDATE], 504, 22
[UPDATE], 505, 22
[UPDATE], 506, 16
[UPDATE], 507, 27
[UPDATE], 508, 12
[UPDATE], 509, 23
[UPDATE], 510, 9
[UPDATE], 511, 15
[UPDATE], 512, 16
[UPDATE], 513, 10
[UPDATE], 514, 17
[UPDATE], 515, 16
[UPDATE], 516, 20
[UPDATE], 517, 10
[UPDATE], 518, 13
[UPDATE], 519, 21
[UPDATE], 520, 16
[UPDATE], 521, 12
[UPDATE], 522, 17
[UPDATE], 523, 18
[UPDATE], 524, 17
[UPDATE], 525, 21
[UPDATE], 526, 8
[UPDATE], 527, 21
[UPDATE], 528, 17
[UPDATE], 529, 17
[UPDATE], 530, 10
[UPDATE], 531, 14
[UPDATE], 532, 9
[UPDATE], 533, 8
[UPDATE], 534, 12
[UPDATE], 535, 13
[UPDATE], 536, 9
[UPDATE], 537, 8
[UPDATE], 538, 8
[UPDATE], 539, 15
[UPDATE], 540, 10
[UPDATE], 541, 5
[UPDATE], 542, 12
[UPDATE], 543, 7
[UPDATE], 544, 7
[UPDATE], 545, 17
[UPDATE], 546, 8
[UPDATE], 547, 8
[UPDATE], 548, 7
[UPDATE], 549, 10
[UPDATE], 550, 7
[UPDATE], 551, 10
[UPDATE], 552, 11
[UPDATE], 553, 10
[UPDATE], 554, 11
[UPDATE], 555, 15
[UPDATE], 556, 11
[UPDATE], 557, 11
[UPDATE], 558, 11
[UPDATE], 559, 10
[UPDATE], 560, 12
[UPDATE], 561, 11
[UPDATE], 562, 14
[UPDATE], 563, 11
[UPDATE], 564, 9
[UPDATE], 565, 7
[UPDATE], 566, 10
[UPDATE], 567, 11
[UPDATE], 568, 13
[UPDATE], 569, 16
[UPDATE], 570, 14
[UPDATE], 571, 8
[UPDATE], 572, 18
[UPDATE], 573, 17
[UPDATE], 574, 15
[UPDATE], 575, 22
[UPDATE], 576, 20
[UPDATE], 577, 18
[UPDATE], 578, 19
[UPDATE], 579, 13
[UPDATE], 580, 20
[UPDATE], 581, 15
[UPDATE], 582, 11
[UPDATE], 583, 15
[UPDATE], 584, 10
[UPDATE], 585, 17
[UPDATE], 586, 12
[UPDATE], 587, 16
[UPDATE], 588, 20
[UPDATE], 589, 12
[UPDATE], 590, 12
[UPDATE], 591, 10
[UPDATE], 592, 12
[UPDATE], 593, 10
[UPDATE], 594, 6
[UPDATE], 595, 7
[UPDATE], 596, 10
[UPDATE], 597, 12
[UPDATE], 598, 9
[UPDATE], 599, 12
[UPDATE], 600, 12
[UPDATE], 601, 11
[UPDATE], 602, 6
[UPDATE], 603, 11
[UPDATE], 604, 6
[UPDATE], 605, 3
[UPDATE], 606, 12
[UPDATE], 607, 7
[UPDATE], 608, 4
[UPDATE], 609, 12
[UPDATE], 610, 12
[UPDATE], 611, 8
[UPDATE], 612, 7
[UPDATE], 613, 6
[UPDATE], 614, 6
[UPDATE], 615, 10
[UPDATE], 616, 7
[UPDATE], 617, 7
[UPDATE], 618, 2
[UPDATE], 619, 11
[UPDATE], 620, 13
[UPDATE], 621, 9
[UPDATE], 622, 6
[UPDATE], 623, 1
[UPDATE], 624, 5
[UPDATE], 625, 5
[UPDATE], 626, 6
[UPDATE], 627, 3
[UPDATE], 628, 5
[UPDATE], 629, 6
[UPDATE], 630, 5
[UPDATE], 631, 6
[UPDATE], 632, 7
[UPDATE], 633, 2
[UPDATE], 634, 6
[UPDATE], 635, 4
[UPDATE], 636, 4
[UPDATE], 637, 4
[UPDATE], 638, 4
[UPDATE], 639, 5
[UPDATE], 640, 7
[UPDATE], 641, 1
[UPDATE], 642, 5
[UPDATE], 643, 2
[UPDATE], 644, 4
[UPDATE], 645, 2
[UPDATE], 646, 2
[UPDATE], 647, 6
[UPDATE], 648, 2
[UPDATE], 649, 2
[UPDATE], 650, 0
[UPDATE], 651, 1
[UPDATE], 652, 0
[UPDATE], 653, 1
[UPDATE], 654, 4
[UPDATE], 655, 0
[UPDATE], 656, 0
[UPDATE], 657, 1
[UPDATE], 658, 0
[UPDATE], 659, 1
[UPDATE], 660, 1
[UPDATE], 661, 1
[UPDATE], 662, 0
[UPDATE], 663, 1
[UPDATE], 664, 0
[UPDATE], 665, 1
[UPDATE], 666, 2
[UPDATE], 667, 0
[UPDATE], 668, 0
[UPDATE], 669, 1
[UPDATE], 670, 2
[UPDATE], 671, 1
[UPDATE], 672, 0
[UPDATE], 673, 1
[UPDATE], 674, 2
[UPDATE], 675, 2
[UPDATE], 676, 1
[UPDATE], 677, 2
[UPDATE], 678, 4
[UPDATE], 679, 1
[UPDATE], 680, 2
[UPDATE], 681, 3
[UPDATE], 682, 7
[UPDATE], 683, 1
[UPDATE], 684, 6
[UPDATE], 685, 4
[UPDATE], 686, 3
[UPDATE], 687, 5
[UPDATE], 688, 0
[UPDATE], 689, 7
[UPDATE], 690, 5
[UPDATE], 691, 6
[UPDATE], 692, 5
[UPDATE], 693, 8
[UPDATE], 694, 7
[UPDATE], 695, 5
[UPDATE], 696, 7
[UPDATE], 697, 7
[UPDATE], 698, 4
[UPDATE], 699, 5
[UPDATE], 700, 9
[UPDATE], 701, 6
[UPDATE], 702, 8
[UPDATE], 703, 16
[UPDATE], 704, 6
[UPDATE], 705, 11
[UPDATE], 706, 12
[UPDATE], 707, 13
[UPDATE], 708, 7
[UPDATE], 709, 10
[UPDATE], 710, 4
[UPDATE], 711, 7
[UPDATE], 712, 3
[UPDATE], 713, 5
[UPDATE], 714, 4
[UPDATE], 715, 1
[UPDATE], 716, 3
[UPDATE], 717, 4
[UPDATE], 718, 3
[UPDATE], 719, 4
[UPDATE], 720, 5
[UPDATE], 721, 3
[UPDATE], 722, 2
[UPDATE], 723, 3
[UPDATE], 724, 2
[UPDATE], 725, 4
[UPDATE], 726, 8
[UPDATE], 727, 2
[UPDATE], 728, 5
[UPDATE], 729, 5
[UPDATE], 730, 3
[UPDATE], 731, 3
[UPDATE], 732, 3
[UPDATE], 733, 3
[UPDATE], 734, 4
[UPDATE], 735, 2
[UPDATE], 736, 3
[UPDATE], 737, 1
[UPDATE], 738, 3
[UPDATE], 739, 4
[UPDATE], 740, 3
[UPDATE], 741, 1
[UPDATE], 742, 3
[UPDATE], 743, 6
[UPDATE], 744, 3
[UPDATE], 745, 4
[UPDATE], 746, 2
[UPDATE], 747, 2
[UPDATE], 748, 5
[UPDATE], 749, 4
[UPDATE], 750, 3
[UPDATE], 751, 4
[UPDATE], 752, 3
[UPDATE], 753, 2
[UPDATE], 754, 3
[UPDATE], 755, 1
[UPDATE], 756, 1
[UPDATE], 757, 3
[UPDATE], 758, 3
[UPDATE], 759, 4
[UPDATE], 760, 2
[UPDATE], 761, 3
[UPDATE], 762, 8
[UPDATE], 763, 2
[UPDATE], 764, 4
[UPDATE], 765, 1
[UPDATE], 766, 3
[UPDATE], 767, 2
[UPDATE], 768, 3
[UPDATE], 769, 0
[UPDATE], 770, 2
[UPDATE], 771, 0
[UPDATE], 772, 2
[UPDATE], 773, 3
[UPDATE], 774, 3
[UPDATE], 775, 2
[UPDATE], 776, 3
[UPDATE], 777, 2
[UPDATE], 778, 5
[UPDATE], 779, 5
[UPDATE], 780, 4
[UPDATE], 781, 5
[UPDATE], 782, 4
[UPDATE], 783, 3
[UPDATE], 784, 1
[UPDATE], 785, 4
[UPDATE], 786, 4
[UPDATE], 787, 4
[UPDATE], 788, 5
[UPDATE], 789, 6
[UPDATE], 790, 2
[UPDATE], 791, 4
[UPDATE], 792, 3
[UPDATE], 793, 2
[UPDATE], 794, 4
[UPDATE], 795, 3
[UPDATE], 796, 5
[UPDATE], 797, 2
[UPDATE], 798, 4
[UPDATE], 799, 6
[UPDATE], 800, 5
[UPDATE], 801, 4
[UPDATE], 802, 5
[UPDATE], 803, 7
[UPDATE], 804, 7
[UPDATE], 805, 4
[UPDATE], 806, 3
[UPDATE], 807, 6
[UPDATE], 808, 7
[UPDATE], 809, 5
[UPDATE], 810, 2
[UPDATE], 811, 5
[UPDATE], 812, 9
[UPDATE], 813, 4
[UPDATE], 814, 5
[UPDATE], 815, 7
[UPDATE], 816, 7
[UPDATE], 817, 4
[UPDATE], 818, 7
[UPDATE], 819, 4
[UPDATE], 820, 9
[UPDATE], 821, 8
[UPDATE], 822, 3
[UPDATE], 823, 5
[UPDATE], 824, 5
[UPDATE], 825, 5
[UPDATE], 826, 6
[UPDATE], 827, 7
[UPDATE], 828, 5
[UPDATE], 829, 11
[UPDATE], 830, 13
[UPDATE], 831, 4
[UPDATE], 832, 6
[UPDATE], 833, 5
[UPDATE], 834, 4
[UPDATE], 835, 6
[UPDATE], 836, 8
[UPDATE], 837, 4
[UPDATE], 838, 4
[UPDATE], 839, 1
[UPDATE], 840, 1
[UPDATE], 841, 3
[UPDATE], 842, 3
[UPDATE], 843, 4
[UPDATE], 844, 7
[UPDATE], 845, 1
[UPDATE], 846, 7
[UPDATE], 847, 3
[UPDATE], 848, 5
[UPDATE], 849, 4
[UPDATE], 850, 5
[UPDATE], 851, 1
[UPDATE], 852, 7
[UPDATE], 853, 5
[UPDATE], 854, 3
[UPDATE], 855, 4
[UPDATE], 856, 0
[UPDATE], 857, 5
[UPDATE], 858, 1
[UPDATE], 859, 2
[UPDATE], 860, 3
[UPDATE], 861, 3
[UPDATE], 862, 4
[UPDATE], 863, 3
[UPDATE], 864, 6
[UPDATE], 865, 5
[UPDATE], 866, 4
[UPDATE], 867, 4
[UPDATE], 868, 6
[UPDATE], 869, 2
[UPDATE], 870, 2
[UPDATE], 871, 3
[UPDATE], 872, 6
[UPDATE], 873, 1
[UPDATE], 874, 0
[UPDATE], 875, 1
[UPDATE], 876, 4
[UPDATE], 877, 1
[UPDATE], 878, 3
[UPDATE], 879, 6
[UPDATE], 880, 3
[UPDATE], 881, 2
[UPDATE], 882, 6
[UPDATE], 883, 1
[UPDATE], 884, 4
[UPDATE], 885, 4
[UPDATE], 886, 2
[UPDATE], 887, 4
[UPDATE], 888, 3
[UPDATE], 889, 8
[UPDATE], 890, 2
[UPDATE], 891, 0
[UPDATE], 892, 2
[UPDATE], 893, 1
[UPDATE], 894, 1
[UPDATE], 895, 0
[UPDATE], 896, 3
[UPDATE], 897, 2
[UPDATE], 898, 4
[UPDATE], 899, 2
[UPDATE], 900, 2
[UPDATE], 901, 2
[UPDATE], 902, 2
[UPDATE], 903, 2
[UPDATE], 904, 2
[UPDATE], 905, 3
[UPDATE], 906, 3
[UPDATE], 907, 3
[UPDATE], 908, 3
[UPDATE], 909, 4
[UPDATE], 910, 1
[UPDATE], 911, 3
[UPDATE], 912, 2
[UPDATE], 913, 3
[UPDATE], 914, 7
[UPDATE], 915, 2
[UPDATE], 916, 1
[UPDATE], 917, 1
[UPDATE], 918, 4
[UPDATE], 919, 0
[UPDATE], 920, 2
[UPDATE], 921, 2
[UPDATE], 922, 0
[UPDATE], 923, 1
[UPDATE], 924, 1
[UPDATE], 925, 4
[UPDATE], 926, 2
[UPDATE], 927, 3
[UPDATE], 928, 0
[UPDATE], 929, 1
[UPDATE], 930, 0
[UPDATE], 931, 0
[UPDATE], 932, 1
[UPDATE], 933, 0
[UPDATE], 934, 0
[UPDATE], 935, 3
[UPDATE], 936, 4
[UPDATE], 937, 1
[UPDATE], 938, 1
[UPDATE], 939, 2
[UPDATE], 940, 0
[UPDATE], 941, 0
[UPDATE], 942, 1
[UPDATE], 943, 0
[UPDATE], 944, 1
[UPDATE], 945, 1
[UPDATE], 946, 3
[UPDATE], 947, 1
[UPDATE], 948, 2
[UPDATE], 949, 5
[UPDATE], 950, 1
[UPDATE], 951, 2
[UPDATE], 952, 5
[UPDATE], 953, 2
[UPDATE], 954, 1
[UPDATE], 955, 1
[UPDATE], 956, 3
[UPDATE], 957, 2
[UPDATE], 958, 2
[UPDATE], 959, 5
[UPDATE], 960, 0
[UPDATE], 961, 4
[UPDATE], 962, 1
[UPDATE], 963, 1
[UPDATE], 964, 1
[UPDATE], 965, 5
[UPDATE], 966, 1
[UPDATE], 967, 5
[UPDATE], 968, 0
[UPDATE], 969, 3
[UPDATE], 970, 2
[UPDATE], 971, 4
[UPDATE], 972, 0
[UPDATE], 973, 2
[UPDATE], 974, 1
[UPDATE], 975, 1
[UPDATE], 976, 1
[UPDATE], 977, 0
[UPDATE], 978, 2
[UPDATE], 979, 0
[UPDATE], 980, 1
[UPDATE], 981, 1
[UPDATE], 982, 0
[UPDATE], 983, 0
[UPDATE], 984, 3
[UPDATE], 985, 6
[UPDATE], 986, 1
[UPDATE], 987, 6
[UPDATE], 988, 2
[UPDATE], 989, 4
[UPDATE], 990, 0
[UPDATE], 991, 4
[UPDATE], 992, 2
[UPDATE], 993, 2
[UPDATE], 994, 3
[UPDATE], 995, 3
[UPDATE], 996, 3
[UPDATE], 997, 1
[UPDATE], 998, 3
[UPDATE], 999, 3
[UPDATE], >1000, 824
java -cp /root/YCSB/rethinkdb/rethinkdb-0.5-b1.jar:/root/YCSB/rethinkdb/target/rethinkdb-binding-0.1.4.jar:/root/YCSB/rethinkdb/target/archive-tmp/rethinkdb-binding-0.1.4.jar:/root/YCSB/core/target/core-0.1.4.jar:/root/YCSB/infinispan/src/main/conf:/root/YCSB/hbase/src/main/conf:/root/YCSB/dynamodb/conf:/root/YCSB/jdbc/src/main/conf:/root/YCSB/nosqldb/src/main/conf:/root/YCSB/voldemort/src/main/conf:/root/YCSB/gemfire/src/main/conf com.yahoo.ycsb.Client -db com.yahoo.ycsb.db.RethinkDBClient -P /root/YCSB/workloads/workloada -p operationcount=6250000 -p recordcount=25000000 -p rethinkdb.host=104.130.19.228,104.130.19.225,104.130.19.223,104.130.19.226,104.130.19.221,104.130.19.22,104.130.19.222,104.130.21.31 -p rethinkdb.port=28015 -p rethinkdb.durability=hard -threads 128 -t
