YCSB Client 0.1
Command line: -db com.yahoo.ycsb.db.RethinkDBClient -P /root/YCSB/workloads/workloada -p operationcount=6250000 -p recordcount=25000000 -p rethinkdb.host=104.130.19.228,104.130.19.225,104.130.19.223,104.130.19.226,104.130.19.221,104.130.19.22,104.130.19.222,104.130.21.31 -p rethinkdb.port=28015 -p rethinkdb.durability=hard -threads 128 -t
[OVERALL], RunTime(ms), 773344.0
[OVERALL], Throughput(ops/sec), 8081.764389456697
[READ], Operations, 3126339
[READ], AverageLatency(us), 1340.1470054910872
[READ], MinLatency(us), 227
[READ], MaxLatency(us), 367460
[READ], 95thPercentileLatency(ms), 3
[READ], 99thPercentileLatency(ms), 13
[READ], Return=0, 3126333
[READ], Return=1, 6
[READ], 0, 2115634
[READ], 1, 623308
[READ], 2, 164225
[READ], 3, 72684
[READ], 4, 39795
[READ], 5, 24758
[READ], 6, 16538
[READ], 7, 11443
[READ], 8, 8156
[READ], 9, 6096
[READ], 10, 4779
[READ], 11, 3750
[READ], 12, 3339
[READ], 13, 3004
[READ], 14, 2801
[READ], 15, 2595
[READ], 16, 2355
[READ], 17, 2233
[READ], 18, 2070
[READ], 19, 2076
[READ], 20, 1873
[READ], 21, 1729
[READ], 22, 1475
[READ], 23, 1259
[READ], 24, 1107
[READ], 25, 985
[READ], 26, 916
[READ], 27, 790
[READ], 28, 794
[READ], 29, 611
[READ], 30, 466
[READ], 31, 382
[READ], 32, 326
[READ], 33, 311
[READ], 34, 283
[READ], 35, 240
[READ], 36, 168
[READ], 37, 142
[READ], 38, 117
[READ], 39, 102
[READ], 40, 87
[READ], 41, 63
[READ], 42, 47
[READ], 43, 49
[READ], 44, 34
[READ], 45, 34
[READ], 46, 33
[READ], 47, 26
[READ], 48, 21
[READ], 49, 21
[READ], 50, 14
[READ], 51, 7
[READ], 52, 8
[READ], 53, 10
[READ], 54, 11
[READ], 55, 7
[READ], 56, 6
[READ], 57, 4
[READ], 58, 9
[READ], 59, 8
[READ], 60, 8
[READ], 61, 4
[READ], 62, 9
[READ], 63, 2
[READ], 64, 1
[READ], 65, 2
[READ], 66, 6
[READ], 67, 1
[READ], 68, 1
[READ], 69, 1
[READ], 70, 2
[READ], 71, 6
[READ], 72, 0
[READ], 73, 3
[READ], 74, 1
[READ], 75, 0
[READ], 76, 0
[READ], 77, 0
[READ], 78, 1
[READ], 79, 2
[READ], 80, 1
[READ], 81, 1
[READ], 82, 2
[READ], 83, 0
[READ], 84, 1
[READ], 85, 0
[READ], 86, 2
[READ], 87, 1
[READ], 88, 1
[READ], 89, 0
[READ], 90, 1
[READ], 91, 0
[READ], 92, 1
[READ], 93, 1
[READ], 94, 0
[READ], 95, 1
[READ], 96, 0
[READ], 97, 0
[READ], 98, 1
[READ], 99, 1
[READ], 100, 1
[READ], 101, 1
[READ], 102, 0
[READ], 103, 0
[READ], 104, 0
[READ], 105, 1
[READ], 106, 0
[READ], 107, 1
[READ], 108, 1
[READ], 109, 1
[READ], 110, 0
[READ], 111, 0
[READ], 112, 1
[READ], 113, 0
[READ], 114, 0
[READ], 115, 1
[READ], 116, 0
[READ], 117, 0
[READ], 118, 0
[READ], 119, 0
[READ], 120, 1
[READ], 121, 1
[READ], 122, 0
[READ], 123, 0
[READ], 124, 0
[READ], 125, 0
[READ], 126, 0
[READ], 127, 1
[READ], 128, 0
[READ], 129, 1
[READ], 130, 0
[READ], 131, 2
[READ], 132, 1
[READ], 133, 0
[READ], 134, 2
[READ], 135, 1
[READ], 136, 0
[READ], 137, 0
[READ], 138, 1
[READ], 139, 1
[READ], 140, 0
[READ], 141, 0
[READ], 142, 1
[READ], 143, 0
[READ], 144, 2
[READ], 145, 0
[READ], 146, 0
[READ], 147, 1
[READ], 148, 1
[READ], 149, 0
[READ], 150, 0
[READ], 151, 0
[READ], 152, 1
[READ], 153, 0
[READ], 154, 0
[READ], 155, 0
[READ], 156, 0
[READ], 157, 1
[READ], 158, 0
[READ], 159, 0
[READ], 160, 1
[READ], 161, 0
[READ], 162, 1
[READ], 163, 1
[READ], 164, 0
[READ], 165, 0
[READ], 166, 1
[READ], 167, 0
[READ], 168, 0
[READ], 169, 0
[READ], 170, 1
[READ], 171, 0
[READ], 172, 0
[READ], 173, 0
[READ], 174, 0
[READ], 175, 2
[READ], 176, 0
[READ], 177, 0
[READ], 178, 0
[READ], 179, 0
[READ], 180, 1
[READ], 181, 0
[READ], 182, 0
[READ], 183, 0
[READ], 184, 0
[READ], 185, 0
[READ], 186, 0
[READ], 187, 0
[READ], 188, 2
[READ], 189, 0
[READ], 190, 0
[READ], 191, 1
[READ], 192, 0
[READ], 193, 0
[READ], 194, 0
[READ], 195, 0
[READ], 196, 1
[READ], 197, 0
[READ], 198, 0
[READ], 199, 0
[READ], 200, 0
[READ], 201, 0
[READ], 202, 0
[READ], 203, 1
[READ], 204, 0
[READ], 205, 0
[READ], 206, 0
[READ], 207, 1
[READ], 208, 0
[READ], 209, 1
[READ], 210, 0
[READ], 211, 0
[READ], 212, 0
[READ], 213, 0
[READ], 214, 0
[READ], 215, 0
[READ], 216, 0
[READ], 217, 0
[READ], 218, 0
[READ], 219, 1
[READ], 220, 1
[READ], 221, 0
[READ], 222, 0
[READ], 223, 0
[READ], 224, 0
[READ], 225, 0
[READ], 226, 0
[READ], 227, 0
[READ], 228, 0
[READ], 229, 0
[READ], 230, 0
[READ], 231, 0
[READ], 232, 0
[READ], 233, 0
[READ], 234, 0
[READ], 235, 0
[READ], 236, 1
[READ], 237, 1
[READ], 238, 0
[READ], 239, 0
[READ], 240, 0
[READ], 241, 0
[READ], 242, 1
[READ], 243, 0
[READ], 244, 0
[READ], 245, 0
[READ], 246, 1
[READ], 247, 0
[READ], 248, 0
[READ], 249, 0
[READ], 250, 0
[READ], 251, 0
[READ], 252, 0
[READ], 253, 0
[READ], 254, 0
[READ], 255, 0
[READ], 256, 0
[READ], 257, 0
[READ], 258, 0
[READ], 259, 0
[READ], 260, 1
[READ], 261, 0
[READ], 262, 0
[READ], 263, 0
[READ], 264, 0
[READ], 265, 0
[READ], 266, 1
[READ], 267, 0
[READ], 268, 0
[READ], 269, 1
[READ], 270, 0
[READ], 271, 0
[READ], 272, 0
[READ], 273, 0
[READ], 274, 1
[READ], 275, 0
[READ], 276, 0
[READ], 277, 0
[READ], 278, 0
[READ], 279, 0
[READ], 280, 1
[READ], 281, 0
[READ], 282, 0
[READ], 283, 0
[READ], 284, 0
[READ], 285, 0
[READ], 286, 0
[READ], 287, 0
[READ], 288, 0
[READ], 289, 0
[READ], 290, 0
[READ], 291, 0
[READ], 292, 0
[READ], 293, 0
[READ], 294, 0
[READ], 295, 0
[READ], 296, 0
[READ], 297, 0
[READ], 298, 0
[READ], 299, 0
[READ], 300, 0
[READ], 301, 0
[READ], 302, 0
[READ], 303, 0
[READ], 304, 0
[READ], 305, 1
[READ], 306, 0
[READ], 307, 0
[READ], 308, 0
[READ], 309, 0
[READ], 310, 0
[READ], 311, 0
[READ], 312, 0
[READ], 313, 0
[READ], 314, 0
[READ], 315, 0
[READ], 316, 0
[READ], 317, 0
[READ], 318, 0
[READ], 319, 0
[READ], 320, 0
[READ], 321, 1
[READ], 322, 0
[READ], 323, 0
[READ], 324, 0
[READ], 325, 0
[READ], 326, 0
[READ], 327, 0
[READ], 328, 0
[READ], 329, 0
[READ], 330, 0
[READ], 331, 0
[READ], 332, 0
[READ], 333, 1
[READ], 334, 0
[READ], 335, 0
[READ], 336, 0
[READ], 337, 0
[READ], 338, 0
[READ], 339, 0
[READ], 340, 0
[READ], 341, 0
[READ], 342, 1
[READ], 343, 0
[READ], 344, 0
[READ], 345, 0
[READ], 346, 0
[READ], 347, 0
[READ], 348, 0
[READ], 349, 0
[READ], 350, 0
[READ], 351, 0
[READ], 352, 0
[READ], 353, 0
[READ], 354, 1
[READ], 355, 0
[READ], 356, 0
[READ], 357, 0
[READ], 358, 0
[READ], 359, 0
[READ], 360, 0
[READ], 361, 0
[READ], 362, 0
[READ], 363, 1
[READ], 364, 0
[READ], 365, 0
[READ], 366, 0
[READ], 367, 1
[READ], 368, 0
[READ], 369, 0
[READ], 370, 0
[READ], 371, 0
[READ], 372, 0
[READ], 373, 0
[READ], 374, 0
[READ], 375, 0
[READ], 376, 0
[READ], 377, 0
[READ], 378, 0
[READ], 379, 0
[READ], 380, 0
[READ], 381, 0
[READ], 382, 0
[READ], 383, 0
[READ], 384, 0
[READ], 385, 0
[READ], 386, 0
[READ], 387, 0
[READ], 388, 0
[READ], 389, 0
[READ], 390, 0
[READ], 391, 0
[READ], 392, 0
[READ], 393, 0
[READ], 394, 0
[READ], 395, 0
[READ], 396, 0
[READ], 397, 0
[READ], 398, 0
[READ], 399, 0
[READ], 400, 0
[READ], 401, 0
[READ], 402, 0
[READ], 403, 0
[READ], 404, 0
[READ], 405, 0
[READ], 406, 0
[READ], 407, 0
[READ], 408, 0
[READ], 409, 0
[READ], 410, 0
[READ], 411, 0
[READ], 412, 0
[READ], 413, 0
[READ], 414, 0
[READ], 415, 0
[READ], 416, 0
[READ], 417, 0
[READ], 418, 0
[READ], 419, 0
[READ], 420, 0
[READ], 421, 0
[READ], 422, 0
[READ], 423, 0
[READ], 424, 0
[READ], 425, 0
[READ], 426, 0
[READ], 427, 0
[READ], 428, 0
[READ], 429, 0
[READ], 430, 0
[READ], 431, 0
[READ], 432, 0
[READ], 433, 0
[READ], 434, 0
[READ], 435, 0
[READ], 436, 0
[READ], 437, 0
[READ], 438, 0
[READ], 439, 0
[READ], 440, 0
[READ], 441, 0
[READ], 442, 0
[READ], 443, 0
[READ], 444, 0
[READ], 445, 0
[READ], 446, 0
[READ], 447, 0
[READ], 448, 0
[READ], 449, 0
[READ], 450, 0
[READ], 451, 0
[READ], 452, 0
[READ], 453, 0
[READ], 454, 0
[READ], 455, 0
[READ], 456, 0
[READ], 457, 0
[READ], 458, 0
[READ], 459, 0
[READ], 460, 0
[READ], 461, 0
[READ], 462, 0
[READ], 463, 0
[READ], 464, 0
[READ], 465, 0
[READ], 466, 0
[READ], 467, 0
[READ], 468, 0
[READ], 469, 0
[READ], 470, 0
[READ], 471, 0
[READ], 472, 0
[READ], 473, 0
[READ], 474, 0
[READ], 475, 0
[READ], 476, 0
[READ], 477, 0
[READ], 478, 0
[READ], 479, 0
[READ], 480, 0
[READ], 481, 0
[READ], 482, 0
[READ], 483, 0
[READ], 484, 0
[READ], 485, 0
[READ], 486, 0
[READ], 487, 0
[READ], 488, 0
[READ], 489, 0
[READ], 490, 0
[READ], 491, 0
[READ], 492, 0
[READ], 493, 0
[READ], 494, 0
[READ], 495, 0
[READ], 496, 0
[READ], 497, 0
[READ], 498, 0
[READ], 499, 0
[READ], 500, 0
[READ], 501, 0
[READ], 502, 0
[READ], 503, 0
[READ], 504, 0
[READ], 505, 0
[READ], 506, 0
[READ], 507, 0
[READ], 508, 0
[READ], 509, 0
[READ], 510, 0
[READ], 511, 0
[READ], 512, 0
[READ], 513, 0
[READ], 514, 0
[READ], 515, 0
[READ], 516, 0
[READ], 517, 0
[READ], 518, 0
[READ], 519, 0
[READ], 520, 0
[READ], 521, 0
[READ], 522, 0
[READ], 523, 0
[READ], 524, 0
[READ], 525, 0
[READ], 526, 0
[READ], 527, 0
[READ], 528, 0
[READ], 529, 0
[READ], 530, 0
[READ], 531, 0
[READ], 532, 0
[READ], 533, 0
[READ], 534, 0
[READ], 535, 0
[READ], 536, 0
[READ], 537, 0
[READ], 538, 0
[READ], 539, 0
[READ], 540, 0
[READ], 541, 0
[READ], 542, 0
[READ], 543, 0
[READ], 544, 0
[READ], 545, 0
[READ], 546, 0
[READ], 547, 0
[READ], 548, 0
[READ], 549, 0
[READ], 550, 0
[READ], 551, 0
[READ], 552, 0
[READ], 553, 0
[READ], 554, 0
[READ], 555, 0
[READ], 556, 0
[READ], 557, 0
[READ], 558, 0
[READ], 559, 0
[READ], 560, 0
[READ], 561, 0
[READ], 562, 0
[READ], 563, 0
[READ], 564, 0
[READ], 565, 0
[READ], 566, 0
[READ], 567, 0
[READ], 568, 0
[READ], 569, 0
[READ], 570, 0
[READ], 571, 0
[READ], 572, 0
[READ], 573, 0
[READ], 574, 0
[READ], 575, 0
[READ], 576, 0
[READ], 577, 0
[READ], 578, 0
[READ], 579, 0
[READ], 580, 0
[READ], 581, 0
[READ], 582, 0
[READ], 583, 0
[READ], 584, 0
[READ], 585, 0
[READ], 586, 0
[READ], 587, 0
[READ], 588, 0
[READ], 589, 0
[READ], 590, 0
[READ], 591, 0
[READ], 592, 0
[READ], 593, 0
[READ], 594, 0
[READ], 595, 0
[READ], 596, 0
[READ], 597, 0
[READ], 598, 0
[READ], 599, 0
[READ], 600, 0
[READ], 601, 0
[READ], 602, 0
[READ], 603, 0
[READ], 604, 0
[READ], 605, 0
[READ], 606, 0
[READ], 607, 0
[READ], 608, 0
[READ], 609, 0
[READ], 610, 0
[READ], 611, 0
[READ], 612, 0
[READ], 613, 0
[READ], 614, 0
[READ], 615, 0
[READ], 616, 0
[READ], 617, 0
[READ], 618, 0
[READ], 619, 0
[READ], 620, 0
[READ], 621, 0
[READ], 622, 0
[READ], 623, 0
[READ], 624, 0
[READ], 625, 0
[READ], 626, 0
[READ], 627, 0
[READ], 628, 0
[READ], 629, 0
[READ], 630, 0
[READ], 631, 0
[READ], 632, 0
[READ], 633, 0
[READ], 634, 0
[READ], 635, 0
[READ], 636, 0
[READ], 637, 0
[READ], 638, 0
[READ], 639, 0
[READ], 640, 0
[READ], 641, 0
[READ], 642, 0
[READ], 643, 0
[READ], 644, 0
[READ], 645, 0
[READ], 646, 0
[READ], 647, 0
[READ], 648, 0
[READ], 649, 0
[READ], 650, 0
[READ], 651, 0
[READ], 652, 0
[READ], 653, 0
[READ], 654, 0
[READ], 655, 0
[READ], 656, 0
[READ], 657, 0
[READ], 658, 0
[READ], 659, 0
[READ], 660, 0
[READ], 661, 0
[READ], 662, 0
[READ], 663, 0
[READ], 664, 0
[READ], 665, 0
[READ], 666, 0
[READ], 667, 0
[READ], 668, 0
[READ], 669, 0
[READ], 670, 0
[READ], 671, 0
[READ], 672, 0
[READ], 673, 0
[READ], 674, 0
[READ], 675, 0
[READ], 676, 0
[READ], 677, 0
[READ], 678, 0
[READ], 679, 0
[READ], 680, 0
[READ], 681, 0
[READ], 682, 0
[READ], 683, 0
[READ], 684, 0
[READ], 685, 0
[READ], 686, 0
[READ], 687, 0
[READ], 688, 0
[READ], 689, 0
[READ], 690, 0
[READ], 691, 0
[READ], 692, 0
[READ], 693, 0
[READ], 694, 0
[READ], 695, 0
[READ], 696, 0
[READ], 697, 0
[READ], 698, 0
[READ], 699, 0
[READ], 700, 0
[READ], 701, 0
[READ], 702, 0
[READ], 703, 0
[READ], 704, 0
[READ], 705, 0
[READ], 706, 0
[READ], 707, 0
[READ], 708, 0
[READ], 709, 0
[READ], 710, 0
[READ], 711, 0
[READ], 712, 0
[READ], 713, 0
[READ], 714, 0
[READ], 715, 0
[READ], 716, 0
[READ], 717, 0
[READ], 718, 0
[READ], 719, 0
[READ], 720, 0
[READ], 721, 0
[READ], 722, 0
[READ], 723, 0
[READ], 724, 0
[READ], 725, 0
[READ], 726, 0
[READ], 727, 0
[READ], 728, 0
[READ], 729, 0
[READ], 730, 0
[READ], 731, 0
[READ], 732, 0
[READ], 733, 0
[READ], 734, 0
[READ], 735, 0
[READ], 736, 0
[READ], 737, 0
[READ], 738, 0
[READ], 739, 0
[READ], 740, 0
[READ], 741, 0
[READ], 742, 0
[READ], 743, 0
[READ], 744, 0
[READ], 745, 0
[READ], 746, 0
[READ], 747, 0
[READ], 748, 0
[READ], 749, 0
[READ], 750, 0
[READ], 751, 0
[READ], 752, 0
[READ], 753, 0
[READ], 754, 0
[READ], 755, 0
[READ], 756, 0
[READ], 757, 0
[READ], 758, 0
[READ], 759, 0
[READ], 760, 0
[READ], 761, 0
[READ], 762, 0
[READ], 763, 0
[READ], 764, 0
[READ], 765, 0
[READ], 766, 0
[READ], 767, 0
[READ], 768, 0
[READ], 769, 0
[READ], 770, 0
[READ], 771, 0
[READ], 772, 0
[READ], 773, 0
[READ], 774, 0
[READ], 775, 0
[READ], 776, 0
[READ], 777, 0
[READ], 778, 0
[READ], 779, 0
[READ], 780, 0
[READ], 781, 0
[READ], 782, 0
[READ], 783, 0
[READ], 784, 0
[READ], 785, 0
[READ], 786, 0
[READ], 787, 0
[READ], 788, 0
[READ], 789, 0
[READ], 790, 0
[READ], 791, 0
[READ], 792, 0
[READ], 793, 0
[READ], 794, 0
[READ], 795, 0
[READ], 796, 0
[READ], 797, 0
[READ], 798, 0
[READ], 799, 0
[READ], 800, 0
[READ], 801, 0
[READ], 802, 0
[READ], 803, 0
[READ], 804, 0
[READ], 805, 0
[READ], 806, 0
[READ], 807, 0
[READ], 808, 0
[READ], 809, 0
[READ], 810, 0
[READ], 811, 0
[READ], 812, 0
[READ], 813, 0
[READ], 814, 0
[READ], 815, 0
[READ], 816, 0
[READ], 817, 0
[READ], 818, 0
[READ], 819, 0
[READ], 820, 0
[READ], 821, 0
[READ], 822, 0
[READ], 823, 0
[READ], 824, 0
[READ], 825, 0
[READ], 826, 0
[READ], 827, 0
[READ], 828, 0
[READ], 829, 0
[READ], 830, 0
[READ], 831, 0
[READ], 832, 0
[READ], 833, 0
[READ], 834, 0
[READ], 835, 0
[READ], 836, 0
[READ], 837, 0
[READ], 838, 0
[READ], 839, 0
[READ], 840, 0
[READ], 841, 0
[READ], 842, 0
[READ], 843, 0
[READ], 844, 0
[READ], 845, 0
[READ], 846, 0
[READ], 847, 0
[READ], 848, 0
[READ], 849, 0
[READ], 850, 0
[READ], 851, 0
[READ], 852, 0
[READ], 853, 0
[READ], 854, 0
[READ], 855, 0
[READ], 856, 0
[READ], 857, 0
[READ], 858, 0
[READ], 859, 0
[READ], 860, 0
[READ], 861, 0
[READ], 862, 0
[READ], 863, 0
[READ], 864, 0
[READ], 865, 0
[READ], 866, 0
[READ], 867, 0
[READ], 868, 0
[READ], 869, 0
[READ], 870, 0
[READ], 871, 0
[READ], 872, 0
[READ], 873, 0
[READ], 874, 0
[READ], 875, 0
[READ], 876, 0
[READ], 877, 0
[READ], 878, 0
[READ], 879, 0
[READ], 880, 0
[READ], 881, 0
[READ], 882, 0
[READ], 883, 0
[READ], 884, 0
[READ], 885, 0
[READ], 886, 0
[READ], 887, 0
[READ], 888, 0
[READ], 889, 0
[READ], 890, 0
[READ], 891, 0
[READ], 892, 0
[READ], 893, 0
[READ], 894, 0
[READ], 895, 0
[READ], 896, 0
[READ], 897, 0
[READ], 898, 0
[READ], 899, 0
[READ], 900, 0
[READ], 901, 0
[READ], 902, 0
[READ], 903, 0
[READ], 904, 0
[READ], 905, 0
[READ], 906, 0
[READ], 907, 0
[READ], 908, 0
[READ], 909, 0
[READ], 910, 0
[READ], 911, 0
[READ], 912, 0
[READ], 913, 0
[READ], 914, 0
[READ], 915, 0
[READ], 916, 0
[READ], 917, 0
[READ], 918, 0
[READ], 919, 0
[READ], 920, 0
[READ], 921, 0
[READ], 922, 0
[READ], 923, 0
[READ], 924, 0
[READ], 925, 0
[READ], 926, 0
[READ], 927, 0
[READ], 928, 0
[READ], 929, 0
[READ], 930, 0
[READ], 931, 0
[READ], 932, 0
[READ], 933, 0
[READ], 934, 0
[READ], 935, 0
[READ], 936, 0
[READ], 937, 0
[READ], 938, 0
[READ], 939, 0
[READ], 940, 0
[READ], 941, 0
[READ], 942, 0
[READ], 943, 0
[READ], 944, 0
[READ], 945, 0
[READ], 946, 0
[READ], 947, 0
[READ], 948, 0
[READ], 949, 0
[READ], 950, 0
[READ], 951, 0
[READ], 952, 0
[READ], 953, 0
[READ], 954, 0
[READ], 955, 0
[READ], 956, 0
[READ], 957, 0
[READ], 958, 0
[READ], 959, 0
[READ], 960, 0
[READ], 961, 0
[READ], 962, 0
[READ], 963, 0
[READ], 964, 0
[READ], 965, 0
[READ], 966, 0
[READ], 967, 0
[READ], 968, 0
[READ], 969, 0
[READ], 970, 0
[READ], 971, 0
[READ], 972, 0
[READ], 973, 0
[READ], 974, 0
[READ], 975, 0
[READ], 976, 0
[READ], 977, 0
[READ], 978, 0
[READ], 979, 0
[READ], 980, 0
[READ], 981, 0
[READ], 982, 0
[READ], 983, 0
[READ], 984, 0
[READ], 985, 0
[READ], 986, 0
[READ], 987, 0
[READ], 988, 0
[READ], 989, 0
[READ], 990, 0
[READ], 991, 0
[READ], 992, 0
[READ], 993, 0
[READ], 994, 0
[READ], 995, 0
[READ], 996, 0
[READ], 997, 0
[READ], 998, 0
[READ], 999, 0
[READ], >1000, 0
[CLEANUP], Operations, 128
[CLEANUP], AverageLatency(us), 184.0078125
[CLEANUP], MinLatency(us), 115
[CLEANUP], MaxLatency(us), 1306
[CLEANUP], 95thPercentileLatency(ms), 0
[CLEANUP], 99thPercentileLatency(ms), 0
[CLEANUP], 0, 127
[CLEANUP], 1, 1
[CLEANUP], 2, 0
[CLEANUP], 3, 0
[CLEANUP], 4, 0
[CLEANUP], 5, 0
[CLEANUP], 6, 0
[CLEANUP], 7, 0
[CLEANUP], 8, 0
[CLEANUP], 9, 0
[CLEANUP], 10, 0
[CLEANUP], 11, 0
[CLEANUP], 12, 0
[CLEANUP], 13, 0
[CLEANUP], 14, 0
[CLEANUP], 15, 0
[CLEANUP], 16, 0
[CLEANUP], 17, 0
[CLEANUP], 18, 0
[CLEANUP], 19, 0
[CLEANUP], 20, 0
[CLEANUP], 21, 0
[CLEANUP], 22, 0
[CLEANUP], 23, 0
[CLEANUP], 24, 0
[CLEANUP], 25, 0
[CLEANUP], 26, 0
[CLEANUP], 27, 0
[CLEANUP], 28, 0
[CLEANUP], 29, 0
[CLEANUP], 30, 0
[CLEANUP], 31, 0
[CLEANUP], 32, 0
[CLEANUP], 33, 0
[CLEANUP], 34, 0
[CLEANUP], 35, 0
[CLEANUP], 36, 0
[CLEANUP], 37, 0
[CLEANUP], 38, 0
[CLEANUP], 39, 0
[CLEANUP], 40, 0
[CLEANUP], 41, 0
[CLEANUP], 42, 0
[CLEANUP], 43, 0
[CLEANUP], 44, 0
[CLEANUP], 45, 0
[CLEANUP], 46, 0
[CLEANUP], 47, 0
[CLEANUP], 48, 0
[CLEANUP], 49, 0
[CLEANUP], 50, 0
[CLEANUP], 51, 0
[CLEANUP], 52, 0
[CLEANUP], 53, 0
[CLEANUP], 54, 0
[CLEANUP], 55, 0
[CLEANUP], 56, 0
[CLEANUP], 57, 0
[CLEANUP], 58, 0
[CLEANUP], 59, 0
[CLEANUP], 60, 0
[CLEANUP], 61, 0
[CLEANUP], 62, 0
[CLEANUP], 63, 0
[CLEANUP], 64, 0
[CLEANUP], 65, 0
[CLEANUP], 66, 0
[CLEANUP], 67, 0
[CLEANUP], 68, 0
[CLEANUP], 69, 0
[CLEANUP], 70, 0
[CLEANUP], 71, 0
[CLEANUP], 72, 0
[CLEANUP], 73, 0
[CLEANUP], 74, 0
[CLEANUP], 75, 0
[CLEANUP], 76, 0
[CLEANUP], 77, 0
[CLEANUP], 78, 0
[CLEANUP], 79, 0
[CLEANUP], 80, 0
[CLEANUP], 81, 0
[CLEANUP], 82, 0
[CLEANUP], 83, 0
[CLEANUP], 84, 0
[CLEANUP], 85, 0
[CLEANUP], 86, 0
[CLEANUP], 87, 0
[CLEANUP], 88, 0
[CLEANUP], 89, 0
[CLEANUP], 90, 0
[CLEANUP], 91, 0
[CLEANUP], 92, 0
[CLEANUP], 93, 0
[CLEANUP], 94, 0
[CLEANUP], 95, 0
[CLEANUP], 96, 0
[CLEANUP], 97, 0
[CLEANUP], 98, 0
[CLEANUP], 99, 0
[CLEANUP], 100, 0
[CLEANUP], 101, 0
[CLEANUP], 102, 0
[CLEANUP], 103, 0
[CLEANUP], 104, 0
[CLEANUP], 105, 0
[CLEANUP], 106, 0
[CLEANUP], 107, 0
[CLEANUP], 108, 0
[CLEANUP], 109, 0
[CLEANUP], 110, 0
[CLEANUP], 111, 0
[CLEANUP], 112, 0
[CLEANUP], 113, 0
[CLEANUP], 114, 0
[CLEANUP], 115, 0
[CLEANUP], 116, 0
[CLEANUP], 117, 0
[CLEANUP], 118, 0
[CLEANUP], 119, 0
[CLEANUP], 120, 0
[CLEANUP], 121, 0
[CLEANUP], 122, 0
[CLEANUP], 123, 0
[CLEANUP], 124, 0
[CLEANUP], 125, 0
[CLEANUP], 126, 0
[CLEANUP], 127, 0
[CLEANUP], 128, 0
[CLEANUP], 129, 0
[CLEANUP], 130, 0
[CLEANUP], 131, 0
[CLEANUP], 132, 0
[CLEANUP], 133, 0
[CLEANUP], 134, 0
[CLEANUP], 135, 0
[CLEANUP], 136, 0
[CLEANUP], 137, 0
[CLEANUP], 138, 0
[CLEANUP], 139, 0
[CLEANUP], 140, 0
[CLEANUP], 141, 0
[CLEANUP], 142, 0
[CLEANUP], 143, 0
[CLEANUP], 144, 0
[CLEANUP], 145, 0
[CLEANUP], 146, 0
[CLEANUP], 147, 0
[CLEANUP], 148, 0
[CLEANUP], 149, 0
[CLEANUP], 150, 0
[CLEANUP], 151, 0
[CLEANUP], 152, 0
[CLEANUP], 153, 0
[CLEANUP], 154, 0
[CLEANUP], 155, 0
[CLEANUP], 156, 0
[CLEANUP], 157, 0
[CLEANUP], 158, 0
[CLEANUP], 159, 0
[CLEANUP], 160, 0
[CLEANUP], 161, 0
[CLEANUP], 162, 0
[CLEANUP], 163, 0
[CLEANUP], 164, 0
[CLEANUP], 165, 0
[CLEANUP], 166, 0
[CLEANUP], 167, 0
[CLEANUP], 168, 0
[CLEANUP], 169, 0
[CLEANUP], 170, 0
[CLEANUP], 171, 0
[CLEANUP], 172, 0
[CLEANUP], 173, 0
[CLEANUP], 174, 0
[CLEANUP], 175, 0
[CLEANUP], 176, 0
[CLEANUP], 177, 0
[CLEANUP], 178, 0
[CLEANUP], 179, 0
[CLEANUP], 180, 0
[CLEANUP], 181, 0
[CLEANUP], 182, 0
[CLEANUP], 183, 0
[CLEANUP], 184, 0
[CLEANUP], 185, 0
[CLEANUP], 186, 0
[CLEANUP], 187, 0
[CLEANUP], 188, 0
[CLEANUP], 189, 0
[CLEANUP], 190, 0
[CLEANUP], 191, 0
[CLEANUP], 192, 0
[CLEANUP], 193, 0
[CLEANUP], 194, 0
[CLEANUP], 195, 0
[CLEANUP], 196, 0
[CLEANUP], 197, 0
[CLEANUP], 198, 0
[CLEANUP], 199, 0
[CLEANUP], 200, 0
[CLEANUP], 201, 0
[CLEANUP], 202, 0
[CLEANUP], 203, 0
[CLEANUP], 204, 0
[CLEANUP], 205, 0
[CLEANUP], 206, 0
[CLEANUP], 207, 0
[CLEANUP], 208, 0
[CLEANUP], 209, 0
[CLEANUP], 210, 0
[CLEANUP], 211, 0
[CLEANUP], 212, 0
[CLEANUP], 213, 0
[CLEANUP], 214, 0
[CLEANUP], 215, 0
[CLEANUP], 216, 0
[CLEANUP], 217, 0
[CLEANUP], 218, 0
[CLEANUP], 219, 0
[CLEANUP], 220, 0
[CLEANUP], 221, 0
[CLEANUP], 222, 0
[CLEANUP], 223, 0
[CLEANUP], 224, 0
[CLEANUP], 225, 0
[CLEANUP], 226, 0
[CLEANUP], 227, 0
[CLEANUP], 228, 0
[CLEANUP], 229, 0
[CLEANUP], 230, 0
[CLEANUP], 231, 0
[CLEANUP], 232, 0
[CLEANUP], 233, 0
[CLEANUP], 234, 0
[CLEANUP], 235, 0
[CLEANUP], 236, 0
[CLEANUP], 237, 0
[CLEANUP], 238, 0
[CLEANUP], 239, 0
[CLEANUP], 240, 0
[CLEANUP], 241, 0
[CLEANUP], 242, 0
[CLEANUP], 243, 0
[CLEANUP], 244, 0
[CLEANUP], 245, 0
[CLEANUP], 246, 0
[CLEANUP], 247, 0
[CLEANUP], 248, 0
[CLEANUP], 249, 0
[CLEANUP], 250, 0
[CLEANUP], 251, 0
[CLEANUP], 252, 0
[CLEANUP], 253, 0
[CLEANUP], 254, 0
[CLEANUP], 255, 0
[CLEANUP], 256, 0
[CLEANUP], 257, 0
[CLEANUP], 258, 0
[CLEANUP], 259, 0
[CLEANUP], 260, 0
[CLEANUP], 261, 0
[CLEANUP], 262, 0
[CLEANUP], 263, 0
[CLEANUP], 264, 0
[CLEANUP], 265, 0
[CLEANUP], 266, 0
[CLEANUP], 267, 0
[CLEANUP], 268, 0
[CLEANUP], 269, 0
[CLEANUP], 270, 0
[CLEANUP], 271, 0
[CLEANUP], 272, 0
[CLEANUP], 273, 0
[CLEANUP], 274, 0
[CLEANUP], 275, 0
[CLEANUP], 276, 0
[CLEANUP], 277, 0
[CLEANUP], 278, 0
[CLEANUP], 279, 0
[CLEANUP], 280, 0
[CLEANUP], 281, 0
[CLEANUP], 282, 0
[CLEANUP], 283, 0
[CLEANUP], 284, 0
[CLEANUP], 285, 0
[CLEANUP], 286, 0
[CLEANUP], 287, 0
[CLEANUP], 288, 0
[CLEANUP], 289, 0
[CLEANUP], 290, 0
[CLEANUP], 291, 0
[CLEANUP], 292, 0
[CLEANUP], 293, 0
[CLEANUP], 294, 0
[CLEANUP], 295, 0
[CLEANUP], 296, 0
[CLEANUP], 297, 0
[CLEANUP], 298, 0
[CLEANUP], 299, 0
[CLEANUP], 300, 0
[CLEANUP], 301, 0
[CLEANUP], 302, 0
[CLEANUP], 303, 0
[CLEANUP], 304, 0
[CLEANUP], 305, 0
[CLEANUP], 306, 0
[CLEANUP], 307, 0
[CLEANUP], 308, 0
[CLEANUP], 309, 0
[CLEANUP], 310, 0
[CLEANUP], 311, 0
[CLEANUP], 312, 0
[CLEANUP], 313, 0
[CLEANUP], 314, 0
[CLEANUP], 315, 0
[CLEANUP], 316, 0
[CLEANUP], 317, 0
[CLEANUP], 318, 0
[CLEANUP], 319, 0
[CLEANUP], 320, 0
[CLEANUP], 321, 0
[CLEANUP], 322, 0
[CLEANUP], 323, 0
[CLEANUP], 324, 0
[CLEANUP], 325, 0
[CLEANUP], 326, 0
[CLEANUP], 327, 0
[CLEANUP], 328, 0
[CLEANUP], 329, 0
[CLEANUP], 330, 0
[CLEANUP], 331, 0
[CLEANUP], 332, 0
[CLEANUP], 333, 0
[CLEANUP], 334, 0
[CLEANUP], 335, 0
[CLEANUP], 336, 0
[CLEANUP], 337, 0
[CLEANUP], 338, 0
[CLEANUP], 339, 0
[CLEANUP], 340, 0
[CLEANUP], 341, 0
[CLEANUP], 342, 0
[CLEANUP], 343, 0
[CLEANUP], 344, 0
[CLEANUP], 345, 0
[CLEANUP], 346, 0
[CLEANUP], 347, 0
[CLEANUP], 348, 0
[CLEANUP], 349, 0
[CLEANUP], 350, 0
[CLEANUP], 351, 0
[CLEANUP], 352, 0
[CLEANUP], 353, 0
[CLEANUP], 354, 0
[CLEANUP], 355, 0
[CLEANUP], 356, 0
[CLEANUP], 357, 0
[CLEANUP], 358, 0
[CLEANUP], 359, 0
[CLEANUP], 360, 0
[CLEANUP], 361, 0
[CLEANUP], 362, 0
[CLEANUP], 363, 0
[CLEANUP], 364, 0
[CLEANUP], 365, 0
[CLEANUP], 366, 0
[CLEANUP], 367, 0
[CLEANUP], 368, 0
[CLEANUP], 369, 0
[CLEANUP], 370, 0
[CLEANUP], 371, 0
[CLEANUP], 372, 0
[CLEANUP], 373, 0
[CLEANUP], 374, 0
[CLEANUP], 375, 0
[CLEANUP], 376, 0
[CLEANUP], 377, 0
[CLEANUP], 378, 0
[CLEANUP], 379, 0
[CLEANUP], 380, 0
[CLEANUP], 381, 0
[CLEANUP], 382, 0
[CLEANUP], 383, 0
[CLEANUP], 384, 0
[CLEANUP], 385, 0
[CLEANUP], 386, 0
[CLEANUP], 387, 0
[CLEANUP], 388, 0
[CLEANUP], 389, 0
[CLEANUP], 390, 0
[CLEANUP], 391, 0
[CLEANUP], 392, 0
[CLEANUP], 393, 0
[CLEANUP], 394, 0
[CLEANUP], 395, 0
[CLEANUP], 396, 0
[CLEANUP], 397, 0
[CLEANUP], 398, 0
[CLEANUP], 399, 0
[CLEANUP], 400, 0
[CLEANUP], 401, 0
[CLEANUP], 402, 0
[CLEANUP], 403, 0
[CLEANUP], 404, 0
[CLEANUP], 405, 0
[CLEANUP], 406, 0
[CLEANUP], 407, 0
[CLEANUP], 408, 0
[CLEANUP], 409, 0
[CLEANUP], 410, 0
[CLEANUP], 411, 0
[CLEANUP], 412, 0
[CLEANUP], 413, 0
[CLEANUP], 414, 0
[CLEANUP], 415, 0
[CLEANUP], 416, 0
[CLEANUP], 417, 0
[CLEANUP], 418, 0
[CLEANUP], 419, 0
[CLEANUP], 420, 0
[CLEANUP], 421, 0
[CLEANUP], 422, 0
[CLEANUP], 423, 0
[CLEANUP], 424, 0
[CLEANUP], 425, 0
[CLEANUP], 426, 0
[CLEANUP], 427, 0
[CLEANUP], 428, 0
[CLEANUP], 429, 0
[CLEANUP], 430, 0
[CLEANUP], 431, 0
[CLEANUP], 432, 0
[CLEANUP], 433, 0
[CLEANUP], 434, 0
[CLEANUP], 435, 0
[CLEANUP], 436, 0
[CLEANUP], 437, 0
[CLEANUP], 438, 0
[CLEANUP], 439, 0
[CLEANUP], 440, 0
[CLEANUP], 441, 0
[CLEANUP], 442, 0
[CLEANUP], 443, 0
[CLEANUP], 444, 0
[CLEANUP], 445, 0
[CLEANUP], 446, 0
[CLEANUP], 447, 0
[CLEANUP], 448, 0
[CLEANUP], 449, 0
[CLEANUP], 450, 0
[CLEANUP], 451, 0
[CLEANUP], 452, 0
[CLEANUP], 453, 0
[CLEANUP], 454, 0
[CLEANUP], 455, 0
[CLEANUP], 456, 0
[CLEANUP], 457, 0
[CLEANUP], 458, 0
[CLEANUP], 459, 0
[CLEANUP], 460, 0
[CLEANUP], 461, 0
[CLEANUP], 462, 0
[CLEANUP], 463, 0
[CLEANUP], 464, 0
[CLEANUP], 465, 0
[CLEANUP], 466, 0
[CLEANUP], 467, 0
[CLEANUP], 468, 0
[CLEANUP], 469, 0
[CLEANUP], 470, 0
[CLEANUP], 471, 0
[CLEANUP], 472, 0
[CLEANUP], 473, 0
[CLEANUP], 474, 0
[CLEANUP], 475, 0
[CLEANUP], 476, 0
[CLEANUP], 477, 0
[CLEANUP], 478, 0
[CLEANUP], 479, 0
[CLEANUP], 480, 0
[CLEANUP], 481, 0
[CLEANUP], 482, 0
[CLEANUP], 483, 0
[CLEANUP], 484, 0
[CLEANUP], 485, 0
[CLEANUP], 486, 0
[CLEANUP], 487, 0
[CLEANUP], 488, 0
[CLEANUP], 489, 0
[CLEANUP], 490, 0
[CLEANUP], 491, 0
[CLEANUP], 492, 0
[CLEANUP], 493, 0
[CLEANUP], 494, 0
[CLEANUP], 495, 0
[CLEANUP], 496, 0
[CLEANUP], 497, 0
[CLEANUP], 498, 0
[CLEANUP], 499, 0
[CLEANUP], 500, 0
[CLEANUP], 501, 0
[CLEANUP], 502, 0
[CLEANUP], 503, 0
[CLEANUP], 504, 0
[CLEANUP], 505, 0
[CLEANUP], 506, 0
[CLEANUP], 507, 0
[CLEANUP], 508, 0
[CLEANUP], 509, 0
[CLEANUP], 510, 0
[CLEANUP], 511, 0
[CLEANUP], 512, 0
[CLEANUP], 513, 0
[CLEANUP], 514, 0
[CLEANUP], 515, 0
[CLEANUP], 516, 0
[CLEANUP], 517, 0
[CLEANUP], 518, 0
[CLEANUP], 519, 0
[CLEANUP], 520, 0
[CLEANUP], 521, 0
[CLEANUP], 522, 0
[CLEANUP], 523, 0
[CLEANUP], 524, 0
[CLEANUP], 525, 0
[CLEANUP], 526, 0
[CLEANUP], 527, 0
[CLEANUP], 528, 0
[CLEANUP], 529, 0
[CLEANUP], 530, 0
[CLEANUP], 531, 0
[CLEANUP], 532, 0
[CLEANUP], 533, 0
[CLEANUP], 534, 0
[CLEANUP], 535, 0
[CLEANUP], 536, 0
[CLEANUP], 537, 0
[CLEANUP], 538, 0
[CLEANUP], 539, 0
[CLEANUP], 540, 0
[CLEANUP], 541, 0
[CLEANUP], 542, 0
[CLEANUP], 543, 0
[CLEANUP], 544, 0
[CLEANUP], 545, 0
[CLEANUP], 546, 0
[CLEANUP], 547, 0
[CLEANUP], 548, 0
[CLEANUP], 549, 0
[CLEANUP], 550, 0
[CLEANUP], 551, 0
[CLEANUP], 552, 0
[CLEANUP], 553, 0
[CLEANUP], 554, 0
[CLEANUP], 555, 0
[CLEANUP], 556, 0
[CLEANUP], 557, 0
[CLEANUP], 558, 0
[CLEANUP], 559, 0
[CLEANUP], 560, 0
[CLEANUP], 561, 0
[CLEANUP], 562, 0
[CLEANUP], 563, 0
[CLEANUP], 564, 0
[CLEANUP], 565, 0
[CLEANUP], 566, 0
[CLEANUP], 567, 0
[CLEANUP], 568, 0
[CLEANUP], 569, 0
[CLEANUP], 570, 0
[CLEANUP], 571, 0
[CLEANUP], 572, 0
[CLEANUP], 573, 0
[CLEANUP], 574, 0
[CLEANUP], 575, 0
[CLEANUP], 576, 0
[CLEANUP], 577, 0
[CLEANUP], 578, 0
[CLEANUP], 579, 0
[CLEANUP], 580, 0
[CLEANUP], 581, 0
[CLEANUP], 582, 0
[CLEANUP], 583, 0
[CLEANUP], 584, 0
[CLEANUP], 585, 0
[CLEANUP], 586, 0
[CLEANUP], 587, 0
[CLEANUP], 588, 0
[CLEANUP], 589, 0
[CLEANUP], 590, 0
[CLEANUP], 591, 0
[CLEANUP], 592, 0
[CLEANUP], 593, 0
[CLEANUP], 594, 0
[CLEANUP], 595, 0
[CLEANUP], 596, 0
[CLEANUP], 597, 0
[CLEANUP], 598, 0
[CLEANUP], 599, 0
[CLEANUP], 600, 0
[CLEANUP], 601, 0
[CLEANUP], 602, 0
[CLEANUP], 603, 0
[CLEANUP], 604, 0
[CLEANUP], 605, 0
[CLEANUP], 606, 0
[CLEANUP], 607, 0
[CLEANUP], 608, 0
[CLEANUP], 609, 0
[CLEANUP], 610, 0
[CLEANUP], 611, 0
[CLEANUP], 612, 0
[CLEANUP], 613, 0
[CLEANUP], 614, 0
[CLEANUP], 615, 0
[CLEANUP], 616, 0
[CLEANUP], 617, 0
[CLEANUP], 618, 0
[CLEANUP], 619, 0
[CLEANUP], 620, 0
[CLEANUP], 621, 0
[CLEANUP], 622, 0
[CLEANUP], 623, 0
[CLEANUP], 624, 0
[CLEANUP], 625, 0
[CLEANUP], 626, 0
[CLEANUP], 627, 0
[CLEANUP], 628, 0
[CLEANUP], 629, 0
[CLEANUP], 630, 0
[CLEANUP], 631, 0
[CLEANUP], 632, 0
[CLEANUP], 633, 0
[CLEANUP], 634, 0
[CLEANUP], 635, 0
[CLEANUP], 636, 0
[CLEANUP], 637, 0
[CLEANUP], 638, 0
[CLEANUP], 639, 0
[CLEANUP], 640, 0
[CLEANUP], 641, 0
[CLEANUP], 642, 0
[CLEANUP], 643, 0
[CLEANUP], 644, 0
[CLEANUP], 645, 0
[CLEANUP], 646, 0
[CLEANUP], 647, 0
[CLEANUP], 648, 0
[CLEANUP], 649, 0
[CLEANUP], 650, 0
[CLEANUP], 651, 0
[CLEANUP], 652, 0
[CLEANUP], 653, 0
[CLEANUP], 654, 0
[CLEANUP], 655, 0
[CLEANUP], 656, 0
[CLEANUP], 657, 0
[CLEANUP], 658, 0
[CLEANUP], 659, 0
[CLEANUP], 660, 0
[CLEANUP], 661, 0
[CLEANUP], 662, 0
[CLEANUP], 663, 0
[CLEANUP], 664, 0
[CLEANUP], 665, 0
[CLEANUP], 666, 0
[CLEANUP], 667, 0
[CLEANUP], 668, 0
[CLEANUP], 669, 0
[CLEANUP], 670, 0
[CLEANUP], 671, 0
[CLEANUP], 672, 0
[CLEANUP], 673, 0
[CLEANUP], 674, 0
[CLEANUP], 675, 0
[CLEANUP], 676, 0
[CLEANUP], 677, 0
[CLEANUP], 678, 0
[CLEANUP], 679, 0
[CLEANUP], 680, 0
[CLEANUP], 681, 0
[CLEANUP], 682, 0
[CLEANUP], 683, 0
[CLEANUP], 684, 0
[CLEANUP], 685, 0
[CLEANUP], 686, 0
[CLEANUP], 687, 0
[CLEANUP], 688, 0
[CLEANUP], 689, 0
[CLEANUP], 690, 0
[CLEANUP], 691, 0
[CLEANUP], 692, 0
[CLEANUP], 693, 0
[CLEANUP], 694, 0
[CLEANUP], 695, 0
[CLEANUP], 696, 0
[CLEANUP], 697, 0
[CLEANUP], 698, 0
[CLEANUP], 699, 0
[CLEANUP], 700, 0
[CLEANUP], 701, 0
[CLEANUP], 702, 0
[CLEANUP], 703, 0
[CLEANUP], 704, 0
[CLEANUP], 705, 0
[CLEANUP], 706, 0
[CLEANUP], 707, 0
[CLEANUP], 708, 0
[CLEANUP], 709, 0
[CLEANUP], 710, 0
[CLEANUP], 711, 0
[CLEANUP], 712, 0
[CLEANUP], 713, 0
[CLEANUP], 714, 0
[CLEANUP], 715, 0
[CLEANUP], 716, 0
[CLEANUP], 717, 0
[CLEANUP], 718, 0
[CLEANUP], 719, 0
[CLEANUP], 720, 0
[CLEANUP], 721, 0
[CLEANUP], 722, 0
[CLEANUP], 723, 0
[CLEANUP], 724, 0
[CLEANUP], 725, 0
[CLEANUP], 726, 0
[CLEANUP], 727, 0
[CLEANUP], 728, 0
[CLEANUP], 729, 0
[CLEANUP], 730, 0
[CLEANUP], 731, 0
[CLEANUP], 732, 0
[CLEANUP], 733, 0
[CLEANUP], 734, 0
[CLEANUP], 735, 0
[CLEANUP], 736, 0
[CLEANUP], 737, 0
[CLEANUP], 738, 0
[CLEANUP], 739, 0
[CLEANUP], 740, 0
[CLEANUP], 741, 0
[CLEANUP], 742, 0
[CLEANUP], 743, 0
[CLEANUP], 744, 0
[CLEANUP], 745, 0
[CLEANUP], 746, 0
[CLEANUP], 747, 0
[CLEANUP], 748, 0
[CLEANUP], 749, 0
[CLEANUP], 750, 0
[CLEANUP], 751, 0
[CLEANUP], 752, 0
[CLEANUP], 753, 0
[CLEANUP], 754, 0
[CLEANUP], 755, 0
[CLEANUP], 756, 0
[CLEANUP], 757, 0
[CLEANUP], 758, 0
[CLEANUP], 759, 0
[CLEANUP], 760, 0
[CLEANUP], 761, 0
[CLEANUP], 762, 0
[CLEANUP], 763, 0
[CLEANUP], 764, 0
[CLEANUP], 765, 0
[CLEANUP], 766, 0
[CLEANUP], 767, 0
[CLEANUP], 768, 0
[CLEANUP], 769, 0
[CLEANUP], 770, 0
[CLEANUP], 771, 0
[CLEANUP], 772, 0
[CLEANUP], 773, 0
[CLEANUP], 774, 0
[CLEANUP], 775, 0
[CLEANUP], 776, 0
[CLEANUP], 777, 0
[CLEANUP], 778, 0
[CLEANUP], 779, 0
[CLEANUP], 780, 0
[CLEANUP], 781, 0
[CLEANUP], 782, 0
[CLEANUP], 783, 0
[CLEANUP], 784, 0
[CLEANUP], 785, 0
[CLEANUP], 786, 0
[CLEANUP], 787, 0
[CLEANUP], 788, 0
[CLEANUP], 789, 0
[CLEANUP], 790, 0
[CLEANUP], 791, 0
[CLEANUP], 792, 0
[CLEANUP], 793, 0
[CLEANUP], 794, 0
[CLEANUP], 795, 0
[CLEANUP], 796, 0
[CLEANUP], 797, 0
[CLEANUP], 798, 0
[CLEANUP], 799, 0
[CLEANUP], 800, 0
[CLEANUP], 801, 0
[CLEANUP], 802, 0
[CLEANUP], 803, 0
[CLEANUP], 804, 0
[CLEANUP], 805, 0
[CLEANUP], 806, 0
[CLEANUP], 807, 0
[CLEANUP], 808, 0
[CLEANUP], 809, 0
[CLEANUP], 810, 0
[CLEANUP], 811, 0
[CLEANUP], 812, 0
[CLEANUP], 813, 0
[CLEANUP], 814, 0
[CLEANUP], 815, 0
[CLEANUP], 816, 0
[CLEANUP], 817, 0
[CLEANUP], 818, 0
[CLEANUP], 819, 0
[CLEANUP], 820, 0
[CLEANUP], 821, 0
[CLEANUP], 822, 0
[CLEANUP], 823, 0
[CLEANUP], 824, 0
[CLEANUP], 825, 0
[CLEANUP], 826, 0
[CLEANUP], 827, 0
[CLEANUP], 828, 0
[CLEANUP], 829, 0
[CLEANUP], 830, 0
[CLEANUP], 831, 0
[CLEANUP], 832, 0
[CLEANUP], 833, 0
[CLEANUP], 834, 0
[CLEANUP], 835, 0
[CLEANUP], 836, 0
[CLEANUP], 837, 0
[CLEANUP], 838, 0
[CLEANUP], 839, 0
[CLEANUP], 840, 0
[CLEANUP], 841, 0
[CLEANUP], 842, 0
[CLEANUP], 843, 0
[CLEANUP], 844, 0
[CLEANUP], 845, 0
[CLEANUP], 846, 0
[CLEANUP], 847, 0
[CLEANUP], 848, 0
[CLEANUP], 849, 0
[CLEANUP], 850, 0
[CLEANUP], 851, 0
[CLEANUP], 852, 0
[CLEANUP], 853, 0
[CLEANUP], 854, 0
[CLEANUP], 855, 0
[CLEANUP], 856, 0
[CLEANUP], 857, 0
[CLEANUP], 858, 0
[CLEANUP], 859, 0
[CLEANUP], 860, 0
[CLEANUP], 861, 0
[CLEANUP], 862, 0
[CLEANUP], 863, 0
[CLEANUP], 864, 0
[CLEANUP], 865, 0
[CLEANUP], 866, 0
[CLEANUP], 867, 0
[CLEANUP], 868, 0
[CLEANUP], 869, 0
[CLEANUP], 870, 0
[CLEANUP], 871, 0
[CLEANUP], 872, 0
[CLEANUP], 873, 0
[CLEANUP], 874, 0
[CLEANUP], 875, 0
[CLEANUP], 876, 0
[CLEANUP], 877, 0
[CLEANUP], 878, 0
[CLEANUP], 879, 0
[CLEANUP], 880, 0
[CLEANUP], 881, 0
[CLEANUP], 882, 0
[CLEANUP], 883, 0
[CLEANUP], 884, 0
[CLEANUP], 885, 0
[CLEANUP], 886, 0
[CLEANUP], 887, 0
[CLEANUP], 888, 0
[CLEANUP], 889, 0
[CLEANUP], 890, 0
[CLEANUP], 891, 0
[CLEANUP], 892, 0
[CLEANUP], 893, 0
[CLEANUP], 894, 0
[CLEANUP], 895, 0
[CLEANUP], 896, 0
[CLEANUP], 897, 0
[CLEANUP], 898, 0
[CLEANUP], 899, 0
[CLEANUP], 900, 0
[CLEANUP], 901, 0
[CLEANUP], 902, 0
[CLEANUP], 903, 0
[CLEANUP], 904, 0
[CLEANUP], 905, 0
[CLEANUP], 906, 0
[CLEANUP], 907, 0
[CLEANUP], 908, 0
[CLEANUP], 909, 0
[CLEANUP], 910, 0
[CLEANUP], 911, 0
[CLEANUP], 912, 0
[CLEANUP], 913, 0
[CLEANUP], 914, 0
[CLEANUP], 915, 0
[CLEANUP], 916, 0
[CLEANUP], 917, 0
[CLEANUP], 918, 0
[CLEANUP], 919, 0
[CLEANUP], 920, 0
[CLEANUP], 921, 0
[CLEANUP], 922, 0
[CLEANUP], 923, 0
[CLEANUP], 924, 0
[CLEANUP], 925, 0
[CLEANUP], 926, 0
[CLEANUP], 927, 0
[CLEANUP], 928, 0
[CLEANUP], 929, 0
[CLEANUP], 930, 0
[CLEANUP], 931, 0
[CLEANUP], 932, 0
[CLEANUP], 933, 0
[CLEANUP], 934, 0
[CLEANUP], 935, 0
[CLEANUP], 936, 0
[CLEANUP], 937, 0
[CLEANUP], 938, 0
[CLEANUP], 939, 0
[CLEANUP], 940, 0
[CLEANUP], 941, 0
[CLEANUP], 942, 0
[CLEANUP], 943, 0
[CLEANUP], 944, 0
[CLEANUP], 945, 0
[CLEANUP], 946, 0
[CLEANUP], 947, 0
[CLEANUP], 948, 0
[CLEANUP], 949, 0
[CLEANUP], 950, 0
[CLEANUP], 951, 0
[CLEANUP], 952, 0
[CLEANUP], 953, 0
[CLEANUP], 954, 0
[CLEANUP], 955, 0
[CLEANUP], 956, 0
[CLEANUP], 957, 0
[CLEANUP], 958, 0
[CLEANUP], 959, 0
[CLEANUP], 960, 0
[CLEANUP], 961, 0
[CLEANUP], 962, 0
[CLEANUP], 963, 0
[CLEANUP], 964, 0
[CLEANUP], 965, 0
[CLEANUP], 966, 0
[CLEANUP], 967, 0
[CLEANUP], 968, 0
[CLEANUP], 969, 0
[CLEANUP], 970, 0
[CLEANUP], 971, 0
[CLEANUP], 972, 0
[CLEANUP], 973, 0
[CLEANUP], 974, 0
[CLEANUP], 975, 0
[CLEANUP], 976, 0
[CLEANUP], 977, 0
[CLEANUP], 978, 0
[CLEANUP], 979, 0
[CLEANUP], 980, 0
[CLEANUP], 981, 0
[CLEANUP], 982, 0
[CLEANUP], 983, 0
[CLEANUP], 984, 0
[CLEANUP], 985, 0
[CLEANUP], 986, 0
[CLEANUP], 987, 0
[CLEANUP], 988, 0
[CLEANUP], 989, 0
[CLEANUP], 990, 0
[CLEANUP], 991, 0
[CLEANUP], 992, 0
[CLEANUP], 993, 0
[CLEANUP], 994, 0
[CLEANUP], 995, 0
[CLEANUP], 996, 0
[CLEANUP], 997, 0
[CLEANUP], 998, 0
[CLEANUP], 999, 0
[CLEANUP], >1000, 0
[UPDATE], Operations, 3123645
[UPDATE], AverageLatency(us), 28259.18120593089
[UPDATE], MinLatency(us), 1091
[UPDATE], MaxLatency(us), 4017575
[UPDATE], 95thPercentileLatency(ms), 93
[UPDATE], 99thPercentileLatency(ms), 212
[UPDATE], Return=0, 3123645
[UPDATE], 0, 0
[UPDATE], 1, 42968
[UPDATE], 2, 167877
[UPDATE], 3, 113504
[UPDATE], 4, 57830
[UPDATE], 5, 40360
[UPDATE], 6, 38824
[UPDATE], 7, 45613
[UPDATE], 8, 60305
[UPDATE], 9, 84676
[UPDATE], 10, 119491
[UPDATE], 11, 158376
[UPDATE], 12, 185691
[UPDATE], 13, 191849
[UPDATE], 14, 177358
[UPDATE], 15, 149758
[UPDATE], 16, 119461
[UPDATE], 17, 95302
[UPDATE], 18, 76537
[UPDATE], 19, 65148
[UPDATE], 20, 57769
[UPDATE], 21, 52505
[UPDATE], 22, 48021
[UPDATE], 23, 44659
[UPDATE], 24, 41767
[UPDATE], 25, 39129
[UPDATE], 26, 36366
[UPDATE], 27, 34298
[UPDATE], 28, 32083
[UPDATE], 29, 30439
[UPDATE], 30, 28334
[UPDATE], 31, 26661
[UPDATE], 32, 24567
[UPDATE], 33, 23024
[UPDATE], 34, 21468
[UPDATE], 35, 20145
[UPDATE], 36, 19091
[UPDATE], 37, 17820
[UPDATE], 38, 16585
[UPDATE], 39, 15432
[UPDATE], 40, 14390
[UPDATE], 41, 13771
[UPDATE], 42, 13000
[UPDATE], 43, 12150
[UPDATE], 44, 11562
[UPDATE], 45, 11221
[UPDATE], 46, 10695
[UPDATE], 47, 10159
[UPDATE], 48, 9853
[UPDATE], 49, 9383
[UPDATE], 50, 8833
[UPDATE], 51, 8604
[UPDATE], 52, 8172
[UPDATE], 53, 7976
[UPDATE], 54, 7707
[UPDATE], 55, 7292
[UPDATE], 56, 7283
[UPDATE], 57, 6879
[UPDATE], 58, 6618
[UPDATE], 59, 6390
[UPDATE], 60, 6276
[UPDATE], 61, 6101
[UPDATE], 62, 6005
[UPDATE], 63, 5826
[UPDATE], 64, 5634
[UPDATE], 65, 5668
[UPDATE], 66, 5482
[UPDATE], 67, 5438
[UPDATE], 68, 5213
[UPDATE], 69, 5227
[UPDATE], 70, 4900
[UPDATE], 71, 5074
[UPDATE], 72, 4864
[UPDATE], 73, 4736
[UPDATE], 74, 4656
[UPDATE], 75, 4512
[UPDATE], 76, 4628
[UPDATE], 77, 4389
[UPDATE], 78, 4223
[UPDATE], 79, 4268
[UPDATE], 80, 4142
[UPDATE], 81, 4021
[UPDATE], 82, 4088
[UPDATE], 83, 3921
[UPDATE], 84, 3892
[UPDATE], 85, 3900
[UPDATE], 86, 3623
[UPDATE], 87, 3700
[UPDATE], 88, 3551
[UPDATE], 89, 3462
[UPDATE], 90, 3358
[UPDATE], 91, 3409
[UPDATE], 92, 3231
[UPDATE], 93, 3199
[UPDATE], 94, 3083
[UPDATE], 95, 3113
[UPDATE], 96, 3044
[UPDATE], 97, 3070
[UPDATE], 98, 3023
[UPDATE], 99, 3031
[UPDATE], 100, 2890
[UPDATE], 101, 2841
[UPDATE], 102, 2797
[UPDATE], 103, 2666
[UPDATE], 104, 2632
[UPDATE], 105, 2592
[UPDATE], 106, 2547
[UPDATE], 107, 2494
[UPDATE], 108, 2522
[UPDATE], 109, 2418
[UPDATE], 110, 2328
[UPDATE], 111, 2330
[UPDATE], 112, 2213
[UPDATE], 113, 2190
[UPDATE], 114, 2137
[UPDATE], 115, 2009
[UPDATE], 116, 1971
[UPDATE], 117, 1976
[UPDATE], 118, 1933
[UPDATE], 119, 1826
[UPDATE], 120, 1787
[UPDATE], 121, 1844
[UPDATE], 122, 1754
[UPDATE], 123, 1703
[UPDATE], 124, 1721
[UPDATE], 125, 1590
[UPDATE], 126, 1525
[UPDATE], 127, 1508
[UPDATE], 128, 1453
[UPDATE], 129, 1369
[UPDATE], 130, 1313
[UPDATE], 131, 1249
[UPDATE], 132, 1319
[UPDATE], 133, 1151
[UPDATE], 134, 1182
[UPDATE], 135, 1154
[UPDATE], 136, 1176
[UPDATE], 137, 1104
[UPDATE], 138, 1034
[UPDATE], 139, 1023
[UPDATE], 140, 1013
[UPDATE], 141, 954
[UPDATE], 142, 990
[UPDATE], 143, 919
[UPDATE], 144, 869
[UPDATE], 145, 796
[UPDATE], 146, 799
[UPDATE], 147, 822
[UPDATE], 148, 737
[UPDATE], 149, 717
[UPDATE], 150, 732
[UPDATE], 151, 689
[UPDATE], 152, 638
[UPDATE], 153, 672
[UPDATE], 154, 618
[UPDATE], 155, 635
[UPDATE], 156, 618
[UPDATE], 157, 589
[UPDATE], 158, 537
[UPDATE], 159, 556
[UPDATE], 160, 526
[UPDATE], 161, 499
[UPDATE], 162, 536
[UPDATE], 163, 504
[UPDATE], 164, 483
[UPDATE], 165, 489
[UPDATE], 166, 443
[UPDATE], 167, 422
[UPDATE], 168, 444
[UPDATE], 169, 405
[UPDATE], 170, 407
[UPDATE], 171, 356
[UPDATE], 172, 417
[UPDATE], 173, 402
[UPDATE], 174, 394
[UPDATE], 175, 338
[UPDATE], 176, 375
[UPDATE], 177, 332
[UPDATE], 178, 369
[UPDATE], 179, 346
[UPDATE], 180, 318
[UPDATE], 181, 328
[UPDATE], 182, 285
[UPDATE], 183, 311
[UPDATE], 184, 278
[UPDATE], 185, 309
[UPDATE], 186, 283
[UPDATE], 187, 301
[UPDATE], 188, 284
[UPDATE], 189, 273
[UPDATE], 190, 281
[UPDATE], 191, 256
[UPDATE], 192, 249
[UPDATE], 193, 239
[UPDATE], 194, 244
[UPDATE], 195, 223
[UPDATE], 196, 217
[UPDATE], 197, 226
[UPDATE], 198, 239
[UPDATE], 199, 226
[UPDATE], 200, 194
[UPDATE], 201, 210
[UPDATE], 202, 215
[UPDATE], 203, 205
[UPDATE], 204, 216
[UPDATE], 205, 172
[UPDATE], 206, 200
[UPDATE], 207, 197
[UPDATE], 208, 209
[UPDATE], 209, 187
[UPDATE], 210, 191
[UPDATE], 211, 158
[UPDATE], 212, 144
[UPDATE], 213, 200
[UPDATE], 214, 157
[UPDATE], 215, 187
[UPDATE], 216, 159
[UPDATE], 217, 151
[UPDATE], 218, 172
[UPDATE], 219, 209
[UPDATE], 220, 181
[UPDATE], 221, 210
[UPDATE], 222, 170
[UPDATE], 223, 183
[UPDATE], 224, 181
[UPDATE], 225, 156
[UPDATE], 226, 173
[UPDATE], 227, 192
[UPDATE], 228, 175
[UPDATE], 229, 174
[UPDATE], 230, 162
[UPDATE], 231, 190
[UPDATE], 232, 148
[UPDATE], 233, 164
[UPDATE], 234, 174
[UPDATE], 235, 184
[UPDATE], 236, 140
[UPDATE], 237, 165
[UPDATE], 238, 146
[UPDATE], 239, 150
[UPDATE], 240, 146
[UPDATE], 241, 145
[UPDATE], 242, 135
[UPDATE], 243, 140
[UPDATE], 244, 147
[UPDATE], 245, 135
[UPDATE], 246, 137
[UPDATE], 247, 147
[UPDATE], 248, 176
[UPDATE], 249, 165
[UPDATE], 250, 186
[UPDATE], 251, 168
[UPDATE], 252, 155
[UPDATE], 253, 183
[UPDATE], 254, 161
[UPDATE], 255, 151
[UPDATE], 256, 160
[UPDATE], 257, 162
[UPDATE], 258, 173
[UPDATE], 259, 181
[UPDATE], 260, 194
[UPDATE], 261, 163
[UPDATE], 262, 192
[UPDATE], 263, 167
[UPDATE], 264, 190
[UPDATE], 265, 143
[UPDATE], 266, 170
[UPDATE], 267, 131
[UPDATE], 268, 160
[UPDATE], 269, 148
[UPDATE], 270, 157
[UPDATE], 271, 194
[UPDATE], 272, 185
[UPDATE], 273, 161
[UPDATE], 274, 170
[UPDATE], 275, 166
[UPDATE], 276, 158
[UPDATE], 277, 150
[UPDATE], 278, 148
[UPDATE], 279, 148
[UPDATE], 280, 146
[UPDATE], 281, 169
[UPDATE], 282, 165
[UPDATE], 283, 169
[UPDATE], 284, 162
[UPDATE], 285, 135
[UPDATE], 286, 156
[UPDATE], 287, 159
[UPDATE], 288, 154
[UPDATE], 289, 150
[UPDATE], 290, 123
[UPDATE], 291, 138
[UPDATE], 292, 144
[UPDATE], 293, 140
[UPDATE], 294, 132
[UPDATE], 295, 140
[UPDATE], 296, 136
[UPDATE], 297, 149
[UPDATE], 298, 155
[UPDATE], 299, 129
[UPDATE], 300, 124
[UPDATE], 301, 149
[UPDATE], 302, 155
[UPDATE], 303, 189
[UPDATE], 304, 157
[UPDATE], 305, 132
[UPDATE], 306, 134
[UPDATE], 307, 142
[UPDATE], 308, 120
[UPDATE], 309, 124
[UPDATE], 310, 115
[UPDATE], 311, 128
[UPDATE], 312, 139
[UPDATE], 313, 116
[UPDATE], 314, 141
[UPDATE], 315, 143
[UPDATE], 316, 147
[UPDATE], 317, 139
[UPDATE], 318, 151
[UPDATE], 319, 140
[UPDATE], 320, 147
[UPDATE], 321, 127
[UPDATE], 322, 172
[UPDATE], 323, 178
[UPDATE], 324, 156
[UPDATE], 325, 194
[UPDATE], 326, 181
[UPDATE], 327, 163
[UPDATE], 328, 185
[UPDATE], 329, 172
[UPDATE], 330, 169
[UPDATE], 331, 174
[UPDATE], 332, 174
[UPDATE], 333, 174
[UPDATE], 334, 143
[UPDATE], 335, 131
[UPDATE], 336, 156
[UPDATE], 337, 156
[UPDATE], 338, 146
[UPDATE], 339, 135
[UPDATE], 340, 147
[UPDATE], 341, 146
[UPDATE], 342, 121
[UPDATE], 343, 143
[UPDATE], 344, 111
[UPDATE], 345, 113
[UPDATE], 346, 112
[UPDATE], 347, 107
[UPDATE], 348, 102
[UPDATE], 349, 122
[UPDATE], 350, 127
[UPDATE], 351, 95
[UPDATE], 352, 108
[UPDATE], 353, 105
[UPDATE], 354, 71
[UPDATE], 355, 70
[UPDATE], 356, 75
[UPDATE], 357, 60
[UPDATE], 358, 63
[UPDATE], 359, 64
[UPDATE], 360, 80
[UPDATE], 361, 73
[UPDATE], 362, 80
[UPDATE], 363, 56
[UPDATE], 364, 68
[UPDATE], 365, 65
[UPDATE], 366, 48
[UPDATE], 367, 63
[UPDATE], 368, 74
[UPDATE], 369, 53
[UPDATE], 370, 44
[UPDATE], 371, 31
[UPDATE], 372, 43
[UPDATE], 373, 43
[UPDATE], 374, 60
[UPDATE], 375, 47
[UPDATE], 376, 49
[UPDATE], 377, 45
[UPDATE], 378, 53
[UPDATE], 379, 43
[UPDATE], 380, 42
[UPDATE], 381, 32
[UPDATE], 382, 72
[UPDATE], 383, 38
[UPDATE], 384, 48
[UPDATE], 385, 49
[UPDATE], 386, 62
[UPDATE], 387, 41
[UPDATE], 388, 60
[UPDATE], 389, 53
[UPDATE], 390, 69
[UPDATE], 391, 49
[UPDATE], 392, 54
[UPDATE], 393, 54
[UPDATE], 394, 51
[UPDATE], 395, 47
[UPDATE], 396, 51
[UPDATE], 397, 42
[UPDATE], 398, 47
[UPDATE], 399, 54
[UPDATE], 400, 43
[UPDATE], 401, 52
[UPDATE], 402, 47
[UPDATE], 403, 47
[UPDATE], 404, 43
[UPDATE], 405, 46
[UPDATE], 406, 47
[UPDATE], 407, 49
[UPDATE], 408, 54
[UPDATE], 409, 35
[UPDATE], 410, 51
[UPDATE], 411, 51
[UPDATE], 412, 42
[UPDATE], 413, 49
[UPDATE], 414, 33
[UPDATE], 415, 45
[UPDATE], 416, 40
[UPDATE], 417, 56
[UPDATE], 418, 46
[UPDATE], 419, 37
[UPDATE], 420, 43
[UPDATE], 421, 57
[UPDATE], 422, 59
[UPDATE], 423, 43
[UPDATE], 424, 42
[UPDATE], 425, 58
[UPDATE], 426, 38
[UPDATE], 427, 41
[UPDATE], 428, 53
[UPDATE], 429, 47
[UPDATE], 430, 38
[UPDATE], 431, 41
[UPDATE], 432, 45
[UPDATE], 433, 45
[UPDATE], 434, 50
[UPDATE], 435, 37
[UPDATE], 436, 37
[UPDATE], 437, 29
[UPDATE], 438, 41
[UPDATE], 439, 31
[UPDATE], 440, 39
[UPDATE], 441, 37
[UPDATE], 442, 33
[UPDATE], 443, 41
[UPDATE], 444, 45
[UPDATE], 445, 34
[UPDATE], 446, 28
[UPDATE], 447, 27
[UPDATE], 448, 36
[UPDATE], 449, 44
[UPDATE], 450, 29
[UPDATE], 451, 28
[UPDATE], 452, 41
[UPDATE], 453, 38
[UPDATE], 454, 45
[UPDATE], 455, 36
[UPDATE], 456, 39
[UPDATE], 457, 42
[UPDATE], 458, 19
[UPDATE], 459, 17
[UPDATE], 460, 27
[UPDATE], 461, 14
[UPDATE], 462, 21
[UPDATE], 463, 23
[UPDATE], 464, 21
[UPDATE], 465, 22
[UPDATE], 466, 36
[UPDATE], 467, 10
[UPDATE], 468, 17
[UPDATE], 469, 19
[UPDATE], 470, 21
[UPDATE], 471, 18
[UPDATE], 472, 24
[UPDATE], 473, 18
[UPDATE], 474, 30
[UPDATE], 475, 30
[UPDATE], 476, 28
[UPDATE], 477, 19
[UPDATE], 478, 17
[UPDATE], 479, 22
[UPDATE], 480, 20
[UPDATE], 481, 15
[UPDATE], 482, 24
[UPDATE], 483, 25
[UPDATE], 484, 14
[UPDATE], 485, 24
[UPDATE], 486, 12
[UPDATE], 487, 13
[UPDATE], 488, 14
[UPDATE], 489, 10
[UPDATE], 490, 13
[UPDATE], 491, 14
[UPDATE], 492, 22
[UPDATE], 493, 14
[UPDATE], 494, 14
[UPDATE], 495, 20
[UPDATE], 496, 19
[UPDATE], 497, 18
[UPDATE], 498, 18
[UPDATE], 499, 14
[UPDATE], 500, 19
[UPDATE], 501, 18
[UPDATE], 502, 21
[UPDATE], 503, 17
[UPDATE], 504, 13
[UPDATE], 505, 17
[UPDATE], 506, 19
[UPDATE], 507, 18
[UPDATE], 508, 11
[UPDATE], 509, 16
[UPDATE], 510, 19
[UPDATE], 511, 16
[UPDATE], 512, 18
[UPDATE], 513, 30
[UPDATE], 514, 11
[UPDATE], 515, 13
[UPDATE], 516, 12
[UPDATE], 517, 21
[UPDATE], 518, 16
[UPDATE], 519, 20
[UPDATE], 520, 16
[UPDATE], 521, 16
[UPDATE], 522, 21
[UPDATE], 523, 17
[UPDATE], 524, 16
[UPDATE], 525, 12
[UPDATE], 526, 11
[UPDATE], 527, 13
[UPDATE], 528, 18
[UPDATE], 529, 7
[UPDATE], 530, 13
[UPDATE], 531, 10
[UPDATE], 532, 14
[UPDATE], 533, 11
[UPDATE], 534, 10
[UPDATE], 535, 14
[UPDATE], 536, 9
[UPDATE], 537, 8
[UPDATE], 538, 8
[UPDATE], 539, 6
[UPDATE], 540, 9
[UPDATE], 541, 12
[UPDATE], 542, 10
[UPDATE], 543, 4
[UPDATE], 544, 11
[UPDATE], 545, 8
[UPDATE], 546, 7
[UPDATE], 547, 6
[UPDATE], 548, 14
[UPDATE], 549, 6
[UPDATE], 550, 8
[UPDATE], 551, 8
[UPDATE], 552, 7
[UPDATE], 553, 4
[UPDATE], 554, 13
[UPDATE], 555, 11
[UPDATE], 556, 13
[UPDATE], 557, 12
[UPDATE], 558, 19
[UPDATE], 559, 15
[UPDATE], 560, 13
[UPDATE], 561, 6
[UPDATE], 562, 14
[UPDATE], 563, 9
[UPDATE], 564, 15
[UPDATE], 565, 13
[UPDATE], 566, 19
[UPDATE], 567, 11
[UPDATE], 568, 18
[UPDATE], 569, 13
[UPDATE], 570, 10
[UPDATE], 571, 14
[UPDATE], 572, 13
[UPDATE], 573, 18
[UPDATE], 574, 15
[UPDATE], 575, 20
[UPDATE], 576, 15
[UPDATE], 577, 12
[UPDATE], 578, 18
[UPDATE], 579, 19
[UPDATE], 580, 25
[UPDATE], 581, 15
[UPDATE], 582, 18
[UPDATE], 583, 18
[UPDATE], 584, 11
[UPDATE], 585, 15
[UPDATE], 586, 16
[UPDATE], 587, 18
[UPDATE], 588, 16
[UPDATE], 589, 13
[UPDATE], 590, 5
[UPDATE], 591, 11
[UPDATE], 592, 8
[UPDATE], 593, 14
[UPDATE], 594, 15
[UPDATE], 595, 7
[UPDATE], 596, 9
[UPDATE], 597, 14
[UPDATE], 598, 15
[UPDATE], 599, 4
[UPDATE], 600, 7
[UPDATE], 601, 18
[UPDATE], 602, 3
[UPDATE], 603, 6
[UPDATE], 604, 9
[UPDATE], 605, 11
[UPDATE], 606, 3
[UPDATE], 607, 6
[UPDATE], 608, 5
[UPDATE], 609, 10
[UPDATE], 610, 8
[UPDATE], 611, 10
[UPDATE], 612, 11
[UPDATE], 613, 6
[UPDATE], 614, 8
[UPDATE], 615, 4
[UPDATE], 616, 9
[UPDATE], 617, 2
[UPDATE], 618, 2
[UPDATE], 619, 5
[UPDATE], 620, 3
[UPDATE], 621, 3
[UPDATE], 622, 6
[UPDATE], 623, 5
[UPDATE], 624, 7
[UPDATE], 625, 3
[UPDATE], 626, 7
[UPDATE], 627, 8
[UPDATE], 628, 11
[UPDATE], 629, 6
[UPDATE], 630, 5
[UPDATE], 631, 9
[UPDATE], 632, 7
[UPDATE], 633, 3
[UPDATE], 634, 4
[UPDATE], 635, 5
[UPDATE], 636, 5
[UPDATE], 637, 1
[UPDATE], 638, 6
[UPDATE], 639, 6
[UPDATE], 640, 0
[UPDATE], 641, 3
[UPDATE], 642, 1
[UPDATE], 643, 2
[UPDATE], 644, 6
[UPDATE], 645, 2
[UPDATE], 646, 3
[UPDATE], 647, 1
[UPDATE], 648, 3
[UPDATE], 649, 3
[UPDATE], 650, 3
[UPDATE], 651, 2
[UPDATE], 652, 5
[UPDATE], 653, 1
[UPDATE], 654, 3
[UPDATE], 655, 3
[UPDATE], 656, 2
[UPDATE], 657, 1
[UPDATE], 658, 0
[UPDATE], 659, 1
[UPDATE], 660, 1
[UPDATE], 661, 2
[UPDATE], 662, 1
[UPDATE], 663, 1
[UPDATE], 664, 0
[UPDATE], 665, 2
[UPDATE], 666, 2
[UPDATE], 667, 3
[UPDATE], 668, 0
[UPDATE], 669, 1
[UPDATE], 670, 0
[UPDATE], 671, 2
[UPDATE], 672, 5
[UPDATE], 673, 2
[UPDATE], 674, 0
[UPDATE], 675, 4
[UPDATE], 676, 5
[UPDATE], 677, 3
[UPDATE], 678, 0
[UPDATE], 679, 2
[UPDATE], 680, 9
[UPDATE], 681, 1
[UPDATE], 682, 2
[UPDATE], 683, 2
[UPDATE], 684, 5
[UPDATE], 685, 1
[UPDATE], 686, 2
[UPDATE], 687, 1
[UPDATE], 688, 2
[UPDATE], 689, 4
[UPDATE], 690, 9
[UPDATE], 691, 9
[UPDATE], 692, 1
[UPDATE], 693, 13
[UPDATE], 694, 4
[UPDATE], 695, 6
[UPDATE], 696, 10
[UPDATE], 697, 4
[UPDATE], 698, 5
[UPDATE], 699, 9
[UPDATE], 700, 11
[UPDATE], 701, 9
[UPDATE], 702, 9
[UPDATE], 703, 7
[UPDATE], 704, 8
[UPDATE], 705, 14
[UPDATE], 706, 8
[UPDATE], 707, 12
[UPDATE], 708, 3
[UPDATE], 709, 5
[UPDATE], 710, 6
[UPDATE], 711, 5
[UPDATE], 712, 7
[UPDATE], 713, 8
[UPDATE], 714, 5
[UPDATE], 715, 3
[UPDATE], 716, 7
[UPDATE], 717, 9
[UPDATE], 718, 2
[UPDATE], 719, 5
[UPDATE], 720, 4
[UPDATE], 721, 1
[UPDATE], 722, 2
[UPDATE], 723, 2
[UPDATE], 724, 2
[UPDATE], 725, 4
[UPDATE], 726, 8
[UPDATE], 727, 0
[UPDATE], 728, 1
[UPDATE], 729, 2
[UPDATE], 730, 2
[UPDATE], 731, 2
[UPDATE], 732, 2
[UPDATE], 733, 4
[UPDATE], 734, 2
[UPDATE], 735, 4
[UPDATE], 736, 3
[UPDATE], 737, 3
[UPDATE], 738, 4
[UPDATE], 739, 3
[UPDATE], 740, 2
[UPDATE], 741, 3
[UPDATE], 742, 5
[UPDATE], 743, 5
[UPDATE], 744, 2
[UPDATE], 745, 4
[UPDATE], 746, 4
[UPDATE], 747, 4
[UPDATE], 748, 2
[UPDATE], 749, 1
[UPDATE], 750, 1
[UPDATE], 751, 3
[UPDATE], 752, 4
[UPDATE], 753, 5
[UPDATE], 754, 0
[UPDATE], 755, 3
[UPDATE], 756, 4
[UPDATE], 757, 3
[UPDATE], 758, 4
[UPDATE], 759, 2
[UPDATE], 760, 1
[UPDATE], 761, 1
[UPDATE], 762, 6
[UPDATE], 763, 5
[UPDATE], 764, 3
[UPDATE], 765, 5
[UPDATE], 766, 4
[UPDATE], 767, 3
[UPDATE], 768, 3
[UPDATE], 769, 3
[UPDATE], 770, 5
[UPDATE], 771, 2
[UPDATE], 772, 9
[UPDATE], 773, 6
[UPDATE], 774, 2
[UPDATE], 775, 4
[UPDATE], 776, 1
[UPDATE], 777, 2
[UPDATE], 778, 2
[UPDATE], 779, 1
[UPDATE], 780, 3
[UPDATE], 781, 1
[UPDATE], 782, 3
[UPDATE], 783, 3
[UPDATE], 784, 0
[UPDATE], 785, 4
[UPDATE], 786, 5
[UPDATE], 787, 1
[UPDATE], 788, 3
[UPDATE], 789, 5
[UPDATE], 790, 4
[UPDATE], 791, 5
[UPDATE], 792, 2
[UPDATE], 793, 1
[UPDATE], 794, 1
[UPDATE], 795, 3
[UPDATE], 796, 4
[UPDATE], 797, 3
[UPDATE], 798, 5
[UPDATE], 799, 6
[UPDATE], 800, 4
[UPDATE], 801, 6
[UPDATE], 802, 4
[UPDATE], 803, 4
[UPDATE], 804, 7
[UPDATE], 805, 4
[UPDATE], 806, 2
[UPDATE], 807, 9
[UPDATE], 808, 5
[UPDATE], 809, 4
[UPDATE], 810, 6
[UPDATE], 811, 4
[UPDATE], 812, 4
[UPDATE], 813, 5
[UPDATE], 814, 10
[UPDATE], 815, 6
[UPDATE], 816, 5
[UPDATE], 817, 6
[UPDATE], 818, 6
[UPDATE], 819, 5
[UPDATE], 820, 6
[UPDATE], 821, 2
[UPDATE], 822, 4
[UPDATE], 823, 8
[UPDATE], 824, 3
[UPDATE], 825, 3
[UPDATE], 826, 4
[UPDATE], 827, 6
[UPDATE], 828, 7
[UPDATE], 829, 7
[UPDATE], 830, 9
[UPDATE], 831, 2
[UPDATE], 832, 10
[UPDATE], 833, 8
[UPDATE], 834, 7
[UPDATE], 835, 2
[UPDATE], 836, 3
[UPDATE], 837, 3
[UPDATE], 838, 4
[UPDATE], 839, 8
[UPDATE], 840, 3
[UPDATE], 841, 5
[UPDATE], 842, 2
[UPDATE], 843, 6
[UPDATE], 844, 4
[UPDATE], 845, 6
[UPDATE], 846, 4
[UPDATE], 847, 4
[UPDATE], 848, 2
[UPDATE], 849, 4
[UPDATE], 850, 7
[UPDATE], 851, 8
[UPDATE], 852, 2
[UPDATE], 853, 2
[UPDATE], 854, 4
[UPDATE], 855, 5
[UPDATE], 856, 3
[UPDATE], 857, 4
[UPDATE], 858, 4
[UPDATE], 859, 4
[UPDATE], 860, 4
[UPDATE], 861, 5
[UPDATE], 862, 2
[UPDATE], 863, 4
[UPDATE], 864, 1
[UPDATE], 865, 6
[UPDATE], 866, 4
[UPDATE], 867, 3
[UPDATE], 868, 3
[UPDATE], 869, 3
[UPDATE], 870, 5
[UPDATE], 871, 8
[UPDATE], 872, 2
[UPDATE], 873, 1
[UPDATE], 874, 2
[UPDATE], 875, 5
[UPDATE], 876, 1
[UPDATE], 877, 3
[UPDATE], 878, 5
[UPDATE], 879, 1
[UPDATE], 880, 5
[UPDATE], 881, 1
[UPDATE], 882, 2
[UPDATE], 883, 2
[UPDATE], 884, 0
[UPDATE], 885, 1
[UPDATE], 886, 1
[UPDATE], 887, 5
[UPDATE], 888, 2
[UPDATE], 889, 4
[UPDATE], 890, 3
[UPDATE], 891, 4
[UPDATE], 892, 2
[UPDATE], 893, 2
[UPDATE], 894, 2
[UPDATE], 895, 2
[UPDATE], 896, 2
[UPDATE], 897, 4
[UPDATE], 898, 2
[UPDATE], 899, 2
[UPDATE], 900, 0
[UPDATE], 901, 2
[UPDATE], 902, 0
[UPDATE], 903, 1
[UPDATE], 904, 2
[UPDATE], 905, 5
[UPDATE], 906, 4
[UPDATE], 907, 1
[UPDATE], 908, 3
[UPDATE], 909, 2
[UPDATE], 910, 2
[UPDATE], 911, 4
[UPDATE], 912, 1
[UPDATE], 913, 3
[UPDATE], 914, 3
[UPDATE], 915, 2
[UPDATE], 916, 0
[UPDATE], 917, 1
[UPDATE], 918, 1
[UPDATE], 919, 1
[UPDATE], 920, 1
[UPDATE], 921, 1
[UPDATE], 922, 0
[UPDATE], 923, 1
[UPDATE], 924, 1
[UPDATE], 925, 0
[UPDATE], 926, 3
[UPDATE], 927, 0
[UPDATE], 928, 3
[UPDATE], 929, 2
[UPDATE], 930, 2
[UPDATE], 931, 2
[UPDATE], 932, 3
[UPDATE], 933, 0
[UPDATE], 934, 3
[UPDATE], 935, 4
[UPDATE], 936, 3
[UPDATE], 937, 2
[UPDATE], 938, 2
[UPDATE], 939, 2
[UPDATE], 940, 2
[UPDATE], 941, 0
[UPDATE], 942, 0
[UPDATE], 943, 0
[UPDATE], 944, 0
[UPDATE], 945, 2
[UPDATE], 946, 3
[UPDATE], 947, 2
[UPDATE], 948, 1
[UPDATE], 949, 1
[UPDATE], 950, 0
[UPDATE], 951, 4
[UPDATE], 952, 3
[UPDATE], 953, 3
[UPDATE], 954, 1
[UPDATE], 955, 2
[UPDATE], 956, 0
[UPDATE], 957, 1
[UPDATE], 958, 1
[UPDATE], 959, 3
[UPDATE], 960, 2
[UPDATE], 961, 2
[UPDATE], 962, 7
[UPDATE], 963, 1
[UPDATE], 964, 7
[UPDATE], 965, 9
[UPDATE], 966, 2
[UPDATE], 967, 6
[UPDATE], 968, 2
[UPDATE], 969, 1
[UPDATE], 970, 0
[UPDATE], 971, 1
[UPDATE], 972, 7
[UPDATE], 973, 3
[UPDATE], 974, 1
[UPDATE], 975, 0
[UPDATE], 976, 0
[UPDATE], 977, 2
[UPDATE], 978, 1
[UPDATE], 979, 3
[UPDATE], 980, 1
[UPDATE], 981, 0
[UPDATE], 982, 1
[UPDATE], 983, 0
[UPDATE], 984, 1
[UPDATE], 985, 0
[UPDATE], 986, 0
[UPDATE], 987, 2
[UPDATE], 988, 0
[UPDATE], 989, 1
[UPDATE], 990, 2
[UPDATE], 991, 0
[UPDATE], 992, 0
[UPDATE], 993, 2
[UPDATE], 994, 4
[UPDATE], 995, 2
[UPDATE], 996, 3
[UPDATE], 997, 3
[UPDATE], 998, 0
[UPDATE], 999, 5
[UPDATE], >1000, 821
java -cp /root/YCSB/rethinkdb/rethinkdb-0.5-b1.jar:/root/YCSB/rethinkdb/target/rethinkdb-binding-0.1.4.jar:/root/YCSB/rethinkdb/target/archive-tmp/rethinkdb-binding-0.1.4.jar:/root/YCSB/core/target/core-0.1.4.jar:/root/YCSB/infinispan/src/main/conf:/root/YCSB/hbase/src/main/conf:/root/YCSB/dynamodb/conf:/root/YCSB/jdbc/src/main/conf:/root/YCSB/nosqldb/src/main/conf:/root/YCSB/voldemort/src/main/conf:/root/YCSB/gemfire/src/main/conf com.yahoo.ycsb.Client -db com.yahoo.ycsb.db.RethinkDBClient -P /root/YCSB/workloads/workloada -p operationcount=6250000 -p recordcount=25000000 -p rethinkdb.host=104.130.19.228,104.130.19.225,104.130.19.223,104.130.19.226,104.130.19.221,104.130.19.22,104.130.19.222,104.130.21.31 -p rethinkdb.port=28015 -p rethinkdb.durability=hard -threads 128 -t
