YCSB Client 0.1
Command line: -db com.yahoo.ycsb.db.RethinkDBClient -P /root/YCSB/workloads/workloada -p operationcount=6250000 -p recordcount=25000000 -p rethinkdb.host=104.130.19.35,104.130.19.33,104.130.19.31,104.130.19.30,104.130.19.228,104.130.19.225,104.130.19.223,104.130.19.226,104.130.19.221,104.130.19.22,104.130.19.222,104.130.21.31 -p rethinkdb.port=28015 -p rethinkdb.durability=hard -threads 192 -t
[OVERALL], RunTime(ms), 491739.0
[OVERALL], Throughput(ops/sec), 12709.961992032358
[READ], Operations, 3126220
[READ], AverageLatency(us), 1416.6533020708716
[READ], MinLatency(us), 229
[READ], MaxLatency(us), 206361
[READ], 95thPercentileLatency(ms), 3
[READ], 99thPercentileLatency(ms), 22
[READ], Return=0, 3126215
[READ], Return=1, 5
[READ], 0, 2460029
[READ], 1, 401710
[READ], 2, 80187
[READ], 3, 34165
[READ], 4, 20077
[READ], 5, 13701
[READ], 6, 10195
[READ], 7, 7883
[READ], 8, 6344
[READ], 9, 5575
[READ], 10, 4780
[READ], 11, 4188
[READ], 12, 4012
[READ], 13, 3738
[READ], 14, 3645
[READ], 15, 3579
[READ], 16, 3486
[READ], 17, 3798
[READ], 18, 4043
[READ], 19, 4998
[READ], 20, 5693
[READ], 21, 5735
[READ], 22, 5270
[READ], 23, 4759
[READ], 24, 4096
[READ], 25, 3688
[READ], 26, 2903
[READ], 27, 2396
[READ], 28, 2008
[READ], 29, 1596
[READ], 30, 1304
[READ], 31, 1158
[READ], 32, 974
[READ], 33, 793
[READ], 34, 671
[READ], 35, 572
[READ], 36, 397
[READ], 37, 305
[READ], 38, 261
[READ], 39, 225
[READ], 40, 194
[READ], 41, 176
[READ], 42, 129
[READ], 43, 91
[READ], 44, 79
[READ], 45, 96
[READ], 46, 83
[READ], 47, 57
[READ], 48, 35
[READ], 49, 30
[READ], 50, 44
[READ], 51, 37
[READ], 52, 17
[READ], 53, 18
[READ], 54, 13
[READ], 55, 15
[READ], 56, 4
[READ], 57, 5
[READ], 58, 13
[READ], 59, 6
[READ], 60, 3
[READ], 61, 1
[READ], 62, 2
[READ], 63, 1
[READ], 64, 8
[READ], 65, 4
[READ], 66, 3
[READ], 67, 3
[READ], 68, 4
[READ], 69, 3
[READ], 70, 3
[READ], 71, 3
[READ], 72, 4
[READ], 73, 3
[READ], 74, 4
[READ], 75, 3
[READ], 76, 4
[READ], 77, 2
[READ], 78, 3
[READ], 79, 3
[READ], 80, 0
[READ], 81, 3
[READ], 82, 6
[READ], 83, 5
[READ], 84, 0
[READ], 85, 2
[READ], 86, 3
[READ], 87, 1
[READ], 88, 2
[READ], 89, 2
[READ], 90, 1
[READ], 91, 2
[READ], 92, 1
[READ], 93, 1
[READ], 94, 1
[READ], 95, 2
[READ], 96, 0
[READ], 97, 0
[READ], 98, 1
[READ], 99, 0
[READ], 100, 0
[READ], 101, 1
[READ], 102, 0
[READ], 103, 0
[READ], 104, 1
[READ], 105, 2
[READ], 106, 1
[READ], 107, 0
[READ], 108, 1
[READ], 109, 0
[READ], 110, 0
[READ], 111, 1
[READ], 112, 1
[READ], 113, 0
[READ], 114, 1
[READ], 115, 0
[READ], 116, 0
[READ], 117, 0
[READ], 118, 0
[READ], 119, 1
[READ], 120, 1
[READ], 121, 1
[READ], 122, 0
[READ], 123, 1
[READ], 124, 0
[READ], 125, 0
[READ], 126, 2
[READ], 127, 0
[READ], 128, 1
[READ], 129, 2
[READ], 130, 1
[READ], 131, 0
[READ], 132, 2
[READ], 133, 0
[READ], 134, 0
[READ], 135, 2
[READ], 136, 1
[READ], 137, 0
[READ], 138, 1
[READ], 139, 0
[READ], 140, 0
[READ], 141, 1
[READ], 142, 0
[READ], 143, 0
[READ], 144, 0
[READ], 145, 0
[READ], 146, 0
[READ], 147, 1
[READ], 148, 1
[READ], 149, 0
[READ], 150, 0
[READ], 151, 0
[READ], 152, 1
[READ], 153, 0
[READ], 154, 0
[READ], 155, 1
[READ], 156, 1
[READ], 157, 0
[READ], 158, 2
[READ], 159, 0
[READ], 160, 1
[READ], 161, 0
[READ], 162, 1
[READ], 163, 0
[READ], 164, 0
[READ], 165, 0
[READ], 166, 0
[READ], 167, 0
[READ], 168, 0
[READ], 169, 0
[READ], 170, 2
[READ], 171, 0
[READ], 172, 0
[READ], 173, 1
[READ], 174, 0
[READ], 175, 0
[READ], 176, 0
[READ], 177, 1
[READ], 178, 0
[READ], 179, 1
[READ], 180, 1
[READ], 181, 0
[READ], 182, 0
[READ], 183, 0
[READ], 184, 0
[READ], 185, 0
[READ], 186, 0
[READ], 187, 0
[READ], 188, 0
[READ], 189, 0
[READ], 190, 0
[READ], 191, 0
[READ], 192, 0
[READ], 193, 0
[READ], 194, 1
[READ], 195, 0
[READ], 196, 0
[READ], 197, 0
[READ], 198, 0
[READ], 199, 0
[READ], 200, 0
[READ], 201, 0
[READ], 202, 0
[READ], 203, 0
[READ], 204, 0
[READ], 205, 1
[READ], 206, 1
[READ], 207, 0
[READ], 208, 0
[READ], 209, 0
[READ], 210, 0
[READ], 211, 0
[READ], 212, 0
[READ], 213, 0
[READ], 214, 0
[READ], 215, 0
[READ], 216, 0
[READ], 217, 0
[READ], 218, 0
[READ], 219, 0
[READ], 220, 0
[READ], 221, 0
[READ], 222, 0
[READ], 223, 0
[READ], 224, 0
[READ], 225, 0
[READ], 226, 0
[READ], 227, 0
[READ], 228, 0
[READ], 229, 0
[READ], 230, 0
[READ], 231, 0
[READ], 232, 0
[READ], 233, 0
[READ], 234, 0
[READ], 235, 0
[READ], 236, 0
[READ], 237, 0
[READ], 238, 0
[READ], 239, 0
[READ], 240, 0
[READ], 241, 0
[READ], 242, 0
[READ], 243, 0
[READ], 244, 0
[READ], 245, 0
[READ], 246, 0
[READ], 247, 0
[READ], 248, 0
[READ], 249, 0
[READ], 250, 0
[READ], 251, 0
[READ], 252, 0
[READ], 253, 0
[READ], 254, 0
[READ], 255, 0
[READ], 256, 0
[READ], 257, 0
[READ], 258, 0
[READ], 259, 0
[READ], 260, 0
[READ], 261, 0
[READ], 262, 0
[READ], 263, 0
[READ], 264, 0
[READ], 265, 0
[READ], 266, 0
[READ], 267, 0
[READ], 268, 0
[READ], 269, 0
[READ], 270, 0
[READ], 271, 0
[READ], 272, 0
[READ], 273, 0
[READ], 274, 0
[READ], 275, 0
[READ], 276, 0
[READ], 277, 0
[READ], 278, 0
[READ], 279, 0
[READ], 280, 0
[READ], 281, 0
[READ], 282, 0
[READ], 283, 0
[READ], 284, 0
[READ], 285, 0
[READ], 286, 0
[READ], 287, 0
[READ], 288, 0
[READ], 289, 0
[READ], 290, 0
[READ], 291, 0
[READ], 292, 0
[READ], 293, 0
[READ], 294, 0
[READ], 295, 0
[READ], 296, 0
[READ], 297, 0
[READ], 298, 0
[READ], 299, 0
[READ], 300, 0
[READ], 301, 0
[READ], 302, 0
[READ], 303, 0
[READ], 304, 0
[READ], 305, 0
[READ], 306, 0
[READ], 307, 0
[READ], 308, 0
[READ], 309, 0
[READ], 310, 0
[READ], 311, 0
[READ], 312, 0
[READ], 313, 0
[READ], 314, 0
[READ], 315, 0
[READ], 316, 0
[READ], 317, 0
[READ], 318, 0
[READ], 319, 0
[READ], 320, 0
[READ], 321, 0
[READ], 322, 0
[READ], 323, 0
[READ], 324, 0
[READ], 325, 0
[READ], 326, 0
[READ], 327, 0
[READ], 328, 0
[READ], 329, 0
[READ], 330, 0
[READ], 331, 0
[READ], 332, 0
[READ], 333, 0
[READ], 334, 0
[READ], 335, 0
[READ], 336, 0
[READ], 337, 0
[READ], 338, 0
[READ], 339, 0
[READ], 340, 0
[READ], 341, 0
[READ], 342, 0
[READ], 343, 0
[READ], 344, 0
[READ], 345, 0
[READ], 346, 0
[READ], 347, 0
[READ], 348, 0
[READ], 349, 0
[READ], 350, 0
[READ], 351, 0
[READ], 352, 0
[READ], 353, 0
[READ], 354, 0
[READ], 355, 0
[READ], 356, 0
[READ], 357, 0
[READ], 358, 0
[READ], 359, 0
[READ], 360, 0
[READ], 361, 0
[READ], 362, 0
[READ], 363, 0
[READ], 364, 0
[READ], 365, 0
[READ], 366, 0
[READ], 367, 0
[READ], 368, 0
[READ], 369, 0
[READ], 370, 0
[READ], 371, 0
[READ], 372, 0
[READ], 373, 0
[READ], 374, 0
[READ], 375, 0
[READ], 376, 0
[READ], 377, 0
[READ], 378, 0
[READ], 379, 0
[READ], 380, 0
[READ], 381, 0
[READ], 382, 0
[READ], 383, 0
[READ], 384, 0
[READ], 385, 0
[READ], 386, 0
[READ], 387, 0
[READ], 388, 0
[READ], 389, 0
[READ], 390, 0
[READ], 391, 0
[READ], 392, 0
[READ], 393, 0
[READ], 394, 0
[READ], 395, 0
[READ], 396, 0
[READ], 397, 0
[READ], 398, 0
[READ], 399, 0
[READ], 400, 0
[READ], 401, 0
[READ], 402, 0
[READ], 403, 0
[READ], 404, 0
[READ], 405, 0
[READ], 406, 0
[READ], 407, 0
[READ], 408, 0
[READ], 409, 0
[READ], 410, 0
[READ], 411, 0
[READ], 412, 0
[READ], 413, 0
[READ], 414, 0
[READ], 415, 0
[READ], 416, 0
[READ], 417, 0
[READ], 418, 0
[READ], 419, 0
[READ], 420, 0
[READ], 421, 0
[READ], 422, 0
[READ], 423, 0
[READ], 424, 0
[READ], 425, 0
[READ], 426, 0
[READ], 427, 0
[READ], 428, 0
[READ], 429, 0
[READ], 430, 0
[READ], 431, 0
[READ], 432, 0
[READ], 433, 0
[READ], 434, 0
[READ], 435, 0
[READ], 436, 0
[READ], 437, 0
[READ], 438, 0
[READ], 439, 0
[READ], 440, 0
[READ], 441, 0
[READ], 442, 0
[READ], 443, 0
[READ], 444, 0
[READ], 445, 0
[READ], 446, 0
[READ], 447, 0
[READ], 448, 0
[READ], 449, 0
[READ], 450, 0
[READ], 451, 0
[READ], 452, 0
[READ], 453, 0
[READ], 454, 0
[READ], 455, 0
[READ], 456, 0
[READ], 457, 0
[READ], 458, 0
[READ], 459, 0
[READ], 460, 0
[READ], 461, 0
[READ], 462, 0
[READ], 463, 0
[READ], 464, 0
[READ], 465, 0
[READ], 466, 0
[READ], 467, 0
[READ], 468, 0
[READ], 469, 0
[READ], 470, 0
[READ], 471, 0
[READ], 472, 0
[READ], 473, 0
[READ], 474, 0
[READ], 475, 0
[READ], 476, 0
[READ], 477, 0
[READ], 478, 0
[READ], 479, 0
[READ], 480, 0
[READ], 481, 0
[READ], 482, 0
[READ], 483, 0
[READ], 484, 0
[READ], 485, 0
[READ], 486, 0
[READ], 487, 0
[READ], 488, 0
[READ], 489, 0
[READ], 490, 0
[READ], 491, 0
[READ], 492, 0
[READ], 493, 0
[READ], 494, 0
[READ], 495, 0
[READ], 496, 0
[READ], 497, 0
[READ], 498, 0
[READ], 499, 0
[READ], 500, 0
[READ], 501, 0
[READ], 502, 0
[READ], 503, 0
[READ], 504, 0
[READ], 505, 0
[READ], 506, 0
[READ], 507, 0
[READ], 508, 0
[READ], 509, 0
[READ], 510, 0
[READ], 511, 0
[READ], 512, 0
[READ], 513, 0
[READ], 514, 0
[READ], 515, 0
[READ], 516, 0
[READ], 517, 0
[READ], 518, 0
[READ], 519, 0
[READ], 520, 0
[READ], 521, 0
[READ], 522, 0
[READ], 523, 0
[READ], 524, 0
[READ], 525, 0
[READ], 526, 0
[READ], 527, 0
[READ], 528, 0
[READ], 529, 0
[READ], 530, 0
[READ], 531, 0
[READ], 532, 0
[READ], 533, 0
[READ], 534, 0
[READ], 535, 0
[READ], 536, 0
[READ], 537, 0
[READ], 538, 0
[READ], 539, 0
[READ], 540, 0
[READ], 541, 0
[READ], 542, 0
[READ], 543, 0
[READ], 544, 0
[READ], 545, 0
[READ], 546, 0
[READ], 547, 0
[READ], 548, 0
[READ], 549, 0
[READ], 550, 0
[READ], 551, 0
[READ], 552, 0
[READ], 553, 0
[READ], 554, 0
[READ], 555, 0
[READ], 556, 0
[READ], 557, 0
[READ], 558, 0
[READ], 559, 0
[READ], 560, 0
[READ], 561, 0
[READ], 562, 0
[READ], 563, 0
[READ], 564, 0
[READ], 565, 0
[READ], 566, 0
[READ], 567, 0
[READ], 568, 0
[READ], 569, 0
[READ], 570, 0
[READ], 571, 0
[READ], 572, 0
[READ], 573, 0
[READ], 574, 0
[READ], 575, 0
[READ], 576, 0
[READ], 577, 0
[READ], 578, 0
[READ], 579, 0
[READ], 580, 0
[READ], 581, 0
[READ], 582, 0
[READ], 583, 0
[READ], 584, 0
[READ], 585, 0
[READ], 586, 0
[READ], 587, 0
[READ], 588, 0
[READ], 589, 0
[READ], 590, 0
[READ], 591, 0
[READ], 592, 0
[READ], 593, 0
[READ], 594, 0
[READ], 595, 0
[READ], 596, 0
[READ], 597, 0
[READ], 598, 0
[READ], 599, 0
[READ], 600, 0
[READ], 601, 0
[READ], 602, 0
[READ], 603, 0
[READ], 604, 0
[READ], 605, 0
[READ], 606, 0
[READ], 607, 0
[READ], 608, 0
[READ], 609, 0
[READ], 610, 0
[READ], 611, 0
[READ], 612, 0
[READ], 613, 0
[READ], 614, 0
[READ], 615, 0
[READ], 616, 0
[READ], 617, 0
[READ], 618, 0
[READ], 619, 0
[READ], 620, 0
[READ], 621, 0
[READ], 622, 0
[READ], 623, 0
[READ], 624, 0
[READ], 625, 0
[READ], 626, 0
[READ], 627, 0
[READ], 628, 0
[READ], 629, 0
[READ], 630, 0
[READ], 631, 0
[READ], 632, 0
[READ], 633, 0
[READ], 634, 0
[READ], 635, 0
[READ], 636, 0
[READ], 637, 0
[READ], 638, 0
[READ], 639, 0
[READ], 640, 0
[READ], 641, 0
[READ], 642, 0
[READ], 643, 0
[READ], 644, 0
[READ], 645, 0
[READ], 646, 0
[READ], 647, 0
[READ], 648, 0
[READ], 649, 0
[READ], 650, 0
[READ], 651, 0
[READ], 652, 0
[READ], 653, 0
[READ], 654, 0
[READ], 655, 0
[READ], 656, 0
[READ], 657, 0
[READ], 658, 0
[READ], 659, 0
[READ], 660, 0
[READ], 661, 0
[READ], 662, 0
[READ], 663, 0
[READ], 664, 0
[READ], 665, 0
[READ], 666, 0
[READ], 667, 0
[READ], 668, 0
[READ], 669, 0
[READ], 670, 0
[READ], 671, 0
[READ], 672, 0
[READ], 673, 0
[READ], 674, 0
[READ], 675, 0
[READ], 676, 0
[READ], 677, 0
[READ], 678, 0
[READ], 679, 0
[READ], 680, 0
[READ], 681, 0
[READ], 682, 0
[READ], 683, 0
[READ], 684, 0
[READ], 685, 0
[READ], 686, 0
[READ], 687, 0
[READ], 688, 0
[READ], 689, 0
[READ], 690, 0
[READ], 691, 0
[READ], 692, 0
[READ], 693, 0
[READ], 694, 0
[READ], 695, 0
[READ], 696, 0
[READ], 697, 0
[READ], 698, 0
[READ], 699, 0
[READ], 700, 0
[READ], 701, 0
[READ], 702, 0
[READ], 703, 0
[READ], 704, 0
[READ], 705, 0
[READ], 706, 0
[READ], 707, 0
[READ], 708, 0
[READ], 709, 0
[READ], 710, 0
[READ], 711, 0
[READ], 712, 0
[READ], 713, 0
[READ], 714, 0
[READ], 715, 0
[READ], 716, 0
[READ], 717, 0
[READ], 718, 0
[READ], 719, 0
[READ], 720, 0
[READ], 721, 0
[READ], 722, 0
[READ], 723, 0
[READ], 724, 0
[READ], 725, 0
[READ], 726, 0
[READ], 727, 0
[READ], 728, 0
[READ], 729, 0
[READ], 730, 0
[READ], 731, 0
[READ], 732, 0
[READ], 733, 0
[READ], 734, 0
[READ], 735, 0
[READ], 736, 0
[READ], 737, 0
[READ], 738, 0
[READ], 739, 0
[READ], 740, 0
[READ], 741, 0
[READ], 742, 0
[READ], 743, 0
[READ], 744, 0
[READ], 745, 0
[READ], 746, 0
[READ], 747, 0
[READ], 748, 0
[READ], 749, 0
[READ], 750, 0
[READ], 751, 0
[READ], 752, 0
[READ], 753, 0
[READ], 754, 0
[READ], 755, 0
[READ], 756, 0
[READ], 757, 0
[READ], 758, 0
[READ], 759, 0
[READ], 760, 0
[READ], 761, 0
[READ], 762, 0
[READ], 763, 0
[READ], 764, 0
[READ], 765, 0
[READ], 766, 0
[READ], 767, 0
[READ], 768, 0
[READ], 769, 0
[READ], 770, 0
[READ], 771, 0
[READ], 772, 0
[READ], 773, 0
[READ], 774, 0
[READ], 775, 0
[READ], 776, 0
[READ], 777, 0
[READ], 778, 0
[READ], 779, 0
[READ], 780, 0
[READ], 781, 0
[READ], 782, 0
[READ], 783, 0
[READ], 784, 0
[READ], 785, 0
[READ], 786, 0
[READ], 787, 0
[READ], 788, 0
[READ], 789, 0
[READ], 790, 0
[READ], 791, 0
[READ], 792, 0
[READ], 793, 0
[READ], 794, 0
[READ], 795, 0
[READ], 796, 0
[READ], 797, 0
[READ], 798, 0
[READ], 799, 0
[READ], 800, 0
[READ], 801, 0
[READ], 802, 0
[READ], 803, 0
[READ], 804, 0
[READ], 805, 0
[READ], 806, 0
[READ], 807, 0
[READ], 808, 0
[READ], 809, 0
[READ], 810, 0
[READ], 811, 0
[READ], 812, 0
[READ], 813, 0
[READ], 814, 0
[READ], 815, 0
[READ], 816, 0
[READ], 817, 0
[READ], 818, 0
[READ], 819, 0
[READ], 820, 0
[READ], 821, 0
[READ], 822, 0
[READ], 823, 0
[READ], 824, 0
[READ], 825, 0
[READ], 826, 0
[READ], 827, 0
[READ], 828, 0
[READ], 829, 0
[READ], 830, 0
[READ], 831, 0
[READ], 832, 0
[READ], 833, 0
[READ], 834, 0
[READ], 835, 0
[READ], 836, 0
[READ], 837, 0
[READ], 838, 0
[READ], 839, 0
[READ], 840, 0
[READ], 841, 0
[READ], 842, 0
[READ], 843, 0
[READ], 844, 0
[READ], 845, 0
[READ], 846, 0
[READ], 847, 0
[READ], 848, 0
[READ], 849, 0
[READ], 850, 0
[READ], 851, 0
[READ], 852, 0
[READ], 853, 0
[READ], 854, 0
[READ], 855, 0
[READ], 856, 0
[READ], 857, 0
[READ], 858, 0
[READ], 859, 0
[READ], 860, 0
[READ], 861, 0
[READ], 862, 0
[READ], 863, 0
[READ], 864, 0
[READ], 865, 0
[READ], 866, 0
[READ], 867, 0
[READ], 868, 0
[READ], 869, 0
[READ], 870, 0
[READ], 871, 0
[READ], 872, 0
[READ], 873, 0
[READ], 874, 0
[READ], 875, 0
[READ], 876, 0
[READ], 877, 0
[READ], 878, 0
[READ], 879, 0
[READ], 880, 0
[READ], 881, 0
[READ], 882, 0
[READ], 883, 0
[READ], 884, 0
[READ], 885, 0
[READ], 886, 0
[READ], 887, 0
[READ], 888, 0
[READ], 889, 0
[READ], 890, 0
[READ], 891, 0
[READ], 892, 0
[READ], 893, 0
[READ], 894, 0
[READ], 895, 0
[READ], 896, 0
[READ], 897, 0
[READ], 898, 0
[READ], 899, 0
[READ], 900, 0
[READ], 901, 0
[READ], 902, 0
[READ], 903, 0
[READ], 904, 0
[READ], 905, 0
[READ], 906, 0
[READ], 907, 0
[READ], 908, 0
[READ], 909, 0
[READ], 910, 0
[READ], 911, 0
[READ], 912, 0
[READ], 913, 0
[READ], 914, 0
[READ], 915, 0
[READ], 916, 0
[READ], 917, 0
[READ], 918, 0
[READ], 919, 0
[READ], 920, 0
[READ], 921, 0
[READ], 922, 0
[READ], 923, 0
[READ], 924, 0
[READ], 925, 0
[READ], 926, 0
[READ], 927, 0
[READ], 928, 0
[READ], 929, 0
[READ], 930, 0
[READ], 931, 0
[READ], 932, 0
[READ], 933, 0
[READ], 934, 0
[READ], 935, 0
[READ], 936, 0
[READ], 937, 0
[READ], 938, 0
[READ], 939, 0
[READ], 940, 0
[READ], 941, 0
[READ], 942, 0
[READ], 943, 0
[READ], 944, 0
[READ], 945, 0
[READ], 946, 0
[READ], 947, 0
[READ], 948, 0
[READ], 949, 0
[READ], 950, 0
[READ], 951, 0
[READ], 952, 0
[READ], 953, 0
[READ], 954, 0
[READ], 955, 0
[READ], 956, 0
[READ], 957, 0
[READ], 958, 0
[READ], 959, 0
[READ], 960, 0
[READ], 961, 0
[READ], 962, 0
[READ], 963, 0
[READ], 964, 0
[READ], 965, 0
[READ], 966, 0
[READ], 967, 0
[READ], 968, 0
[READ], 969, 0
[READ], 970, 0
[READ], 971, 0
[READ], 972, 0
[READ], 973, 0
[READ], 974, 0
[READ], 975, 0
[READ], 976, 0
[READ], 977, 0
[READ], 978, 0
[READ], 979, 0
[READ], 980, 0
[READ], 981, 0
[READ], 982, 0
[READ], 983, 0
[READ], 984, 0
[READ], 985, 0
[READ], 986, 0
[READ], 987, 0
[READ], 988, 0
[READ], 989, 0
[READ], 990, 0
[READ], 991, 0
[READ], 992, 0
[READ], 993, 0
[READ], 994, 0
[READ], 995, 0
[READ], 996, 0
[READ], 997, 0
[READ], 998, 0
[READ], 999, 0
[READ], >1000, 0
[CLEANUP], Operations, 192
[CLEANUP], AverageLatency(us), 195.84375
[CLEANUP], MinLatency(us), 111
[CLEANUP], MaxLatency(us), 1418
[CLEANUP], 95thPercentileLatency(ms), 0
[CLEANUP], 99thPercentileLatency(ms), 0
[CLEANUP], 0, 191
[CLEANUP], 1, 1
[CLEANUP], 2, 0
[CLEANUP], 3, 0
[CLEANUP], 4, 0
[CLEANUP], 5, 0
[CLEANUP], 6, 0
[CLEANUP], 7, 0
[CLEANUP], 8, 0
[CLEANUP], 9, 0
[CLEANUP], 10, 0
[CLEANUP], 11, 0
[CLEANUP], 12, 0
[CLEANUP], 13, 0
[CLEANUP], 14, 0
[CLEANUP], 15, 0
[CLEANUP], 16, 0
[CLEANUP], 17, 0
[CLEANUP], 18, 0
[CLEANUP], 19, 0
[CLEANUP], 20, 0
[CLEANUP], 21, 0
[CLEANUP], 22, 0
[CLEANUP], 23, 0
[CLEANUP], 24, 0
[CLEANUP], 25, 0
[CLEANUP], 26, 0
[CLEANUP], 27, 0
[CLEANUP], 28, 0
[CLEANUP], 29, 0
[CLEANUP], 30, 0
[CLEANUP], 31, 0
[CLEANUP], 32, 0
[CLEANUP], 33, 0
[CLEANUP], 34, 0
[CLEANUP], 35, 0
[CLEANUP], 36, 0
[CLEANUP], 37, 0
[CLEANUP], 38, 0
[CLEANUP], 39, 0
[CLEANUP], 40, 0
[CLEANUP], 41, 0
[CLEANUP], 42, 0
[CLEANUP], 43, 0
[CLEANUP], 44, 0
[CLEANUP], 45, 0
[CLEANUP], 46, 0
[CLEANUP], 47, 0
[CLEANUP], 48, 0
[CLEANUP], 49, 0
[CLEANUP], 50, 0
[CLEANUP], 51, 0
[CLEANUP], 52, 0
[CLEANUP], 53, 0
[CLEANUP], 54, 0
[CLEANUP], 55, 0
[CLEANUP], 56, 0
[CLEANUP], 57, 0
[CLEANUP], 58, 0
[CLEANUP], 59, 0
[CLEANUP], 60, 0
[CLEANUP], 61, 0
[CLEANUP], 62, 0
[CLEANUP], 63, 0
[CLEANUP], 64, 0
[CLEANUP], 65, 0
[CLEANUP], 66, 0
[CLEANUP], 67, 0
[CLEANUP], 68, 0
[CLEANUP], 69, 0
[CLEANUP], 70, 0
[CLEANUP], 71, 0
[CLEANUP], 72, 0
[CLEANUP], 73, 0
[CLEANUP], 74, 0
[CLEANUP], 75, 0
[CLEANUP], 76, 0
[CLEANUP], 77, 0
[CLEANUP], 78, 0
[CLEANUP], 79, 0
[CLEANUP], 80, 0
[CLEANUP], 81, 0
[CLEANUP], 82, 0
[CLEANUP], 83, 0
[CLEANUP], 84, 0
[CLEANUP], 85, 0
[CLEANUP], 86, 0
[CLEANUP], 87, 0
[CLEANUP], 88, 0
[CLEANUP], 89, 0
[CLEANUP], 90, 0
[CLEANUP], 91, 0
[CLEANUP], 92, 0
[CLEANUP], 93, 0
[CLEANUP], 94, 0
[CLEANUP], 95, 0
[CLEANUP], 96, 0
[CLEANUP], 97, 0
[CLEANUP], 98, 0
[CLEANUP], 99, 0
[CLEANUP], 100, 0
[CLEANUP], 101, 0
[CLEANUP], 102, 0
[CLEANUP], 103, 0
[CLEANUP], 104, 0
[CLEANUP], 105, 0
[CLEANUP], 106, 0
[CLEANUP], 107, 0
[CLEANUP], 108, 0
[CLEANUP], 109, 0
[CLEANUP], 110, 0
[CLEANUP], 111, 0
[CLEANUP], 112, 0
[CLEANUP], 113, 0
[CLEANUP], 114, 0
[CLEANUP], 115, 0
[CLEANUP], 116, 0
[CLEANUP], 117, 0
[CLEANUP], 118, 0
[CLEANUP], 119, 0
[CLEANUP], 120, 0
[CLEANUP], 121, 0
[CLEANUP], 122, 0
[CLEANUP], 123, 0
[CLEANUP], 124, 0
[CLEANUP], 125, 0
[CLEANUP], 126, 0
[CLEANUP], 127, 0
[CLEANUP], 128, 0
[CLEANUP], 129, 0
[CLEANUP], 130, 0
[CLEANUP], 131, 0
[CLEANUP], 132, 0
[CLEANUP], 133, 0
[CLEANUP], 134, 0
[CLEANUP], 135, 0
[CLEANUP], 136, 0
[CLEANUP], 137, 0
[CLEANUP], 138, 0
[CLEANUP], 139, 0
[CLEANUP], 140, 0
[CLEANUP], 141, 0
[CLEANUP], 142, 0
[CLEANUP], 143, 0
[CLEANUP], 144, 0
[CLEANUP], 145, 0
[CLEANUP], 146, 0
[CLEANUP], 147, 0
[CLEANUP], 148, 0
[CLEANUP], 149, 0
[CLEANUP], 150, 0
[CLEANUP], 151, 0
[CLEANUP], 152, 0
[CLEANUP], 153, 0
[CLEANUP], 154, 0
[CLEANUP], 155, 0
[CLEANUP], 156, 0
[CLEANUP], 157, 0
[CLEANUP], 158, 0
[CLEANUP], 159, 0
[CLEANUP], 160, 0
[CLEANUP], 161, 0
[CLEANUP], 162, 0
[CLEANUP], 163, 0
[CLEANUP], 164, 0
[CLEANUP], 165, 0
[CLEANUP], 166, 0
[CLEANUP], 167, 0
[CLEANUP], 168, 0
[CLEANUP], 169, 0
[CLEANUP], 170, 0
[CLEANUP], 171, 0
[CLEANUP], 172, 0
[CLEANUP], 173, 0
[CLEANUP], 174, 0
[CLEANUP], 175, 0
[CLEANUP], 176, 0
[CLEANUP], 177, 0
[CLEANUP], 178, 0
[CLEANUP], 179, 0
[CLEANUP], 180, 0
[CLEANUP], 181, 0
[CLEANUP], 182, 0
[CLEANUP], 183, 0
[CLEANUP], 184, 0
[CLEANUP], 185, 0
[CLEANUP], 186, 0
[CLEANUP], 187, 0
[CLEANUP], 188, 0
[CLEANUP], 189, 0
[CLEANUP], 190, 0
[CLEANUP], 191, 0
[CLEANUP], 192, 0
[CLEANUP], 193, 0
[CLEANUP], 194, 0
[CLEANUP], 195, 0
[CLEANUP], 196, 0
[CLEANUP], 197, 0
[CLEANUP], 198, 0
[CLEANUP], 199, 0
[CLEANUP], 200, 0
[CLEANUP], 201, 0
[CLEANUP], 202, 0
[CLEANUP], 203, 0
[CLEANUP], 204, 0
[CLEANUP], 205, 0
[CLEANUP], 206, 0
[CLEANUP], 207, 0
[CLEANUP], 208, 0
[CLEANUP], 209, 0
[CLEANUP], 210, 0
[CLEANUP], 211, 0
[CLEANUP], 212, 0
[CLEANUP], 213, 0
[CLEANUP], 214, 0
[CLEANUP], 215, 0
[CLEANUP], 216, 0
[CLEANUP], 217, 0
[CLEANUP], 218, 0
[CLEANUP], 219, 0
[CLEANUP], 220, 0
[CLEANUP], 221, 0
[CLEANUP], 222, 0
[CLEANUP], 223, 0
[CLEANUP], 224, 0
[CLEANUP], 225, 0
[CLEANUP], 226, 0
[CLEANUP], 227, 0
[CLEANUP], 228, 0
[CLEANUP], 229, 0
[CLEANUP], 230, 0
[CLEANUP], 231, 0
[CLEANUP], 232, 0
[CLEANUP], 233, 0
[CLEANUP], 234, 0
[CLEANUP], 235, 0
[CLEANUP], 236, 0
[CLEANUP], 237, 0
[CLEANUP], 238, 0
[CLEANUP], 239, 0
[CLEANUP], 240, 0
[CLEANUP], 241, 0
[CLEANUP], 242, 0
[CLEANUP], 243, 0
[CLEANUP], 244, 0
[CLEANUP], 245, 0
[CLEANUP], 246, 0
[CLEANUP], 247, 0
[CLEANUP], 248, 0
[CLEANUP], 249, 0
[CLEANUP], 250, 0
[CLEANUP], 251, 0
[CLEANUP], 252, 0
[CLEANUP], 253, 0
[CLEANUP], 254, 0
[CLEANUP], 255, 0
[CLEANUP], 256, 0
[CLEANUP], 257, 0
[CLEANUP], 258, 0
[CLEANUP], 259, 0
[CLEANUP], 260, 0
[CLEANUP], 261, 0
[CLEANUP], 262, 0
[CLEANUP], 263, 0
[CLEANUP], 264, 0
[CLEANUP], 265, 0
[CLEANUP], 266, 0
[CLEANUP], 267, 0
[CLEANUP], 268, 0
[CLEANUP], 269, 0
[CLEANUP], 270, 0
[CLEANUP], 271, 0
[CLEANUP], 272, 0
[CLEANUP], 273, 0
[CLEANUP], 274, 0
[CLEANUP], 275, 0
[CLEANUP], 276, 0
[CLEANUP], 277, 0
[CLEANUP], 278, 0
[CLEANUP], 279, 0
[CLEANUP], 280, 0
[CLEANUP], 281, 0
[CLEANUP], 282, 0
[CLEANUP], 283, 0
[CLEANUP], 284, 0
[CLEANUP], 285, 0
[CLEANUP], 286, 0
[CLEANUP], 287, 0
[CLEANUP], 288, 0
[CLEANUP], 289, 0
[CLEANUP], 290, 0
[CLEANUP], 291, 0
[CLEANUP], 292, 0
[CLEANUP], 293, 0
[CLEANUP], 294, 0
[CLEANUP], 295, 0
[CLEANUP], 296, 0
[CLEANUP], 297, 0
[CLEANUP], 298, 0
[CLEANUP], 299, 0
[CLEANUP], 300, 0
[CLEANUP], 301, 0
[CLEANUP], 302, 0
[CLEANUP], 303, 0
[CLEANUP], 304, 0
[CLEANUP], 305, 0
[CLEANUP], 306, 0
[CLEANUP], 307, 0
[CLEANUP], 308, 0
[CLEANUP], 309, 0
[CLEANUP], 310, 0
[CLEANUP], 311, 0
[CLEANUP], 312, 0
[CLEANUP], 313, 0
[CLEANUP], 314, 0
[CLEANUP], 315, 0
[CLEANUP], 316, 0
[CLEANUP], 317, 0
[CLEANUP], 318, 0
[CLEANUP], 319, 0
[CLEANUP], 320, 0
[CLEANUP], 321, 0
[CLEANUP], 322, 0
[CLEANUP], 323, 0
[CLEANUP], 324, 0
[CLEANUP], 325, 0
[CLEANUP], 326, 0
[CLEANUP], 327, 0
[CLEANUP], 328, 0
[CLEANUP], 329, 0
[CLEANUP], 330, 0
[CLEANUP], 331, 0
[CLEANUP], 332, 0
[CLEANUP], 333, 0
[CLEANUP], 334, 0
[CLEANUP], 335, 0
[CLEANUP], 336, 0
[CLEANUP], 337, 0
[CLEANUP], 338, 0
[CLEANUP], 339, 0
[CLEANUP], 340, 0
[CLEANUP], 341, 0
[CLEANUP], 342, 0
[CLEANUP], 343, 0
[CLEANUP], 344, 0
[CLEANUP], 345, 0
[CLEANUP], 346, 0
[CLEANUP], 347, 0
[CLEANUP], 348, 0
[CLEANUP], 349, 0
[CLEANUP], 350, 0
[CLEANUP], 351, 0
[CLEANUP], 352, 0
[CLEANUP], 353, 0
[CLEANUP], 354, 0
[CLEANUP], 355, 0
[CLEANUP], 356, 0
[CLEANUP], 357, 0
[CLEANUP], 358, 0
[CLEANUP], 359, 0
[CLEANUP], 360, 0
[CLEANUP], 361, 0
[CLEANUP], 362, 0
[CLEANUP], 363, 0
[CLEANUP], 364, 0
[CLEANUP], 365, 0
[CLEANUP], 366, 0
[CLEANUP], 367, 0
[CLEANUP], 368, 0
[CLEANUP], 369, 0
[CLEANUP], 370, 0
[CLEANUP], 371, 0
[CLEANUP], 372, 0
[CLEANUP], 373, 0
[CLEANUP], 374, 0
[CLEANUP], 375, 0
[CLEANUP], 376, 0
[CLEANUP], 377, 0
[CLEANUP], 378, 0
[CLEANUP], 379, 0
[CLEANUP], 380, 0
[CLEANUP], 381, 0
[CLEANUP], 382, 0
[CLEANUP], 383, 0
[CLEANUP], 384, 0
[CLEANUP], 385, 0
[CLEANUP], 386, 0
[CLEANUP], 387, 0
[CLEANUP], 388, 0
[CLEANUP], 389, 0
[CLEANUP], 390, 0
[CLEANUP], 391, 0
[CLEANUP], 392, 0
[CLEANUP], 393, 0
[CLEANUP], 394, 0
[CLEANUP], 395, 0
[CLEANUP], 396, 0
[CLEANUP], 397, 0
[CLEANUP], 398, 0
[CLEANUP], 399, 0
[CLEANUP], 400, 0
[CLEANUP], 401, 0
[CLEANUP], 402, 0
[CLEANUP], 403, 0
[CLEANUP], 404, 0
[CLEANUP], 405, 0
[CLEANUP], 406, 0
[CLEANUP], 407, 0
[CLEANUP], 408, 0
[CLEANUP], 409, 0
[CLEANUP], 410, 0
[CLEANUP], 411, 0
[CLEANUP], 412, 0
[CLEANUP], 413, 0
[CLEANUP], 414, 0
[CLEANUP], 415, 0
[CLEANUP], 416, 0
[CLEANUP], 417, 0
[CLEANUP], 418, 0
[CLEANUP], 419, 0
[CLEANUP], 420, 0
[CLEANUP], 421, 0
[CLEANUP], 422, 0
[CLEANUP], 423, 0
[CLEANUP], 424, 0
[CLEANUP], 425, 0
[CLEANUP], 426, 0
[CLEANUP], 427, 0
[CLEANUP], 428, 0
[CLEANUP], 429, 0
[CLEANUP], 430, 0
[CLEANUP], 431, 0
[CLEANUP], 432, 0
[CLEANUP], 433, 0
[CLEANUP], 434, 0
[CLEANUP], 435, 0
[CLEANUP], 436, 0
[CLEANUP], 437, 0
[CLEANUP], 438, 0
[CLEANUP], 439, 0
[CLEANUP], 440, 0
[CLEANUP], 441, 0
[CLEANUP], 442, 0
[CLEANUP], 443, 0
[CLEANUP], 444, 0
[CLEANUP], 445, 0
[CLEANUP], 446, 0
[CLEANUP], 447, 0
[CLEANUP], 448, 0
[CLEANUP], 449, 0
[CLEANUP], 450, 0
[CLEANUP], 451, 0
[CLEANUP], 452, 0
[CLEANUP], 453, 0
[CLEANUP], 454, 0
[CLEANUP], 455, 0
[CLEANUP], 456, 0
[CLEANUP], 457, 0
[CLEANUP], 458, 0
[CLEANUP], 459, 0
[CLEANUP], 460, 0
[CLEANUP], 461, 0
[CLEANUP], 462, 0
[CLEANUP], 463, 0
[CLEANUP], 464, 0
[CLEANUP], 465, 0
[CLEANUP], 466, 0
[CLEANUP], 467, 0
[CLEANUP], 468, 0
[CLEANUP], 469, 0
[CLEANUP], 470, 0
[CLEANUP], 471, 0
[CLEANUP], 472, 0
[CLEANUP], 473, 0
[CLEANUP], 474, 0
[CLEANUP], 475, 0
[CLEANUP], 476, 0
[CLEANUP], 477, 0
[CLEANUP], 478, 0
[CLEANUP], 479, 0
[CLEANUP], 480, 0
[CLEANUP], 481, 0
[CLEANUP], 482, 0
[CLEANUP], 483, 0
[CLEANUP], 484, 0
[CLEANUP], 485, 0
[CLEANUP], 486, 0
[CLEANUP], 487, 0
[CLEANUP], 488, 0
[CLEANUP], 489, 0
[CLEANUP], 490, 0
[CLEANUP], 491, 0
[CLEANUP], 492, 0
[CLEANUP], 493, 0
[CLEANUP], 494, 0
[CLEANUP], 495, 0
[CLEANUP], 496, 0
[CLEANUP], 497, 0
[CLEANUP], 498, 0
[CLEANUP], 499, 0
[CLEANUP], 500, 0
[CLEANUP], 501, 0
[CLEANUP], 502, 0
[CLEANUP], 503, 0
[CLEANUP], 504, 0
[CLEANUP], 505, 0
[CLEANUP], 506, 0
[CLEANUP], 507, 0
[CLEANUP], 508, 0
[CLEANUP], 509, 0
[CLEANUP], 510, 0
[CLEANUP], 511, 0
[CLEANUP], 512, 0
[CLEANUP], 513, 0
[CLEANUP], 514, 0
[CLEANUP], 515, 0
[CLEANUP], 516, 0
[CLEANUP], 517, 0
[CLEANUP], 518, 0
[CLEANUP], 519, 0
[CLEANUP], 520, 0
[CLEANUP], 521, 0
[CLEANUP], 522, 0
[CLEANUP], 523, 0
[CLEANUP], 524, 0
[CLEANUP], 525, 0
[CLEANUP], 526, 0
[CLEANUP], 527, 0
[CLEANUP], 528, 0
[CLEANUP], 529, 0
[CLEANUP], 530, 0
[CLEANUP], 531, 0
[CLEANUP], 532, 0
[CLEANUP], 533, 0
[CLEANUP], 534, 0
[CLEANUP], 535, 0
[CLEANUP], 536, 0
[CLEANUP], 537, 0
[CLEANUP], 538, 0
[CLEANUP], 539, 0
[CLEANUP], 540, 0
[CLEANUP], 541, 0
[CLEANUP], 542, 0
[CLEANUP], 543, 0
[CLEANUP], 544, 0
[CLEANUP], 545, 0
[CLEANUP], 546, 0
[CLEANUP], 547, 0
[CLEANUP], 548, 0
[CLEANUP], 549, 0
[CLEANUP], 550, 0
[CLEANUP], 551, 0
[CLEANUP], 552, 0
[CLEANUP], 553, 0
[CLEANUP], 554, 0
[CLEANUP], 555, 0
[CLEANUP], 556, 0
[CLEANUP], 557, 0
[CLEANUP], 558, 0
[CLEANUP], 559, 0
[CLEANUP], 560, 0
[CLEANUP], 561, 0
[CLEANUP], 562, 0
[CLEANUP], 563, 0
[CLEANUP], 564, 0
[CLEANUP], 565, 0
[CLEANUP], 566, 0
[CLEANUP], 567, 0
[CLEANUP], 568, 0
[CLEANUP], 569, 0
[CLEANUP], 570, 0
[CLEANUP], 571, 0
[CLEANUP], 572, 0
[CLEANUP], 573, 0
[CLEANUP], 574, 0
[CLEANUP], 575, 0
[CLEANUP], 576, 0
[CLEANUP], 577, 0
[CLEANUP], 578, 0
[CLEANUP], 579, 0
[CLEANUP], 580, 0
[CLEANUP], 581, 0
[CLEANUP], 582, 0
[CLEANUP], 583, 0
[CLEANUP], 584, 0
[CLEANUP], 585, 0
[CLEANUP], 586, 0
[CLEANUP], 587, 0
[CLEANUP], 588, 0
[CLEANUP], 589, 0
[CLEANUP], 590, 0
[CLEANUP], 591, 0
[CLEANUP], 592, 0
[CLEANUP], 593, 0
[CLEANUP], 594, 0
[CLEANUP], 595, 0
[CLEANUP], 596, 0
[CLEANUP], 597, 0
[CLEANUP], 598, 0
[CLEANUP], 599, 0
[CLEANUP], 600, 0
[CLEANUP], 601, 0
[CLEANUP], 602, 0
[CLEANUP], 603, 0
[CLEANUP], 604, 0
[CLEANUP], 605, 0
[CLEANUP], 606, 0
[CLEANUP], 607, 0
[CLEANUP], 608, 0
[CLEANUP], 609, 0
[CLEANUP], 610, 0
[CLEANUP], 611, 0
[CLEANUP], 612, 0
[CLEANUP], 613, 0
[CLEANUP], 614, 0
[CLEANUP], 615, 0
[CLEANUP], 616, 0
[CLEANUP], 617, 0
[CLEANUP], 618, 0
[CLEANUP], 619, 0
[CLEANUP], 620, 0
[CLEANUP], 621, 0
[CLEANUP], 622, 0
[CLEANUP], 623, 0
[CLEANUP], 624, 0
[CLEANUP], 625, 0
[CLEANUP], 626, 0
[CLEANUP], 627, 0
[CLEANUP], 628, 0
[CLEANUP], 629, 0
[CLEANUP], 630, 0
[CLEANUP], 631, 0
[CLEANUP], 632, 0
[CLEANUP], 633, 0
[CLEANUP], 634, 0
[CLEANUP], 635, 0
[CLEANUP], 636, 0
[CLEANUP], 637, 0
[CLEANUP], 638, 0
[CLEANUP], 639, 0
[CLEANUP], 640, 0
[CLEANUP], 641, 0
[CLEANUP], 642, 0
[CLEANUP], 643, 0
[CLEANUP], 644, 0
[CLEANUP], 645, 0
[CLEANUP], 646, 0
[CLEANUP], 647, 0
[CLEANUP], 648, 0
[CLEANUP], 649, 0
[CLEANUP], 650, 0
[CLEANUP], 651, 0
[CLEANUP], 652, 0
[CLEANUP], 653, 0
[CLEANUP], 654, 0
[CLEANUP], 655, 0
[CLEANUP], 656, 0
[CLEANUP], 657, 0
[CLEANUP], 658, 0
[CLEANUP], 659, 0
[CLEANUP], 660, 0
[CLEANUP], 661, 0
[CLEANUP], 662, 0
[CLEANUP], 663, 0
[CLEANUP], 664, 0
[CLEANUP], 665, 0
[CLEANUP], 666, 0
[CLEANUP], 667, 0
[CLEANUP], 668, 0
[CLEANUP], 669, 0
[CLEANUP], 670, 0
[CLEANUP], 671, 0
[CLEANUP], 672, 0
[CLEANUP], 673, 0
[CLEANUP], 674, 0
[CLEANUP], 675, 0
[CLEANUP], 676, 0
[CLEANUP], 677, 0
[CLEANUP], 678, 0
[CLEANUP], 679, 0
[CLEANUP], 680, 0
[CLEANUP], 681, 0
[CLEANUP], 682, 0
[CLEANUP], 683, 0
[CLEANUP], 684, 0
[CLEANUP], 685, 0
[CLEANUP], 686, 0
[CLEANUP], 687, 0
[CLEANUP], 688, 0
[CLEANUP], 689, 0
[CLEANUP], 690, 0
[CLEANUP], 691, 0
[CLEANUP], 692, 0
[CLEANUP], 693, 0
[CLEANUP], 694, 0
[CLEANUP], 695, 0
[CLEANUP], 696, 0
[CLEANUP], 697, 0
[CLEANUP], 698, 0
[CLEANUP], 699, 0
[CLEANUP], 700, 0
[CLEANUP], 701, 0
[CLEANUP], 702, 0
[CLEANUP], 703, 0
[CLEANUP], 704, 0
[CLEANUP], 705, 0
[CLEANUP], 706, 0
[CLEANUP], 707, 0
[CLEANUP], 708, 0
[CLEANUP], 709, 0
[CLEANUP], 710, 0
[CLEANUP], 711, 0
[CLEANUP], 712, 0
[CLEANUP], 713, 0
[CLEANUP], 714, 0
[CLEANUP], 715, 0
[CLEANUP], 716, 0
[CLEANUP], 717, 0
[CLEANUP], 718, 0
[CLEANUP], 719, 0
[CLEANUP], 720, 0
[CLEANUP], 721, 0
[CLEANUP], 722, 0
[CLEANUP], 723, 0
[CLEANUP], 724, 0
[CLEANUP], 725, 0
[CLEANUP], 726, 0
[CLEANUP], 727, 0
[CLEANUP], 728, 0
[CLEANUP], 729, 0
[CLEANUP], 730, 0
[CLEANUP], 731, 0
[CLEANUP], 732, 0
[CLEANUP], 733, 0
[CLEANUP], 734, 0
[CLEANUP], 735, 0
[CLEANUP], 736, 0
[CLEANUP], 737, 0
[CLEANUP], 738, 0
[CLEANUP], 739, 0
[CLEANUP], 740, 0
[CLEANUP], 741, 0
[CLEANUP], 742, 0
[CLEANUP], 743, 0
[CLEANUP], 744, 0
[CLEANUP], 745, 0
[CLEANUP], 746, 0
[CLEANUP], 747, 0
[CLEANUP], 748, 0
[CLEANUP], 749, 0
[CLEANUP], 750, 0
[CLEANUP], 751, 0
[CLEANUP], 752, 0
[CLEANUP], 753, 0
[CLEANUP], 754, 0
[CLEANUP], 755, 0
[CLEANUP], 756, 0
[CLEANUP], 757, 0
[CLEANUP], 758, 0
[CLEANUP], 759, 0
[CLEANUP], 760, 0
[CLEANUP], 761, 0
[CLEANUP], 762, 0
[CLEANUP], 763, 0
[CLEANUP], 764, 0
[CLEANUP], 765, 0
[CLEANUP], 766, 0
[CLEANUP], 767, 0
[CLEANUP], 768, 0
[CLEANUP], 769, 0
[CLEANUP], 770, 0
[CLEANUP], 771, 0
[CLEANUP], 772, 0
[CLEANUP], 773, 0
[CLEANUP], 774, 0
[CLEANUP], 775, 0
[CLEANUP], 776, 0
[CLEANUP], 777, 0
[CLEANUP], 778, 0
[CLEANUP], 779, 0
[CLEANUP], 780, 0
[CLEANUP], 781, 0
[CLEANUP], 782, 0
[CLEANUP], 783, 0
[CLEANUP], 784, 0
[CLEANUP], 785, 0
[CLEANUP], 786, 0
[CLEANUP], 787, 0
[CLEANUP], 788, 0
[CLEANUP], 789, 0
[CLEANUP], 790, 0
[CLEANUP], 791, 0
[CLEANUP], 792, 0
[CLEANUP], 793, 0
[CLEANUP], 794, 0
[CLEANUP], 795, 0
[CLEANUP], 796, 0
[CLEANUP], 797, 0
[CLEANUP], 798, 0
[CLEANUP], 799, 0
[CLEANUP], 800, 0
[CLEANUP], 801, 0
[CLEANUP], 802, 0
[CLEANUP], 803, 0
[CLEANUP], 804, 0
[CLEANUP], 805, 0
[CLEANUP], 806, 0
[CLEANUP], 807, 0
[CLEANUP], 808, 0
[CLEANUP], 809, 0
[CLEANUP], 810, 0
[CLEANUP], 811, 0
[CLEANUP], 812, 0
[CLEANUP], 813, 0
[CLEANUP], 814, 0
[CLEANUP], 815, 0
[CLEANUP], 816, 0
[CLEANUP], 817, 0
[CLEANUP], 818, 0
[CLEANUP], 819, 0
[CLEANUP], 820, 0
[CLEANUP], 821, 0
[CLEANUP], 822, 0
[CLEANUP], 823, 0
[CLEANUP], 824, 0
[CLEANUP], 825, 0
[CLEANUP], 826, 0
[CLEANUP], 827, 0
[CLEANUP], 828, 0
[CLEANUP], 829, 0
[CLEANUP], 830, 0
[CLEANUP], 831, 0
[CLEANUP], 832, 0
[CLEANUP], 833, 0
[CLEANUP], 834, 0
[CLEANUP], 835, 0
[CLEANUP], 836, 0
[CLEANUP], 837, 0
[CLEANUP], 838, 0
[CLEANUP], 839, 0
[CLEANUP], 840, 0
[CLEANUP], 841, 0
[CLEANUP], 842, 0
[CLEANUP], 843, 0
[CLEANUP], 844, 0
[CLEANUP], 845, 0
[CLEANUP], 846, 0
[CLEANUP], 847, 0
[CLEANUP], 848, 0
[CLEANUP], 849, 0
[CLEANUP], 850, 0
[CLEANUP], 851, 0
[CLEANUP], 852, 0
[CLEANUP], 853, 0
[CLEANUP], 854, 0
[CLEANUP], 855, 0
[CLEANUP], 856, 0
[CLEANUP], 857, 0
[CLEANUP], 858, 0
[CLEANUP], 859, 0
[CLEANUP], 860, 0
[CLEANUP], 861, 0
[CLEANUP], 862, 0
[CLEANUP], 863, 0
[CLEANUP], 864, 0
[CLEANUP], 865, 0
[CLEANUP], 866, 0
[CLEANUP], 867, 0
[CLEANUP], 868, 0
[CLEANUP], 869, 0
[CLEANUP], 870, 0
[CLEANUP], 871, 0
[CLEANUP], 872, 0
[CLEANUP], 873, 0
[CLEANUP], 874, 0
[CLEANUP], 875, 0
[CLEANUP], 876, 0
[CLEANUP], 877, 0
[CLEANUP], 878, 0
[CLEANUP], 879, 0
[CLEANUP], 880, 0
[CLEANUP], 881, 0
[CLEANUP], 882, 0
[CLEANUP], 883, 0
[CLEANUP], 884, 0
[CLEANUP], 885, 0
[CLEANUP], 886, 0
[CLEANUP], 887, 0
[CLEANUP], 888, 0
[CLEANUP], 889, 0
[CLEANUP], 890, 0
[CLEANUP], 891, 0
[CLEANUP], 892, 0
[CLEANUP], 893, 0
[CLEANUP], 894, 0
[CLEANUP], 895, 0
[CLEANUP], 896, 0
[CLEANUP], 897, 0
[CLEANUP], 898, 0
[CLEANUP], 899, 0
[CLEANUP], 900, 0
[CLEANUP], 901, 0
[CLEANUP], 902, 0
[CLEANUP], 903, 0
[CLEANUP], 904, 0
[CLEANUP], 905, 0
[CLEANUP], 906, 0
[CLEANUP], 907, 0
[CLEANUP], 908, 0
[CLEANUP], 909, 0
[CLEANUP], 910, 0
[CLEANUP], 911, 0
[CLEANUP], 912, 0
[CLEANUP], 913, 0
[CLEANUP], 914, 0
[CLEANUP], 915, 0
[CLEANUP], 916, 0
[CLEANUP], 917, 0
[CLEANUP], 918, 0
[CLEANUP], 919, 0
[CLEANUP], 920, 0
[CLEANUP], 921, 0
[CLEANUP], 922, 0
[CLEANUP], 923, 0
[CLEANUP], 924, 0
[CLEANUP], 925, 0
[CLEANUP], 926, 0
[CLEANUP], 927, 0
[CLEANUP], 928, 0
[CLEANUP], 929, 0
[CLEANUP], 930, 0
[CLEANUP], 931, 0
[CLEANUP], 932, 0
[CLEANUP], 933, 0
[CLEANUP], 934, 0
[CLEANUP], 935, 0
[CLEANUP], 936, 0
[CLEANUP], 937, 0
[CLEANUP], 938, 0
[CLEANUP], 939, 0
[CLEANUP], 940, 0
[CLEANUP], 941, 0
[CLEANUP], 942, 0
[CLEANUP], 943, 0
[CLEANUP], 944, 0
[CLEANUP], 945, 0
[CLEANUP], 946, 0
[CLEANUP], 947, 0
[CLEANUP], 948, 0
[CLEANUP], 949, 0
[CLEANUP], 950, 0
[CLEANUP], 951, 0
[CLEANUP], 952, 0
[CLEANUP], 953, 0
[CLEANUP], 954, 0
[CLEANUP], 955, 0
[CLEANUP], 956, 0
[CLEANUP], 957, 0
[CLEANUP], 958, 0
[CLEANUP], 959, 0
[CLEANUP], 960, 0
[CLEANUP], 961, 0
[CLEANUP], 962, 0
[CLEANUP], 963, 0
[CLEANUP], 964, 0
[CLEANUP], 965, 0
[CLEANUP], 966, 0
[CLEANUP], 967, 0
[CLEANUP], 968, 0
[CLEANUP], 969, 0
[CLEANUP], 970, 0
[CLEANUP], 971, 0
[CLEANUP], 972, 0
[CLEANUP], 973, 0
[CLEANUP], 974, 0
[CLEANUP], 975, 0
[CLEANUP], 976, 0
[CLEANUP], 977, 0
[CLEANUP], 978, 0
[CLEANUP], 979, 0
[CLEANUP], 980, 0
[CLEANUP], 981, 0
[CLEANUP], 982, 0
[CLEANUP], 983, 0
[CLEANUP], 984, 0
[CLEANUP], 985, 0
[CLEANUP], 986, 0
[CLEANUP], 987, 0
[CLEANUP], 988, 0
[CLEANUP], 989, 0
[CLEANUP], 990, 0
[CLEANUP], 991, 0
[CLEANUP], 992, 0
[CLEANUP], 993, 0
[CLEANUP], 994, 0
[CLEANUP], 995, 0
[CLEANUP], 996, 0
[CLEANUP], 997, 0
[CLEANUP], 998, 0
[CLEANUP], 999, 0
[CLEANUP], >1000, 0
[UPDATE], Operations, 3123764
[UPDATE], AverageLatency(us), 28023.825901700642
[UPDATE], MinLatency(us), 1079
[UPDATE], MaxLatency(us), 2292788
[UPDATE], 95thPercentileLatency(ms), 46
[UPDATE], 99thPercentileLatency(ms), 522
[UPDATE], Return=0, 3123764
[UPDATE], 0, 0
[UPDATE], 1, 350162
[UPDATE], 2, 849600
[UPDATE], 3, 243612
[UPDATE], 4, 147496
[UPDATE], 5, 148953
[UPDATE], 6, 154912
[UPDATE], 7, 155496
[UPDATE], 8, 153143
[UPDATE], 9, 147697
[UPDATE], 10, 134704
[UPDATE], 11, 115616
[UPDATE], 12, 93130
[UPDATE], 13, 70924
[UPDATE], 14, 51145
[UPDATE], 15, 35191
[UPDATE], 16, 23121
[UPDATE], 17, 15100
[UPDATE], 18, 9764
[UPDATE], 19, 6774
[UPDATE], 20, 4601
[UPDATE], 21, 3298
[UPDATE], 22, 2694
[UPDATE], 23, 2610
[UPDATE], 24, 2981
[UPDATE], 25, 3670
[UPDATE], 26, 4518
[UPDATE], 27, 4837
[UPDATE], 28, 4734
[UPDATE], 29, 4383
[UPDATE], 30, 3686
[UPDATE], 31, 3002
[UPDATE], 32, 2540
[UPDATE], 33, 2015
[UPDATE], 34, 1697
[UPDATE], 35, 1477
[UPDATE], 36, 1268
[UPDATE], 37, 1043
[UPDATE], 38, 934
[UPDATE], 39, 865
[UPDATE], 40, 753
[UPDATE], 41, 790
[UPDATE], 42, 692
[UPDATE], 43, 635
[UPDATE], 44, 633
[UPDATE], 45, 534
[UPDATE], 46, 533
[UPDATE], 47, 512
[UPDATE], 48, 500
[UPDATE], 49, 486
[UPDATE], 50, 398
[UPDATE], 51, 396
[UPDATE], 52, 387
[UPDATE], 53, 392
[UPDATE], 54, 376
[UPDATE], 55, 400
[UPDATE], 56, 372
[UPDATE], 57, 357
[UPDATE], 58, 287
[UPDATE], 59, 331
[UPDATE], 60, 328
[UPDATE], 61, 314
[UPDATE], 62, 279
[UPDATE], 63, 280
[UPDATE], 64, 262
[UPDATE], 65, 210
[UPDATE], 66, 224
[UPDATE], 67, 187
[UPDATE], 68, 192
[UPDATE], 69, 189
[UPDATE], 70, 193
[UPDATE], 71, 197
[UPDATE], 72, 175
[UPDATE], 73, 179
[UPDATE], 74, 162
[UPDATE], 75, 154
[UPDATE], 76, 140
[UPDATE], 77, 155
[UPDATE], 78, 139
[UPDATE], 79, 131
[UPDATE], 80, 133
[UPDATE], 81, 152
[UPDATE], 82, 146
[UPDATE], 83, 122
[UPDATE], 84, 117
[UPDATE], 85, 107
[UPDATE], 86, 104
[UPDATE], 87, 109
[UPDATE], 88, 111
[UPDATE], 89, 110
[UPDATE], 90, 101
[UPDATE], 91, 108
[UPDATE], 92, 107
[UPDATE], 93, 90
[UPDATE], 94, 84
[UPDATE], 95, 84
[UPDATE], 96, 85
[UPDATE], 97, 80
[UPDATE], 98, 77
[UPDATE], 99, 76
[UPDATE], 100, 80
[UPDATE], 101, 82
[UPDATE], 102, 100
[UPDATE], 103, 76
[UPDATE], 104, 81
[UPDATE], 105, 65
[UPDATE], 106, 68
[UPDATE], 107, 71
[UPDATE], 108, 77
[UPDATE], 109, 81
[UPDATE], 110, 65
[UPDATE], 111, 68
[UPDATE], 112, 80
[UPDATE], 113, 68
[UPDATE], 114, 58
[UPDATE], 115, 64
[UPDATE], 116, 54
[UPDATE], 117, 61
[UPDATE], 118, 57
[UPDATE], 119, 50
[UPDATE], 120, 50
[UPDATE], 121, 52
[UPDATE], 122, 55
[UPDATE], 123, 54
[UPDATE], 124, 51
[UPDATE], 125, 62
[UPDATE], 126, 48
[UPDATE], 127, 61
[UPDATE], 128, 52
[UPDATE], 129, 53
[UPDATE], 130, 66
[UPDATE], 131, 64
[UPDATE], 132, 50
[UPDATE], 133, 39
[UPDATE], 134, 56
[UPDATE], 135, 43
[UPDATE], 136, 72
[UPDATE], 137, 52
[UPDATE], 138, 59
[UPDATE], 139, 58
[UPDATE], 140, 62
[UPDATE], 141, 59
[UPDATE], 142, 65
[UPDATE], 143, 61
[UPDATE], 144, 56
[UPDATE], 145, 53
[UPDATE], 146, 58
[UPDATE], 147, 45
[UPDATE], 148, 50
[UPDATE], 149, 53
[UPDATE], 150, 57
[UPDATE], 151, 71
[UPDATE], 152, 42
[UPDATE], 153, 65
[UPDATE], 154, 43
[UPDATE], 155, 52
[UPDATE], 156, 49
[UPDATE], 157, 43
[UPDATE], 158, 39
[UPDATE], 159, 44
[UPDATE], 160, 53
[UPDATE], 161, 50
[UPDATE], 162, 48
[UPDATE], 163, 31
[UPDATE], 164, 42
[UPDATE], 165, 47
[UPDATE], 166, 49
[UPDATE], 167, 44
[UPDATE], 168, 43
[UPDATE], 169, 41
[UPDATE], 170, 52
[UPDATE], 171, 46
[UPDATE], 172, 46
[UPDATE], 173, 39
[UPDATE], 174, 46
[UPDATE], 175, 51
[UPDATE], 176, 37
[UPDATE], 177, 43
[UPDATE], 178, 36
[UPDATE], 179, 39
[UPDATE], 180, 34
[UPDATE], 181, 40
[UPDATE], 182, 35
[UPDATE], 183, 35
[UPDATE], 184, 42
[UPDATE], 185, 42
[UPDATE], 186, 49
[UPDATE], 187, 50
[UPDATE], 188, 32
[UPDATE], 189, 44
[UPDATE], 190, 46
[UPDATE], 191, 39
[UPDATE], 192, 37
[UPDATE], 193, 32
[UPDATE], 194, 30
[UPDATE], 195, 30
[UPDATE], 196, 26
[UPDATE], 197, 45
[UPDATE], 198, 23
[UPDATE], 199, 21
[UPDATE], 200, 31
[UPDATE], 201, 25
[UPDATE], 202, 24
[UPDATE], 203, 34
[UPDATE], 204, 21
[UPDATE], 205, 25
[UPDATE], 206, 23
[UPDATE], 207, 20
[UPDATE], 208, 28
[UPDATE], 209, 30
[UPDATE], 210, 17
[UPDATE], 211, 24
[UPDATE], 212, 16
[UPDATE], 213, 22
[UPDATE], 214, 21
[UPDATE], 215, 17
[UPDATE], 216, 17
[UPDATE], 217, 13
[UPDATE], 218, 29
[UPDATE], 219, 20
[UPDATE], 220, 23
[UPDATE], 221, 18
[UPDATE], 222, 34
[UPDATE], 223, 16
[UPDATE], 224, 18
[UPDATE], 225, 21
[UPDATE], 226, 22
[UPDATE], 227, 20
[UPDATE], 228, 19
[UPDATE], 229, 29
[UPDATE], 230, 34
[UPDATE], 231, 40
[UPDATE], 232, 44
[UPDATE], 233, 30
[UPDATE], 234, 29
[UPDATE], 235, 35
[UPDATE], 236, 36
[UPDATE], 237, 25
[UPDATE], 238, 17
[UPDATE], 239, 19
[UPDATE], 240, 25
[UPDATE], 241, 13
[UPDATE], 242, 25
[UPDATE], 243, 23
[UPDATE], 244, 29
[UPDATE], 245, 39
[UPDATE], 246, 31
[UPDATE], 247, 33
[UPDATE], 248, 35
[UPDATE], 249, 46
[UPDATE], 250, 33
[UPDATE], 251, 37
[UPDATE], 252, 31
[UPDATE], 253, 27
[UPDATE], 254, 36
[UPDATE], 255, 36
[UPDATE], 256, 27
[UPDATE], 257, 26
[UPDATE], 258, 35
[UPDATE], 259, 42
[UPDATE], 260, 50
[UPDATE], 261, 35
[UPDATE], 262, 49
[UPDATE], 263, 50
[UPDATE], 264, 37
[UPDATE], 265, 37
[UPDATE], 266, 46
[UPDATE], 267, 42
[UPDATE], 268, 31
[UPDATE], 269, 27
[UPDATE], 270, 35
[UPDATE], 271, 38
[UPDATE], 272, 46
[UPDATE], 273, 40
[UPDATE], 274, 23
[UPDATE], 275, 23
[UPDATE], 276, 26
[UPDATE], 277, 30
[UPDATE], 278, 31
[UPDATE], 279, 32
[UPDATE], 280, 32
[UPDATE], 281, 47
[UPDATE], 282, 43
[UPDATE], 283, 29
[UPDATE], 284, 30
[UPDATE], 285, 45
[UPDATE], 286, 39
[UPDATE], 287, 50
[UPDATE], 288, 44
[UPDATE], 289, 42
[UPDATE], 290, 44
[UPDATE], 291, 61
[UPDATE], 292, 45
[UPDATE], 293, 39
[UPDATE], 294, 30
[UPDATE], 295, 29
[UPDATE], 296, 53
[UPDATE], 297, 46
[UPDATE], 298, 43
[UPDATE], 299, 47
[UPDATE], 300, 63
[UPDATE], 301, 43
[UPDATE], 302, 41
[UPDATE], 303, 54
[UPDATE], 304, 63
[UPDATE], 305, 50
[UPDATE], 306, 53
[UPDATE], 307, 50
[UPDATE], 308, 49
[UPDATE], 309, 53
[UPDATE], 310, 50
[UPDATE], 311, 45
[UPDATE], 312, 41
[UPDATE], 313, 39
[UPDATE], 314, 50
[UPDATE], 315, 63
[UPDATE], 316, 58
[UPDATE], 317, 67
[UPDATE], 318, 49
[UPDATE], 319, 59
[UPDATE], 320, 43
[UPDATE], 321, 48
[UPDATE], 322, 57
[UPDATE], 323, 50
[UPDATE], 324, 40
[UPDATE], 325, 54
[UPDATE], 326, 46
[UPDATE], 327, 50
[UPDATE], 328, 56
[UPDATE], 329, 51
[UPDATE], 330, 55
[UPDATE], 331, 63
[UPDATE], 332, 57
[UPDATE], 333, 68
[UPDATE], 334, 69
[UPDATE], 335, 81
[UPDATE], 336, 63
[UPDATE], 337, 83
[UPDATE], 338, 84
[UPDATE], 339, 85
[UPDATE], 340, 59
[UPDATE], 341, 74
[UPDATE], 342, 55
[UPDATE], 343, 60
[UPDATE], 344, 66
[UPDATE], 345, 45
[UPDATE], 346, 63
[UPDATE], 347, 57
[UPDATE], 348, 65
[UPDATE], 349, 56
[UPDATE], 350, 63
[UPDATE], 351, 53
[UPDATE], 352, 58
[UPDATE], 353, 64
[UPDATE], 354, 51
[UPDATE], 355, 51
[UPDATE], 356, 65
[UPDATE], 357, 64
[UPDATE], 358, 76
[UPDATE], 359, 61
[UPDATE], 360, 72
[UPDATE], 361, 58
[UPDATE], 362, 59
[UPDATE], 363, 61
[UPDATE], 364, 63
[UPDATE], 365, 68
[UPDATE], 366, 61
[UPDATE], 367, 49
[UPDATE], 368, 60
[UPDATE], 369, 55
[UPDATE], 370, 66
[UPDATE], 371, 49
[UPDATE], 372, 55
[UPDATE], 373, 74
[UPDATE], 374, 66
[UPDATE], 375, 64
[UPDATE], 376, 76
[UPDATE], 377, 89
[UPDATE], 378, 86
[UPDATE], 379, 86
[UPDATE], 380, 102
[UPDATE], 381, 120
[UPDATE], 382, 128
[UPDATE], 383, 141
[UPDATE], 384, 144
[UPDATE], 385, 137
[UPDATE], 386, 116
[UPDATE], 387, 126
[UPDATE], 388, 112
[UPDATE], 389, 144
[UPDATE], 390, 137
[UPDATE], 391, 183
[UPDATE], 392, 181
[UPDATE], 393, 206
[UPDATE], 394, 188
[UPDATE], 395, 205
[UPDATE], 396, 220
[UPDATE], 397, 230
[UPDATE], 398, 232
[UPDATE], 399, 224
[UPDATE], 400, 284
[UPDATE], 401, 303
[UPDATE], 402, 271
[UPDATE], 403, 299
[UPDATE], 404, 346
[UPDATE], 405, 321
[UPDATE], 406, 349
[UPDATE], 407, 357
[UPDATE], 408, 353
[UPDATE], 409, 379
[UPDATE], 410, 416
[UPDATE], 411, 438
[UPDATE], 412, 396
[UPDATE], 413, 452
[UPDATE], 414, 498
[UPDATE], 415, 522
[UPDATE], 416, 500
[UPDATE], 417, 505
[UPDATE], 418, 527
[UPDATE], 419, 546
[UPDATE], 420, 559
[UPDATE], 421, 567
[UPDATE], 422, 554
[UPDATE], 423, 584
[UPDATE], 424, 551
[UPDATE], 425, 574
[UPDATE], 426, 597
[UPDATE], 427, 612
[UPDATE], 428, 567
[UPDATE], 429, 579
[UPDATE], 430, 607
[UPDATE], 431, 570
[UPDATE], 432, 610
[UPDATE], 433, 638
[UPDATE], 434, 688
[UPDATE], 435, 744
[UPDATE], 436, 737
[UPDATE], 437, 712
[UPDATE], 438, 773
[UPDATE], 439, 780
[UPDATE], 440, 861
[UPDATE], 441, 905
[UPDATE], 442, 865
[UPDATE], 443, 834
[UPDATE], 444, 841
[UPDATE], 445, 766
[UPDATE], 446, 837
[UPDATE], 447, 823
[UPDATE], 448, 925
[UPDATE], 449, 862
[UPDATE], 450, 839
[UPDATE], 451, 865
[UPDATE], 452, 850
[UPDATE], 453, 951
[UPDATE], 454, 926
[UPDATE], 455, 868
[UPDATE], 456, 925
[UPDATE], 457, 959
[UPDATE], 458, 954
[UPDATE], 459, 897
[UPDATE], 460, 911
[UPDATE], 461, 914
[UPDATE], 462, 873
[UPDATE], 463, 903
[UPDATE], 464, 958
[UPDATE], 465, 870
[UPDATE], 466, 907
[UPDATE], 467, 901
[UPDATE], 468, 901
[UPDATE], 469, 833
[UPDATE], 470, 846
[UPDATE], 471, 773
[UPDATE], 472, 784
[UPDATE], 473, 834
[UPDATE], 474, 786
[UPDATE], 475, 856
[UPDATE], 476, 844
[UPDATE], 477, 811
[UPDATE], 478, 840
[UPDATE], 479, 812
[UPDATE], 480, 867
[UPDATE], 481, 871
[UPDATE], 482, 860
[UPDATE], 483, 909
[UPDATE], 484, 931
[UPDATE], 485, 936
[UPDATE], 486, 980
[UPDATE], 487, 991
[UPDATE], 488, 977
[UPDATE], 489, 1013
[UPDATE], 490, 1065
[UPDATE], 491, 976
[UPDATE], 492, 949
[UPDATE], 493, 977
[UPDATE], 494, 973
[UPDATE], 495, 965
[UPDATE], 496, 936
[UPDATE], 497, 1063
[UPDATE], 498, 892
[UPDATE], 499, 965
[UPDATE], 500, 918
[UPDATE], 501, 977
[UPDATE], 502, 1002
[UPDATE], 503, 1051
[UPDATE], 504, 926
[UPDATE], 505, 968
[UPDATE], 506, 1030
[UPDATE], 507, 985
[UPDATE], 508, 987
[UPDATE], 509, 1040
[UPDATE], 510, 1051
[UPDATE], 511, 1034
[UPDATE], 512, 1015
[UPDATE], 513, 1058
[UPDATE], 514, 1080
[UPDATE], 515, 1093
[UPDATE], 516, 1024
[UPDATE], 517, 999
[UPDATE], 518, 994
[UPDATE], 519, 941
[UPDATE], 520, 871
[UPDATE], 521, 835
[UPDATE], 522, 850
[UPDATE], 523, 910
[UPDATE], 524, 816
[UPDATE], 525, 901
[UPDATE], 526, 817
[UPDATE], 527, 820
[UPDATE], 528, 832
[UPDATE], 529, 750
[UPDATE], 530, 730
[UPDATE], 531, 649
[UPDATE], 532, 775
[UPDATE], 533, 732
[UPDATE], 534, 795
[UPDATE], 535, 699
[UPDATE], 536, 673
[UPDATE], 537, 695
[UPDATE], 538, 679
[UPDATE], 539, 654
[UPDATE], 540, 642
[UPDATE], 541, 535
[UPDATE], 542, 562
[UPDATE], 543, 536
[UPDATE], 544, 461
[UPDATE], 545, 527
[UPDATE], 546, 493
[UPDATE], 547, 498
[UPDATE], 548, 433
[UPDATE], 549, 459
[UPDATE], 550, 396
[UPDATE], 551, 424
[UPDATE], 552, 361
[UPDATE], 553, 338
[UPDATE], 554, 331
[UPDATE], 555, 271
[UPDATE], 556, 285
[UPDATE], 557, 249
[UPDATE], 558, 273
[UPDATE], 559, 243
[UPDATE], 560, 237
[UPDATE], 561, 219
[UPDATE], 562, 238
[UPDATE], 563, 226
[UPDATE], 564, 221
[UPDATE], 565, 240
[UPDATE], 566, 242
[UPDATE], 567, 184
[UPDATE], 568, 169
[UPDATE], 569, 181
[UPDATE], 570, 206
[UPDATE], 571, 203
[UPDATE], 572, 165
[UPDATE], 573, 160
[UPDATE], 574, 153
[UPDATE], 575, 219
[UPDATE], 576, 154
[UPDATE], 577, 135
[UPDATE], 578, 139
[UPDATE], 579, 130
[UPDATE], 580, 126
[UPDATE], 581, 122
[UPDATE], 582, 106
[UPDATE], 583, 100
[UPDATE], 584, 77
[UPDATE], 585, 75
[UPDATE], 586, 87
[UPDATE], 587, 73
[UPDATE], 588, 68
[UPDATE], 589, 82
[UPDATE], 590, 70
[UPDATE], 591, 85
[UPDATE], 592, 89
[UPDATE], 593, 67
[UPDATE], 594, 63
[UPDATE], 595, 65
[UPDATE], 596, 73
[UPDATE], 597, 64
[UPDATE], 598, 79
[UPDATE], 599, 94
[UPDATE], 600, 47
[UPDATE], 601, 46
[UPDATE], 602, 48
[UPDATE], 603, 51
[UPDATE], 604, 64
[UPDATE], 605, 55
[UPDATE], 606, 49
[UPDATE], 607, 58
[UPDATE], 608, 60
[UPDATE], 609, 50
[UPDATE], 610, 50
[UPDATE], 611, 43
[UPDATE], 612, 51
[UPDATE], 613, 38
[UPDATE], 614, 32
[UPDATE], 615, 39
[UPDATE], 616, 27
[UPDATE], 617, 34
[UPDATE], 618, 44
[UPDATE], 619, 37
[UPDATE], 620, 36
[UPDATE], 621, 30
[UPDATE], 622, 34
[UPDATE], 623, 45
[UPDATE], 624, 38
[UPDATE], 625, 20
[UPDATE], 626, 22
[UPDATE], 627, 32
[UPDATE], 628, 26
[UPDATE], 629, 27
[UPDATE], 630, 18
[UPDATE], 631, 17
[UPDATE], 632, 15
[UPDATE], 633, 17
[UPDATE], 634, 18
[UPDATE], 635, 23
[UPDATE], 636, 22
[UPDATE], 637, 33
[UPDATE], 638, 23
[UPDATE], 639, 32
[UPDATE], 640, 20
[UPDATE], 641, 20
[UPDATE], 642, 34
[UPDATE], 643, 16
[UPDATE], 644, 16
[UPDATE], 645, 21
[UPDATE], 646, 26
[UPDATE], 647, 25
[UPDATE], 648, 19
[UPDATE], 649, 28
[UPDATE], 650, 34
[UPDATE], 651, 18
[UPDATE], 652, 33
[UPDATE], 653, 18
[UPDATE], 654, 15
[UPDATE], 655, 43
[UPDATE], 656, 35
[UPDATE], 657, 33
[UPDATE], 658, 39
[UPDATE], 659, 34
[UPDATE], 660, 23
[UPDATE], 661, 17
[UPDATE], 662, 12
[UPDATE], 663, 22
[UPDATE], 664, 14
[UPDATE], 665, 12
[UPDATE], 666, 10
[UPDATE], 667, 12
[UPDATE], 668, 7
[UPDATE], 669, 9
[UPDATE], 670, 22
[UPDATE], 671, 9
[UPDATE], 672, 4
[UPDATE], 673, 4
[UPDATE], 674, 5
[UPDATE], 675, 4
[UPDATE], 676, 15
[UPDATE], 677, 4
[UPDATE], 678, 6
[UPDATE], 679, 14
[UPDATE], 680, 6
[UPDATE], 681, 9
[UPDATE], 682, 9
[UPDATE], 683, 7
[UPDATE], 684, 9
[UPDATE], 685, 8
[UPDATE], 686, 4
[UPDATE], 687, 7
[UPDATE], 688, 6
[UPDATE], 689, 9
[UPDATE], 690, 9
[UPDATE], 691, 14
[UPDATE], 692, 9
[UPDATE], 693, 10
[UPDATE], 694, 9
[UPDATE], 695, 7
[UPDATE], 696, 6
[UPDATE], 697, 12
[UPDATE], 698, 5
[UPDATE], 699, 3
[UPDATE], 700, 5
[UPDATE], 701, 10
[UPDATE], 702, 3
[UPDATE], 703, 3
[UPDATE], 704, 1
[UPDATE], 705, 5
[UPDATE], 706, 2
[UPDATE], 707, 2
[UPDATE], 708, 2
[UPDATE], 709, 4
[UPDATE], 710, 5
[UPDATE], 711, 2
[UPDATE], 712, 6
[UPDATE], 713, 2
[UPDATE], 714, 2
[UPDATE], 715, 4
[UPDATE], 716, 8
[UPDATE], 717, 2
[UPDATE], 718, 14
[UPDATE], 719, 12
[UPDATE], 720, 9
[UPDATE], 721, 9
[UPDATE], 722, 13
[UPDATE], 723, 8
[UPDATE], 724, 11
[UPDATE], 725, 10
[UPDATE], 726, 14
[UPDATE], 727, 5
[UPDATE], 728, 8
[UPDATE], 729, 8
[UPDATE], 730, 7
[UPDATE], 731, 13
[UPDATE], 732, 15
[UPDATE], 733, 13
[UPDATE], 734, 7
[UPDATE], 735, 10
[UPDATE], 736, 8
[UPDATE], 737, 6
[UPDATE], 738, 5
[UPDATE], 739, 7
[UPDATE], 740, 4
[UPDATE], 741, 6
[UPDATE], 742, 3
[UPDATE], 743, 3
[UPDATE], 744, 6
[UPDATE], 745, 2
[UPDATE], 746, 2
[UPDATE], 747, 3
[UPDATE], 748, 1
[UPDATE], 749, 2
[UPDATE], 750, 3
[UPDATE], 751, 0
[UPDATE], 752, 3
[UPDATE], 753, 1
[UPDATE], 754, 0
[UPDATE], 755, 2
[UPDATE], 756, 1
[UPDATE], 757, 1
[UPDATE], 758, 2
[UPDATE], 759, 2
[UPDATE], 760, 1
[UPDATE], 761, 0
[UPDATE], 762, 1
[UPDATE], 763, 0
[UPDATE], 764, 3
[UPDATE], 765, 2
[UPDATE], 766, 2
[UPDATE], 767, 2
[UPDATE], 768, 0
[UPDATE], 769, 6
[UPDATE], 770, 4
[UPDATE], 771, 0
[UPDATE], 772, 1
[UPDATE], 773, 3
[UPDATE], 774, 2
[UPDATE], 775, 1
[UPDATE], 776, 6
[UPDATE], 777, 3
[UPDATE], 778, 1
[UPDATE], 779, 2
[UPDATE], 780, 2
[UPDATE], 781, 2
[UPDATE], 782, 1
[UPDATE], 783, 4
[UPDATE], 784, 1
[UPDATE], 785, 0
[UPDATE], 786, 1
[UPDATE], 787, 2
[UPDATE], 788, 3
[UPDATE], 789, 3
[UPDATE], 790, 2
[UPDATE], 791, 2
[UPDATE], 792, 4
[UPDATE], 793, 3
[UPDATE], 794, 5
[UPDATE], 795, 4
[UPDATE], 796, 3
[UPDATE], 797, 3
[UPDATE], 798, 1
[UPDATE], 799, 2
[UPDATE], 800, 1
[UPDATE], 801, 2
[UPDATE], 802, 1
[UPDATE], 803, 0
[UPDATE], 804, 1
[UPDATE], 805, 3
[UPDATE], 806, 4
[UPDATE], 807, 6
[UPDATE], 808, 3
[UPDATE], 809, 3
[UPDATE], 810, 2
[UPDATE], 811, 3
[UPDATE], 812, 4
[UPDATE], 813, 5
[UPDATE], 814, 1
[UPDATE], 815, 6
[UPDATE], 816, 3
[UPDATE], 817, 2
[UPDATE], 818, 6
[UPDATE], 819, 5
[UPDATE], 820, 7
[UPDATE], 821, 5
[UPDATE], 822, 7
[UPDATE], 823, 7
[UPDATE], 824, 3
[UPDATE], 825, 7
[UPDATE], 826, 9
[UPDATE], 827, 5
[UPDATE], 828, 6
[UPDATE], 829, 6
[UPDATE], 830, 5
[UPDATE], 831, 5
[UPDATE], 832, 2
[UPDATE], 833, 8
[UPDATE], 834, 3
[UPDATE], 835, 8
[UPDATE], 836, 5
[UPDATE], 837, 10
[UPDATE], 838, 9
[UPDATE], 839, 4
[UPDATE], 840, 4
[UPDATE], 841, 2
[UPDATE], 842, 3
[UPDATE], 843, 2
[UPDATE], 844, 5
[UPDATE], 845, 5
[UPDATE], 846, 4
[UPDATE], 847, 8
[UPDATE], 848, 8
[UPDATE], 849, 2
[UPDATE], 850, 8
[UPDATE], 851, 5
[UPDATE], 852, 3
[UPDATE], 853, 3
[UPDATE], 854, 7
[UPDATE], 855, 3
[UPDATE], 856, 1
[UPDATE], 857, 4
[UPDATE], 858, 0
[UPDATE], 859, 5
[UPDATE], 860, 4
[UPDATE], 861, 2
[UPDATE], 862, 4
[UPDATE], 863, 6
[UPDATE], 864, 4
[UPDATE], 865, 5
[UPDATE], 866, 5
[UPDATE], 867, 6
[UPDATE], 868, 5
[UPDATE], 869, 1
[UPDATE], 870, 1
[UPDATE], 871, 2
[UPDATE], 872, 2
[UPDATE], 873, 5
[UPDATE], 874, 1
[UPDATE], 875, 7
[UPDATE], 876, 6
[UPDATE], 877, 3
[UPDATE], 878, 9
[UPDATE], 879, 4
[UPDATE], 880, 4
[UPDATE], 881, 1
[UPDATE], 882, 5
[UPDATE], 883, 4
[UPDATE], 884, 2
[UPDATE], 885, 3
[UPDATE], 886, 8
[UPDATE], 887, 4
[UPDATE], 888, 2
[UPDATE], 889, 7
[UPDATE], 890, 7
[UPDATE], 891, 1
[UPDATE], 892, 3
[UPDATE], 893, 5
[UPDATE], 894, 2
[UPDATE], 895, 2
[UPDATE], 896, 1
[UPDATE], 897, 4
[UPDATE], 898, 4
[UPDATE], 899, 5
[UPDATE], 900, 7
[UPDATE], 901, 3
[UPDATE], 902, 5
[UPDATE], 903, 5
[UPDATE], 904, 6
[UPDATE], 905, 3
[UPDATE], 906, 6
[UPDATE], 907, 4
[UPDATE], 908, 2
[UPDATE], 909, 5
[UPDATE], 910, 4
[UPDATE], 911, 4
[UPDATE], 912, 4
[UPDATE], 913, 4
[UPDATE], 914, 4
[UPDATE], 915, 4
[UPDATE], 916, 5
[UPDATE], 917, 2
[UPDATE], 918, 5
[UPDATE], 919, 4
[UPDATE], 920, 2
[UPDATE], 921, 1
[UPDATE], 922, 2
[UPDATE], 923, 0
[UPDATE], 924, 0
[UPDATE], 925, 2
[UPDATE], 926, 2
[UPDATE], 927, 1
[UPDATE], 928, 3
[UPDATE], 929, 3
[UPDATE], 930, 1
[UPDATE], 931, 5
[UPDATE], 932, 3
[UPDATE], 933, 3
[UPDATE], 934, 2
[UPDATE], 935, 5
[UPDATE], 936, 4
[UPDATE], 937, 7
[UPDATE], 938, 4
[UPDATE], 939, 5
[UPDATE], 940, 3
[UPDATE], 941, 5
[UPDATE], 942, 4
[UPDATE], 943, 3
[UPDATE], 944, 4
[UPDATE], 945, 4
[UPDATE], 946, 9
[UPDATE], 947, 11
[UPDATE], 948, 6
[UPDATE], 949, 4
[UPDATE], 950, 3
[UPDATE], 951, 5
[UPDATE], 952, 9
[UPDATE], 953, 7
[UPDATE], 954, 7
[UPDATE], 955, 5
[UPDATE], 956, 9
[UPDATE], 957, 3
[UPDATE], 958, 2
[UPDATE], 959, 4
[UPDATE], 960, 3
[UPDATE], 961, 4
[UPDATE], 962, 8
[UPDATE], 963, 2
[UPDATE], 964, 4
[UPDATE], 965, 8
[UPDATE], 966, 3
[UPDATE], 967, 5
[UPDATE], 968, 5
[UPDATE], 969, 2
[UPDATE], 970, 11
[UPDATE], 971, 1
[UPDATE], 972, 4
[UPDATE], 973, 5
[UPDATE], 974, 5
[UPDATE], 975, 6
[UPDATE], 976, 6
[UPDATE], 977, 4
[UPDATE], 978, 10
[UPDATE], 979, 4
[UPDATE], 980, 2
[UPDATE], 981, 1
[UPDATE], 982, 2
[UPDATE], 983, 0
[UPDATE], 984, 4
[UPDATE], 985, 1
[UPDATE], 986, 3
[UPDATE], 987, 1
[UPDATE], 988, 4
[UPDATE], 989, 0
[UPDATE], 990, 1
[UPDATE], 991, 2
[UPDATE], 992, 2
[UPDATE], 993, 2
[UPDATE], 994, 1
[UPDATE], 995, 1
[UPDATE], 996, 2
[UPDATE], 997, 1
[UPDATE], 998, 0
[UPDATE], 999, 3
[UPDATE], >1000, 499
java -cp /root/YCSB/rethinkdb/rethinkdb-0.5-b1.jar:/root/YCSB/rethinkdb/target/rethinkdb-binding-0.1.4.jar:/root/YCSB/rethinkdb/target/archive-tmp/rethinkdb-binding-0.1.4.jar:/root/YCSB/core/target/core-0.1.4.jar:/root/YCSB/infinispan/src/main/conf:/root/YCSB/hbase/src/main/conf:/root/YCSB/dynamodb/conf:/root/YCSB/jdbc/src/main/conf:/root/YCSB/nosqldb/src/main/conf:/root/YCSB/voldemort/src/main/conf:/root/YCSB/gemfire/src/main/conf com.yahoo.ycsb.Client -db com.yahoo.ycsb.db.RethinkDBClient -P /root/YCSB/workloads/workloada -p operationcount=6250000 -p recordcount=25000000 -p rethinkdb.host=104.130.19.35,104.130.19.33,104.130.19.31,104.130.19.30,104.130.19.228,104.130.19.225,104.130.19.223,104.130.19.226,104.130.19.221,104.130.19.22,104.130.19.222,104.130.21.31 -p rethinkdb.port=28015 -p rethinkdb.durability=hard -threads 192 -t
